// morgan logs
::1 - - [23/Jan/2020:05:31:03 +0000] "GET /api/v1/news/country/in/category/Business/page/1 HTTP/1.1" 304 - "http://localhost:3000/" "Mozilla/5.0 (Windows NT 10.0; Win64; x64) AppleWebKit/537.36 (KHTML, like Gecko) Chrome/79.0.3945.130 Safari/537.36"
::1 - - [23/Jan/2020:05:31:05 +0000] "GET /api/v1/news/country/in/category/Business/page/1 HTTP/1.1" 304 - "http://localhost:3000/" "Mozilla/5.0 (Windows NT 10.0; Win64; x64) AppleWebKit/537.36 (KHTML, like Gecko) Chrome/79.0.3945.130 Safari/537.36"
::1 - - [23/Jan/2020:05:31:12 +0000] "GET /pgcollection/v1/news/fetchNews HTTP/1.1" 200 2639 "http://localhost:3000/" "Mozilla/5.0 (Windows NT 10.0; Win64; x64) AppleWebKit/537.36 (KHTML, like Gecko) Chrome/79.0.3945.130 Safari/537.36"
::1 - - [23/Jan/2020:05:31:58 +0000] "OPTIONS /pgcollection/v1/news/deleteNews HTTP/1.1" 204 0 "http://localhost:3000/" "Mozilla/5.0 (Windows NT 10.0; Win64; x64) AppleWebKit/537.36 (KHTML, like Gecko) Chrome/79.0.3945.130 Safari/537.36"
::1 - - [23/Jan/2020:05:31:59 +0000] "DELETE /pgcollection/v1/news/deleteNews HTTP/1.1" 200 16 "http://localhost:3000/" "Mozilla/5.0 (Windows NT 10.0; Win64; x64) AppleWebKit/537.36 (KHTML, like Gecko) Chrome/79.0.3945.130 Safari/537.36"
::1 - - [23/Jan/2020:05:31:59 +0000] "GET /pgcollection/v1/news/fetchNews HTTP/1.1" 200 1985 "http://localhost:3000/" "Mozilla/5.0 (Windows NT 10.0; Win64; x64) AppleWebKit/537.36 (KHTML, like Gecko) Chrome/79.0.3945.130 Safari/537.36"
::1 - - [23/Jan/2020:05:32:01 +0000] "DELETE /pgcollection/v1/news/deleteNews HTTP/1.1" 200 16 "http://localhost:3000/" "Mozilla/5.0 (Windows NT 10.0; Win64; x64) AppleWebKit/537.36 (KHTML, like Gecko) Chrome/79.0.3945.130 Safari/537.36"
::1 - - [23/Jan/2020:05:32:01 +0000] "GET /pgcollection/v1/news/fetchNews HTTP/1.1" 200 1499 "http://localhost:3000/" "Mozilla/5.0 (Windows NT 10.0; Win64; x64) AppleWebKit/537.36 (KHTML, like Gecko) Chrome/79.0.3945.130 Safari/537.36"
::1 - - [23/Jan/2020:05:32:02 +0000] "DELETE /pgcollection/v1/news/deleteNews HTTP/1.1" 200 16 "http://localhost:3000/" "Mozilla/5.0 (Windows NT 10.0; Win64; x64) AppleWebKit/537.36 (KHTML, like Gecko) Chrome/79.0.3945.130 Safari/537.36"
::1 - - [23/Jan/2020:05:32:02 +0000] "GET /pgcollection/v1/news/fetchNews HTTP/1.1" 200 816 "http://localhost:3000/" "Mozilla/5.0 (Windows NT 10.0; Win64; x64) AppleWebKit/537.36 (KHTML, like Gecko) Chrome/79.0.3945.130 Safari/537.36"
::1 - - [23/Jan/2020:05:32:03 +0000] "OPTIONS /pgcollection/v1/news/deleteNews HTTP/1.1" 204 0 "http://localhost:3000/" "Mozilla/5.0 (Windows NT 10.0; Win64; x64) AppleWebKit/537.36 (KHTML, like Gecko) Chrome/79.0.3945.130 Safari/537.36"
::1 - - [23/Jan/2020:05:32:03 +0000] "DELETE /pgcollection/v1/news/deleteNews HTTP/1.1" 200 16 "http://localhost:3000/" "Mozilla/5.0 (Windows NT 10.0; Win64; x64) AppleWebKit/537.36 (KHTML, like Gecko) Chrome/79.0.3945.130 Safari/537.36"
::1 - - [23/Jan/2020:05:32:03 +0000] "GET /pgcollection/v1/news/fetchNews HTTP/1.1" 200 26 "http://localhost:3000/" "Mozilla/5.0 (Windows NT 10.0; Win64; x64) AppleWebKit/537.36 (KHTML, like Gecko) Chrome/79.0.3945.130 Safari/537.36"
::1 - - [23/Jan/2020:05:32:10 +0000] "GET /api/v1/news/country/in/category/science/page/1 HTTP/1.1" 200 5977 "http://localhost:3000/" "Mozilla/5.0 (Windows NT 10.0; Win64; x64) AppleWebKit/537.36 (KHTML, like Gecko) Chrome/79.0.3945.130 Safari/537.36"
::1 - - [23/Jan/2020:05:32:12 +0000] "GET /api/v1/news/country/ch/category/science/page/1 HTTP/1.1" 200 5580 "http://localhost:3000/" "Mozilla/5.0 (Windows NT 10.0; Win64; x64) AppleWebKit/537.36 (KHTML, like Gecko) Chrome/79.0.3945.130 Safari/537.36"
::1 - - [23/Jan/2020:05:32:15 +0000] "GET /api/v1/news/country/ch/category/science/page/1 HTTP/1.1" 304 - "http://localhost:3000/" "Mozilla/5.0 (Windows NT 10.0; Win64; x64) AppleWebKit/537.36 (KHTML, like Gecko) Chrome/79.0.3945.130 Safari/537.36"
::1 - - [23/Jan/2020:05:32:19 +0000] "GET /api/v1/news/country/in/category/science/page/1 HTTP/1.1" 304 - "http://localhost:3000/" "Mozilla/5.0 (Windows NT 10.0; Win64; x64) AppleWebKit/537.36 (KHTML, like Gecko) Chrome/79.0.3945.130 Safari/537.36"
::1 - - [23/Jan/2020:05:33:37 +0000] "GET /api/v1/news/country/in/category/sports/page/1 HTTP/1.1" 200 6073 "http://localhost:3000/" "Mozilla/5.0 (Windows NT 10.0; Win64; x64) AppleWebKit/537.36 (KHTML, like Gecko) Chrome/79.0.3945.130 Safari/537.36"
::1 - - [23/Jan/2020:05:33:45 +0000] "OPTIONS /pgcollection/v1/news/postNews HTTP/1.1" 204 0 "http://localhost:3000/" "Mozilla/5.0 (Windows NT 10.0; Win64; x64) AppleWebKit/537.36 (KHTML, like Gecko) Chrome/79.0.3945.130 Safari/537.36"
::1 - - [23/Jan/2020:05:33:45 +0000] "POST /pgcollection/v1/news/postNews HTTP/1.1" 200 16 "http://localhost:3000/" "Mozilla/5.0 (Windows NT 10.0; Win64; x64) AppleWebKit/537.36 (KHTML, like Gecko) Chrome/79.0.3945.130 Safari/537.36"
::1 - - [23/Jan/2020:05:34:04 +0000] "GET /api/v1/news/country/in/category/sports/page/2 HTTP/1.1" 200 5660 "http://localhost:3000/" "Mozilla/5.0 (Windows NT 10.0; Win64; x64) AppleWebKit/537.36 (KHTML, like Gecko) Chrome/79.0.3945.130 Safari/537.36"
::1 - - [23/Jan/2020:05:36:28 +0000] "GET /pgcollection/v1/news/fetchNews HTTP/1.1" 200 701 "http://localhost:3000/" "Mozilla/5.0 (Windows NT 10.0; Win64; x64) AppleWebKit/537.36 (KHTML, like Gecko) Chrome/79.0.3945.130 Safari/537.36"
