{"message":"::1 - - [31/Jan/2020:13:39:49 +0000] \"OPTIONS /api/v1/news/country/in/category/Business/page/1 HTTP/1.1\" 204 0 \"http://localhost:3000/Home\" \"Mozilla/5.0 (Windows NT 10.0; Win64; x64) AppleWebKit/537.36 (KHTML, like Gecko) Chrome/79.0.3945.130 Safari/537.36\"\n","level":"info"}
{"message":"::1 - - [31/Jan/2020:13:39:51 +0000] \"GET /api/v1/news/country/in/category/Business/page/1 HTTP/1.1\" 304 - \"http://localhost:3000/Home\" \"Mozilla/5.0 (Windows NT 10.0; Win64; x64) AppleWebKit/537.36 (KHTML, like Gecko) Chrome/79.0.3945.130 Safari/537.36\"\n","level":"info"}
{"message":"::1 - - [31/Jan/2020:13:39:51 +0000] \"OPTIONS /api/userdetails/fetch HTTP/1.1\" 204 0 \"http://localhost:3000/Home\" \"Mozilla/5.0 (Windows NT 10.0; Win64; x64) AppleWebKit/537.36 (KHTML, like Gecko) Chrome/79.0.3945.130 Safari/537.36\"\n","level":"info"}
{"message":"::1 - - [31/Jan/2020:13:39:52 +0000] \"GET /api/userdetails/fetch HTTP/1.1\" 304 - \"http://localhost:3000/Home\" \"Mozilla/5.0 (Windows NT 10.0; Win64; x64) AppleWebKit/537.36 (KHTML, like Gecko) Chrome/79.0.3945.130 Safari/537.36\"\n","level":"info"}
{"message":"::1 - - [31/Jan/2020:13:39:52 +0000] \"GET /api/v1/news/country/in/category/Business/page/1 HTTP/1.1\" 304 - \"http://localhost:3000/Home\" \"Mozilla/5.0 (Windows NT 10.0; Win64; x64) AppleWebKit/537.36 (KHTML, like Gecko) Chrome/79.0.3945.130 Safari/537.36\"\n","level":"info"}
{"message":"::1 - - [31/Jan/2020:13:39:53 +0000] \"GET /api/userdetails/fetch HTTP/1.1\" 304 - \"http://localhost:3000/Home\" \"Mozilla/5.0 (Windows NT 10.0; Win64; x64) AppleWebKit/537.36 (KHTML, like Gecko) Chrome/79.0.3945.130 Safari/537.36\"\n","level":"info"}
{"message":"::1 - - [31/Jan/2020:13:39:59 +0000] \"OPTIONS /api/v1/news/country/in/category/Business/page/1 HTTP/1.1\" 204 0 \"http://localhost:3000/Home\" \"Mozilla/5.0 (Windows NT 10.0; Win64; x64) AppleWebKit/537.36 (KHTML, like Gecko) Chrome/79.0.3945.130 Safari/537.36\"\n","level":"info"}
{"message":"::1 - - [31/Jan/2020:13:39:59 +0000] \"OPTIONS /api/v1/news/country/in/category/Business/page/1 HTTP/1.1\" 204 0 \"http://localhost:3000/Home\" \"Mozilla/5.0 (Windows NT 10.0; Win64; x64) AppleWebKit/537.36 (KHTML, like Gecko) Chrome/79.0.3945.130 Safari/537.36\"\n","level":"info"}
{"message":"::1 - - [31/Jan/2020:13:40:00 +0000] \"GET /api/v1/news/country/in/category/Business/page/1 HTTP/1.1\" 304 - \"http://localhost:3000/Home\" \"Mozilla/5.0 (Windows NT 10.0; Win64; x64) AppleWebKit/537.36 (KHTML, like Gecko) Chrome/79.0.3945.130 Safari/537.36\"\n","level":"info"}
{"message":"::1 - - [31/Jan/2020:13:40:01 +0000] \"OPTIONS /api/userdetails/fetch HTTP/1.1\" 204 0 \"http://localhost:3000/Home\" \"Mozilla/5.0 (Windows NT 10.0; Win64; x64) AppleWebKit/537.36 (KHTML, like Gecko) Chrome/79.0.3945.130 Safari/537.36\"\n","level":"info"}
{"message":"::1 - - [31/Jan/2020:13:40:02 +0000] \"GET /api/userdetails/fetch HTTP/1.1\" 304 - \"http://localhost:3000/Home\" \"Mozilla/5.0 (Windows NT 10.0; Win64; x64) AppleWebKit/537.36 (KHTML, like Gecko) Chrome/79.0.3945.130 Safari/537.36\"\n","level":"info"}
{"message":"::1 - - [31/Jan/2020:13:40:02 +0000] \"GET /api/v1/news/country/in/category/Business/page/1 HTTP/1.1\" 304 - \"http://localhost:3000/Home\" \"Mozilla/5.0 (Windows NT 10.0; Win64; x64) AppleWebKit/537.36 (KHTML, like Gecko) Chrome/79.0.3945.130 Safari/537.36\"\n","level":"info"}
{"message":"::1 - - [31/Jan/2020:13:40:03 +0000] \"GET /api/userdetails/fetch HTTP/1.1\" 304 - \"http://localhost:3000/Home\" \"Mozilla/5.0 (Windows NT 10.0; Win64; x64) AppleWebKit/537.36 (KHTML, like Gecko) Chrome/79.0.3945.130 Safari/537.36\"\n","level":"info"}
{"message":"::1 - - [31/Jan/2020:13:40:03 +0000] \"GET /api/userdetails/fetch HTTP/1.1\" 304 - \"http://localhost:3000/Home\" \"Mozilla/5.0 (Windows NT 10.0; Win64; x64) AppleWebKit/537.36 (KHTML, like Gecko) Chrome/79.0.3945.130 Safari/537.36\"\n","level":"info"}
{"message":"::1 - - [31/Jan/2020:13:40:04 +0000] \"OPTIONS /logs/getUserActivity HTTP/1.1\" 204 0 \"http://localhost:3000/Home\" \"Mozilla/5.0 (Windows NT 10.0; Win64; x64) AppleWebKit/537.36 (KHTML, like Gecko) Chrome/79.0.3945.130 Safari/537.36\"\n","level":"info"}
{"message":"::1 - - [31/Jan/2020:13:40:04 +0000] \"GET /logs/getUserActivity HTTP/1.1\" 304 - \"http://localhost:3000/Home\" \"Mozilla/5.0 (Windows NT 10.0; Win64; x64) AppleWebKit/537.36 (KHTML, like Gecko) Chrome/79.0.3945.130 Safari/537.36\"\n","level":"info"}
{"message":"::1 - - [31/Jan/2020:13:40:22 +0000] \"OPTIONS /api/userdetails/fetch HTTP/1.1\" 204 0 \"http://localhost:3000/Home\" \"Mozilla/5.0 (Windows NT 10.0; Win64; x64) AppleWebKit/537.36 (KHTML, like Gecko) Chrome/79.0.3945.130 Safari/537.36\"\n","level":"info"}
{"message":"::1 - - [31/Jan/2020:13:40:23 +0000] \"GET /api/userdetails/fetch HTTP/1.1\" 304 - \"http://localhost:3000/Home\" \"Mozilla/5.0 (Windows NT 10.0; Win64; x64) AppleWebKit/537.36 (KHTML, like Gecko) Chrome/79.0.3945.130 Safari/537.36\"\n","level":"info"}
{"message":"::1 - - [31/Jan/2020:13:40:23 +0000] \"OPTIONS /logs/getUserActivity HTTP/1.1\" 204 0 \"http://localhost:3000/Home\" \"Mozilla/5.0 (Windows NT 10.0; Win64; x64) AppleWebKit/537.36 (KHTML, like Gecko) Chrome/79.0.3945.130 Safari/537.36\"\n","level":"info"}
{"message":"::1 - - [31/Jan/2020:13:40:23 +0000] \"GET /logs/getUserActivity HTTP/1.1\" 304 - \"http://localhost:3000/Home\" \"Mozilla/5.0 (Windows NT 10.0; Win64; x64) AppleWebKit/537.36 (KHTML, like Gecko) Chrome/79.0.3945.130 Safari/537.36\"\n","level":"info"}
{"message":"::1 - - [31/Jan/2020:13:40:52 +0000] \"OPTIONS /api/v1/news/country/in/category/Business/page/1 HTTP/1.1\" 204 0 \"http://localhost:3000/Home\" \"Mozilla/5.0 (Windows NT 10.0; Win64; x64) AppleWebKit/537.36 (KHTML, like Gecko) Chrome/79.0.3945.130 Safari/537.36\"\n","level":"info"}
{"message":"::1 - - [31/Jan/2020:13:40:52 +0000] \"OPTIONS /api/v1/news/country/in/category/Business/page/1 HTTP/1.1\" 204 0 \"http://localhost:3000/Home\" \"Mozilla/5.0 (Windows NT 10.0; Win64; x64) AppleWebKit/537.36 (KHTML, like Gecko) Chrome/79.0.3945.130 Safari/537.36\"\n","level":"info"}
{"message":"::1 - - [31/Jan/2020:13:40:53 +0000] \"GET /api/v1/news/country/in/category/Business/page/1 HTTP/1.1\" 304 - \"http://localhost:3000/Home\" \"Mozilla/5.0 (Windows NT 10.0; Win64; x64) AppleWebKit/537.36 (KHTML, like Gecko) Chrome/79.0.3945.130 Safari/537.36\"\n","level":"info"}
{"message":"::1 - - [31/Jan/2020:13:40:53 +0000] \"OPTIONS /api/userdetails/fetch HTTP/1.1\" 204 0 \"http://localhost:3000/Home\" \"Mozilla/5.0 (Windows NT 10.0; Win64; x64) AppleWebKit/537.36 (KHTML, like Gecko) Chrome/79.0.3945.130 Safari/537.36\"\n","level":"info"}
{"message":"::1 - - [31/Jan/2020:13:40:54 +0000] \"GET /api/userdetails/fetch HTTP/1.1\" 304 - \"http://localhost:3000/Home\" \"Mozilla/5.0 (Windows NT 10.0; Win64; x64) AppleWebKit/537.36 (KHTML, like Gecko) Chrome/79.0.3945.130 Safari/537.36\"\n","level":"info"}
{"message":"::1 - - [31/Jan/2020:13:40:55 +0000] \"GET /api/v1/news/country/in/category/Business/page/1 HTTP/1.1\" 304 - \"http://localhost:3000/Home\" \"Mozilla/5.0 (Windows NT 10.0; Win64; x64) AppleWebKit/537.36 (KHTML, like Gecko) Chrome/79.0.3945.130 Safari/537.36\"\n","level":"info"}
{"message":"::1 - - [31/Jan/2020:13:40:57 +0000] \"GET /api/userdetails/fetch HTTP/1.1\" 304 - \"http://localhost:3000/Home\" \"Mozilla/5.0 (Windows NT 10.0; Win64; x64) AppleWebKit/537.36 (KHTML, like Gecko) Chrome/79.0.3945.130 Safari/537.36\"\n","level":"info"}
{"message":"::1 - - [31/Jan/2020:13:41:08 +0000] \"OPTIONS /api/v1/news/country/in/category/Business/page/1 HTTP/1.1\" 204 0 \"http://localhost:3000/Home\" \"Mozilla/5.0 (Windows NT 10.0; Win64; x64) AppleWebKit/537.36 (KHTML, like Gecko) Chrome/79.0.3945.130 Safari/537.36\"\n","level":"info"}
{"message":"::1 - - [31/Jan/2020:13:41:08 +0000] \"OPTIONS /api/v1/news/country/in/category/Business/page/1 HTTP/1.1\" 204 0 \"http://localhost:3000/Home\" \"Mozilla/5.0 (Windows NT 10.0; Win64; x64) AppleWebKit/537.36 (KHTML, like Gecko) Chrome/79.0.3945.130 Safari/537.36\"\n","level":"info"}
{"message":"::1 - - [31/Jan/2020:13:41:09 +0000] \"GET /api/v1/news/country/in/category/Business/page/1 HTTP/1.1\" 304 - \"http://localhost:3000/Home\" \"Mozilla/5.0 (Windows NT 10.0; Win64; x64) AppleWebKit/537.36 (KHTML, like Gecko) Chrome/79.0.3945.130 Safari/537.36\"\n","level":"info"}
{"message":"::1 - - [31/Jan/2020:13:41:09 +0000] \"OPTIONS /api/userdetails/fetch HTTP/1.1\" 204 0 \"http://localhost:3000/Home\" \"Mozilla/5.0 (Windows NT 10.0; Win64; x64) AppleWebKit/537.36 (KHTML, like Gecko) Chrome/79.0.3945.130 Safari/537.36\"\n","level":"info"}
{"message":"::1 - - [31/Jan/2020:13:41:10 +0000] \"GET /api/userdetails/fetch HTTP/1.1\" 304 - \"http://localhost:3000/Home\" \"Mozilla/5.0 (Windows NT 10.0; Win64; x64) AppleWebKit/537.36 (KHTML, like Gecko) Chrome/79.0.3945.130 Safari/537.36\"\n","level":"info"}
{"message":"::1 - - [31/Jan/2020:13:41:10 +0000] \"GET /api/v1/news/country/in/category/Business/page/1 HTTP/1.1\" 304 - \"http://localhost:3000/Home\" \"Mozilla/5.0 (Windows NT 10.0; Win64; x64) AppleWebKit/537.36 (KHTML, like Gecko) Chrome/79.0.3945.130 Safari/537.36\"\n","level":"info"}
{"message":"::1 - - [31/Jan/2020:13:41:13 +0000] \"GET /api/userdetails/fetch HTTP/1.1\" 304 - \"http://localhost:3000/Home\" \"Mozilla/5.0 (Windows NT 10.0; Win64; x64) AppleWebKit/537.36 (KHTML, like Gecko) Chrome/79.0.3945.130 Safari/537.36\"\n","level":"info"}
{"message":"::1 - - [31/Jan/2020:13:41:23 +0000] \"OPTIONS /api/v1/news/country/in/category/Business/page/1 HTTP/1.1\" 204 0 \"http://localhost:3000/Home\" \"Mozilla/5.0 (Windows NT 10.0; Win64; x64) AppleWebKit/537.36 (KHTML, like Gecko) Chrome/79.0.3945.130 Safari/537.36\"\n","level":"info"}
{"message":"::1 - - [31/Jan/2020:13:41:23 +0000] \"OPTIONS /api/v1/news/country/in/category/Business/page/1 HTTP/1.1\" 204 0 \"http://localhost:3000/Home\" \"Mozilla/5.0 (Windows NT 10.0; Win64; x64) AppleWebKit/537.36 (KHTML, like Gecko) Chrome/79.0.3945.130 Safari/537.36\"\n","level":"info"}
{"message":"::1 - - [31/Jan/2020:13:41:25 +0000] \"GET /api/v1/news/country/in/category/Business/page/1 HTTP/1.1\" 304 - \"http://localhost:3000/Home\" \"Mozilla/5.0 (Windows NT 10.0; Win64; x64) AppleWebKit/537.36 (KHTML, like Gecko) Chrome/79.0.3945.130 Safari/537.36\"\n","level":"info"}
{"message":"::1 - - [31/Jan/2020:13:41:25 +0000] \"OPTIONS /api/userdetails/fetch HTTP/1.1\" 204 0 \"http://localhost:3000/Home\" \"Mozilla/5.0 (Windows NT 10.0; Win64; x64) AppleWebKit/537.36 (KHTML, like Gecko) Chrome/79.0.3945.130 Safari/537.36\"\n","level":"info"}
{"message":"::1 - - [31/Jan/2020:13:41:25 +0000] \"GET /api/userdetails/fetch HTTP/1.1\" 304 - \"http://localhost:3000/Home\" \"Mozilla/5.0 (Windows NT 10.0; Win64; x64) AppleWebKit/537.36 (KHTML, like Gecko) Chrome/79.0.3945.130 Safari/537.36\"\n","level":"info"}
{"message":"::1 - - [31/Jan/2020:13:41:26 +0000] \"GET /api/v1/news/country/in/category/Business/page/1 HTTP/1.1\" 304 - \"http://localhost:3000/Home\" \"Mozilla/5.0 (Windows NT 10.0; Win64; x64) AppleWebKit/537.36 (KHTML, like Gecko) Chrome/79.0.3945.130 Safari/537.36\"\n","level":"info"}
{"message":"::1 - - [31/Jan/2020:13:41:28 +0000] \"GET /api/userdetails/fetch HTTP/1.1\" 304 - \"http://localhost:3000/Home\" \"Mozilla/5.0 (Windows NT 10.0; Win64; x64) AppleWebKit/537.36 (KHTML, like Gecko) Chrome/79.0.3945.130 Safari/537.36\"\n","level":"info"}
{"message":"::1 - - [31/Jan/2020:13:41:30 +0000] \"OPTIONS /api/v1/news/country/in/category/Business/page/1 HTTP/1.1\" 204 0 \"http://localhost:3000/Home\" \"Mozilla/5.0 (Windows NT 10.0; Win64; x64) AppleWebKit/537.36 (KHTML, like Gecko) Chrome/79.0.3945.130 Safari/537.36\"\n","level":"info"}
{"message":"::1 - - [31/Jan/2020:13:41:30 +0000] \"OPTIONS /api/v1/news/country/in/category/Business/page/1 HTTP/1.1\" 204 0 \"http://localhost:3000/Home\" \"Mozilla/5.0 (Windows NT 10.0; Win64; x64) AppleWebKit/537.36 (KHTML, like Gecko) Chrome/79.0.3945.130 Safari/537.36\"\n","level":"info"}
{"message":"::1 - - [31/Jan/2020:13:41:31 +0000] \"GET /api/v1/news/country/in/category/Business/page/1 HTTP/1.1\" 304 - \"http://localhost:3000/Home\" \"Mozilla/5.0 (Windows NT 10.0; Win64; x64) AppleWebKit/537.36 (KHTML, like Gecko) Chrome/79.0.3945.130 Safari/537.36\"\n","level":"info"}
{"message":"::1 - - [31/Jan/2020:13:41:31 +0000] \"OPTIONS /api/userdetails/fetch HTTP/1.1\" 204 0 \"http://localhost:3000/Home\" \"Mozilla/5.0 (Windows NT 10.0; Win64; x64) AppleWebKit/537.36 (KHTML, like Gecko) Chrome/79.0.3945.130 Safari/537.36\"\n","level":"info"}
{"message":"::1 - - [31/Jan/2020:13:41:32 +0000] \"GET /api/userdetails/fetch HTTP/1.1\" 304 - \"http://localhost:3000/Home\" \"Mozilla/5.0 (Windows NT 10.0; Win64; x64) AppleWebKit/537.36 (KHTML, like Gecko) Chrome/79.0.3945.130 Safari/537.36\"\n","level":"info"}
{"message":"::1 - - [31/Jan/2020:13:41:32 +0000] \"GET /api/v1/news/country/in/category/Business/page/1 HTTP/1.1\" 304 - \"http://localhost:3000/Home\" \"Mozilla/5.0 (Windows NT 10.0; Win64; x64) AppleWebKit/537.36 (KHTML, like Gecko) Chrome/79.0.3945.130 Safari/537.36\"\n","level":"info"}
{"message":"::1 - - [31/Jan/2020:13:41:33 +0000] \"GET /api/userdetails/fetch HTTP/1.1\" 304 - \"http://localhost:3000/Home\" \"Mozilla/5.0 (Windows NT 10.0; Win64; x64) AppleWebKit/537.36 (KHTML, like Gecko) Chrome/79.0.3945.130 Safari/537.36\"\n","level":"info"}
{"message":"::1 - - [31/Jan/2020:13:41:35 +0000] \"GET /api/v1/news/country/in/category/Business/page/1 HTTP/1.1\" 304 - \"http://localhost:3000/Home\" \"Mozilla/5.0 (Windows NT 10.0; Win64; x64) AppleWebKit/537.36 (KHTML, like Gecko) Chrome/79.0.3945.130 Safari/537.36\"\n","level":"info"}
{"message":"::1 - - [31/Jan/2020:13:41:36 +0000] \"GET /api/userdetails/fetch HTTP/1.1\" 304 - \"http://localhost:3000/Home\" \"Mozilla/5.0 (Windows NT 10.0; Win64; x64) AppleWebKit/537.36 (KHTML, like Gecko) Chrome/79.0.3945.130 Safari/537.36\"\n","level":"info"}
{"message":"::1 - - [31/Jan/2020:13:41:36 +0000] \"GET /api/v1/news/country/in/category/Business/page/1 HTTP/1.1\" 304 - \"http://localhost:3000/Home\" \"Mozilla/5.0 (Windows NT 10.0; Win64; x64) AppleWebKit/537.36 (KHTML, like Gecko) Chrome/79.0.3945.130 Safari/537.36\"\n","level":"info"}
{"message":"::1 - - [31/Jan/2020:13:41:38 +0000] \"OPTIONS /api/userdetails/fetch HTTP/1.1\" 204 0 \"http://localhost:3000/Home\" \"Mozilla/5.0 (Windows NT 10.0; Win64; x64) AppleWebKit/537.36 (KHTML, like Gecko) Chrome/79.0.3945.130 Safari/537.36\"\n","level":"info"}
{"message":"::1 - - [31/Jan/2020:13:41:39 +0000] \"GET /api/userdetails/fetch HTTP/1.1\" 304 - \"http://localhost:3000/Home\" \"Mozilla/5.0 (Windows NT 10.0; Win64; x64) AppleWebKit/537.36 (KHTML, like Gecko) Chrome/79.0.3945.130 Safari/537.36\"\n","level":"info"}
{"message":"::1 - - [31/Jan/2020:13:41:41 +0000] \"OPTIONS /api/v1/news/country/in/category/Business/page/1 HTTP/1.1\" 204 0 \"http://localhost:3000/Home\" \"Mozilla/5.0 (Windows NT 10.0; Win64; x64) AppleWebKit/537.36 (KHTML, like Gecko) Chrome/79.0.3945.130 Safari/537.36\"\n","level":"info"}
{"message":"::1 - - [31/Jan/2020:13:41:41 +0000] \"OPTIONS /api/v1/news/country/in/category/Business/page/1 HTTP/1.1\" 204 0 \"http://localhost:3000/Home\" \"Mozilla/5.0 (Windows NT 10.0; Win64; x64) AppleWebKit/537.36 (KHTML, like Gecko) Chrome/79.0.3945.130 Safari/537.36\"\n","level":"info"}
{"message":"::1 - - [31/Jan/2020:13:41:42 +0000] \"GET /api/v1/news/country/in/category/Business/page/1 HTTP/1.1\" 304 - \"http://localhost:3000/Home\" \"Mozilla/5.0 (Windows NT 10.0; Win64; x64) AppleWebKit/537.36 (KHTML, like Gecko) Chrome/79.0.3945.130 Safari/537.36\"\n","level":"info"}
{"message":"::1 - - [31/Jan/2020:13:41:43 +0000] \"GET /api/userdetails/fetch HTTP/1.1\" 304 - \"http://localhost:3000/Home\" \"Mozilla/5.0 (Windows NT 10.0; Win64; x64) AppleWebKit/537.36 (KHTML, like Gecko) Chrome/79.0.3945.130 Safari/537.36\"\n","level":"info"}
{"message":"::1 - - [31/Jan/2020:13:41:43 +0000] \"OPTIONS /logs/getUserActivity HTTP/1.1\" 204 0 \"http://localhost:3000/Home\" \"Mozilla/5.0 (Windows NT 10.0; Win64; x64) AppleWebKit/537.36 (KHTML, like Gecko) Chrome/79.0.3945.130 Safari/537.36\"\n","level":"info"}
{"message":"::1 - - [31/Jan/2020:13:41:43 +0000] \"GET /logs/getUserActivity HTTP/1.1\" 304 - \"http://localhost:3000/Home\" \"Mozilla/5.0 (Windows NT 10.0; Win64; x64) AppleWebKit/537.36 (KHTML, like Gecko) Chrome/79.0.3945.130 Safari/537.36\"\n","level":"info"}
{"message":"::1 - - [31/Jan/2020:13:41:44 +0000] \"GET /api/userdetails/fetch HTTP/1.1\" 304 - \"http://localhost:3000/Home\" \"Mozilla/5.0 (Windows NT 10.0; Win64; x64) AppleWebKit/537.36 (KHTML, like Gecko) Chrome/79.0.3945.130 Safari/537.36\"\n","level":"info"}
{"message":"::1 - - [31/Jan/2020:13:41:44 +0000] \"GET /api/v1/news/country/in/category/Business/page/1 HTTP/1.1\" 304 - \"http://localhost:3000/Home\" \"Mozilla/5.0 (Windows NT 10.0; Win64; x64) AppleWebKit/537.36 (KHTML, like Gecko) Chrome/79.0.3945.130 Safari/537.36\"\n","level":"info"}
{"message":"::1 - - [31/Jan/2020:13:41:45 +0000] \"OPTIONS /api/userdetails/fetch HTTP/1.1\" 204 0 \"http://localhost:3000/Home\" \"Mozilla/5.0 (Windows NT 10.0; Win64; x64) AppleWebKit/537.36 (KHTML, like Gecko) Chrome/79.0.3945.130 Safari/537.36\"\n","level":"info"}
{"message":"::1 - - [31/Jan/2020:13:41:45 +0000] \"GET /api/userdetails/fetch HTTP/1.1\" 304 - \"http://localhost:3000/Home\" \"Mozilla/5.0 (Windows NT 10.0; Win64; x64) AppleWebKit/537.36 (KHTML, like Gecko) Chrome/79.0.3945.130 Safari/537.36\"\n","level":"info"}
{"message":"::1 - - [31/Jan/2020:13:41:48 +0000] \"GET /api/userdetails/fetch HTTP/1.1\" 304 - \"http://localhost:3000/Home\" \"Mozilla/5.0 (Windows NT 10.0; Win64; x64) AppleWebKit/537.36 (KHTML, like Gecko) Chrome/79.0.3945.130 Safari/537.36\"\n","level":"info"}
{"message":"::1 - - [31/Jan/2020:13:41:49 +0000] \"OPTIONS /logs/getUserActivity HTTP/1.1\" 204 0 \"http://localhost:3000/Home\" \"Mozilla/5.0 (Windows NT 10.0; Win64; x64) AppleWebKit/537.36 (KHTML, like Gecko) Chrome/79.0.3945.130 Safari/537.36\"\n","level":"info"}
{"message":"::1 - - [31/Jan/2020:13:41:49 +0000] \"GET /logs/getUserActivity HTTP/1.1\" 304 - \"http://localhost:3000/Home\" \"Mozilla/5.0 (Windows NT 10.0; Win64; x64) AppleWebKit/537.36 (KHTML, like Gecko) Chrome/79.0.3945.130 Safari/537.36\"\n","level":"info"}
{"message":"::1 - - [31/Jan/2020:13:41:52 +0000] \"OPTIONS /api/userdetails/fetch HTTP/1.1\" 204 0 \"http://localhost:3000/Home\" \"Mozilla/5.0 (Windows NT 10.0; Win64; x64) AppleWebKit/537.36 (KHTML, like Gecko) Chrome/79.0.3945.130 Safari/537.36\"\n","level":"info"}
{"message":"::1 - - [31/Jan/2020:13:41:53 +0000] \"GET /api/userdetails/fetch HTTP/1.1\" 304 - \"http://localhost:3000/Home\" \"Mozilla/5.0 (Windows NT 10.0; Win64; x64) AppleWebKit/537.36 (KHTML, like Gecko) Chrome/79.0.3945.130 Safari/537.36\"\n","level":"info"}
{"message":"::1 - - [31/Jan/2020:13:41:54 +0000] \"GET /logs/getUserActivity HTTP/1.1\" 304 - \"http://localhost:3000/Home\" \"Mozilla/5.0 (Windows NT 10.0; Win64; x64) AppleWebKit/537.36 (KHTML, like Gecko) Chrome/79.0.3945.130 Safari/537.36\"\n","level":"info"}
{"message":"::1 - - [31/Jan/2020:13:41:58 +0000] \"OPTIONS /api/user/logout HTTP/1.1\" 204 0 \"http://localhost:3000/Home\" \"Mozilla/5.0 (Windows NT 10.0; Win64; x64) AppleWebKit/537.36 (KHTML, like Gecko) Chrome/79.0.3945.130 Safari/537.36\"\n","level":"info"}
{"message":"::1 - - [31/Jan/2020:13:41:59 +0000] \"POST /api/user/logout HTTP/1.1\" 201 312 \"http://localhost:3000/Home\" \"Mozilla/5.0 (Windows NT 10.0; Win64; x64) AppleWebKit/537.36 (KHTML, like Gecko) Chrome/79.0.3945.130 Safari/537.36\"\n","level":"info"}
{"message":"::1 - - [31/Jan/2020:13:42:08 +0000] \"OPTIONS /api/user/login HTTP/1.1\" 204 0 \"http://localhost:3000/\" \"Mozilla/5.0 (Windows NT 10.0; Win64; x64) AppleWebKit/537.36 (KHTML, like Gecko) Chrome/79.0.3945.130 Safari/537.36\"\n","level":"info"}
{"message":"::1 - - [31/Jan/2020:13:42:09 +0000] \"POST /api/user/login HTTP/1.1\" 200 298 \"http://localhost:3000/\" \"Mozilla/5.0 (Windows NT 10.0; Win64; x64) AppleWebKit/537.36 (KHTML, like Gecko) Chrome/79.0.3945.130 Safari/537.36\"\n","level":"info"}
{"message":"::1 - - [31/Jan/2020:13:42:09 +0000] \"OPTIONS /api/v1/news/country/in/category/Business/page/1 HTTP/1.1\" 204 0 \"http://localhost:3000/Home\" \"Mozilla/5.0 (Windows NT 10.0; Win64; x64) AppleWebKit/537.36 (KHTML, like Gecko) Chrome/79.0.3945.130 Safari/537.36\"\n","level":"info"}
{"message":"::1 - - [31/Jan/2020:13:42:09 +0000] \"OPTIONS /api/v1/news/country/in/category/Business/page/1 HTTP/1.1\" 204 0 \"http://localhost:3000/Home\" \"Mozilla/5.0 (Windows NT 10.0; Win64; x64) AppleWebKit/537.36 (KHTML, like Gecko) Chrome/79.0.3945.130 Safari/537.36\"\n","level":"info"}
{"message":"::1 - - [31/Jan/2020:13:42:10 +0000] \"GET /api/v1/news/country/in/category/Business/page/1 HTTP/1.1\" 304 - \"http://localhost:3000/Home\" \"Mozilla/5.0 (Windows NT 10.0; Win64; x64) AppleWebKit/537.36 (KHTML, like Gecko) Chrome/79.0.3945.130 Safari/537.36\"\n","level":"info"}
{"message":"::1 - - [31/Jan/2020:13:42:10 +0000] \"OPTIONS /api/userdetails/fetch HTTP/1.1\" 204 0 \"http://localhost:3000/Home\" \"Mozilla/5.0 (Windows NT 10.0; Win64; x64) AppleWebKit/537.36 (KHTML, like Gecko) Chrome/79.0.3945.130 Safari/537.36\"\n","level":"info"}
{"message":"::1 - - [31/Jan/2020:13:42:11 +0000] \"GET /api/userdetails/fetch HTTP/1.1\" 200 10036218 \"http://localhost:3000/Home\" \"Mozilla/5.0 (Windows NT 10.0; Win64; x64) AppleWebKit/537.36 (KHTML, like Gecko) Chrome/79.0.3945.130 Safari/537.36\"\n","level":"info"}
{"message":"::1 - - [31/Jan/2020:13:42:12 +0000] \"GET /api/v1/news/country/in/category/Business/page/1 HTTP/1.1\" 304 - \"http://localhost:3000/Home\" \"Mozilla/5.0 (Windows NT 10.0; Win64; x64) AppleWebKit/537.36 (KHTML, like Gecko) Chrome/79.0.3945.130 Safari/537.36\"\n","level":"info"}
{"message":"::1 - - [31/Jan/2020:13:42:13 +0000] \"GET /api/userdetails/fetch HTTP/1.1\" 304 - \"http://localhost:3000/Home\" \"Mozilla/5.0 (Windows NT 10.0; Win64; x64) AppleWebKit/537.36 (KHTML, like Gecko) Chrome/79.0.3945.130 Safari/537.36\"\n","level":"info"}
{"message":"::1 - - [31/Jan/2020:13:43:53 +0000] \"OPTIONS /api/userdetails/fetch HTTP/1.1\" 204 0 \"http://localhost:3000/Home\" \"Mozilla/5.0 (Windows NT 10.0; Win64; x64) AppleWebKit/537.36 (KHTML, like Gecko) Chrome/79.0.3945.130 Safari/537.36\"\n","level":"info"}
{"message":"::1 - - [31/Jan/2020:13:43:55 +0000] \"GET /api/userdetails/fetch HTTP/1.1\" 304 - \"http://localhost:3000/Home\" \"Mozilla/5.0 (Windows NT 10.0; Win64; x64) AppleWebKit/537.36 (KHTML, like Gecko) Chrome/79.0.3945.130 Safari/537.36\"\n","level":"info"}
{"message":"::1 - - [31/Jan/2020:13:43:55 +0000] \"OPTIONS /logs/getUserActivity HTTP/1.1\" 204 0 \"http://localhost:3000/Home\" \"Mozilla/5.0 (Windows NT 10.0; Win64; x64) AppleWebKit/537.36 (KHTML, like Gecko) Chrome/79.0.3945.130 Safari/537.36\"\n","level":"info"}
{"message":"::1 - - [31/Jan/2020:13:43:55 +0000] \"GET /logs/getUserActivity HTTP/1.1\" 200 1022 \"http://localhost:3000/Home\" \"Mozilla/5.0 (Windows NT 10.0; Win64; x64) AppleWebKit/537.36 (KHTML, like Gecko) Chrome/79.0.3945.130 Safari/537.36\"\n","level":"info"}
{"message":"::1 - - [31/Jan/2020:13:44:15 +0000] \"OPTIONS /api/user/logout HTTP/1.1\" 204 0 \"http://localhost:3000/Home\" \"Mozilla/5.0 (Windows NT 10.0; Win64; x64) AppleWebKit/537.36 (KHTML, like Gecko) Chrome/79.0.3945.130 Safari/537.36\"\n","level":"info"}
{"message":"::1 - - [31/Jan/2020:13:44:15 +0000] \"POST /api/user/logout HTTP/1.1\" 201 311 \"http://localhost:3000/Home\" \"Mozilla/5.0 (Windows NT 10.0; Win64; x64) AppleWebKit/537.36 (KHTML, like Gecko) Chrome/79.0.3945.130 Safari/537.36\"\n","level":"info"}
{"message":"::1 - - [31/Jan/2020:13:44:27 +0000] \"OPTIONS /api/user/login HTTP/1.1\" 204 0 \"http://localhost:3000/\" \"Mozilla/5.0 (Windows NT 10.0; Win64; x64) AppleWebKit/537.36 (KHTML, like Gecko) Chrome/79.0.3945.130 Safari/537.36\"\n","level":"info"}
{"message":"::1 - - [31/Jan/2020:13:44:28 +0000] \"POST /api/user/login HTTP/1.1\" 200 298 \"http://localhost:3000/\" \"Mozilla/5.0 (Windows NT 10.0; Win64; x64) AppleWebKit/537.36 (KHTML, like Gecko) Chrome/79.0.3945.130 Safari/537.36\"\n","level":"info"}
{"message":"::1 - - [31/Jan/2020:13:44:29 +0000] \"OPTIONS /api/v1/news/country/in/category/Business/page/1 HTTP/1.1\" 204 0 \"http://localhost:3000/Home\" \"Mozilla/5.0 (Windows NT 10.0; Win64; x64) AppleWebKit/537.36 (KHTML, like Gecko) Chrome/79.0.3945.130 Safari/537.36\"\n","level":"info"}
{"message":"::1 - - [31/Jan/2020:13:44:29 +0000] \"OPTIONS /api/v1/news/country/in/category/Business/page/1 HTTP/1.1\" 204 0 \"http://localhost:3000/Home\" \"Mozilla/5.0 (Windows NT 10.0; Win64; x64) AppleWebKit/537.36 (KHTML, like Gecko) Chrome/79.0.3945.130 Safari/537.36\"\n","level":"info"}
{"message":"::1 - - [31/Jan/2020:13:44:30 +0000] \"GET /api/v1/news/country/in/category/Business/page/1 HTTP/1.1\" 304 - \"http://localhost:3000/Home\" \"Mozilla/5.0 (Windows NT 10.0; Win64; x64) AppleWebKit/537.36 (KHTML, like Gecko) Chrome/79.0.3945.130 Safari/537.36\"\n","level":"info"}
{"message":"::1 - - [31/Jan/2020:13:44:30 +0000] \"OPTIONS /api/userdetails/fetch HTTP/1.1\" 204 0 \"http://localhost:3000/Home\" \"Mozilla/5.0 (Windows NT 10.0; Win64; x64) AppleWebKit/537.36 (KHTML, like Gecko) Chrome/79.0.3945.130 Safari/537.36\"\n","level":"info"}
{"message":"::1 - - [31/Jan/2020:13:44:31 +0000] \"GET /api/userdetails/fetch HTTP/1.1\" 200 10036218 \"http://localhost:3000/Home\" \"Mozilla/5.0 (Windows NT 10.0; Win64; x64) AppleWebKit/537.36 (KHTML, like Gecko) Chrome/79.0.3945.130 Safari/537.36\"\n","level":"info"}
{"message":"::1 - - [31/Jan/2020:13:44:31 +0000] \"GET /api/v1/news/country/in/category/Business/page/1 HTTP/1.1\" 304 - \"http://localhost:3000/Home\" \"Mozilla/5.0 (Windows NT 10.0; Win64; x64) AppleWebKit/537.36 (KHTML, like Gecko) Chrome/79.0.3945.130 Safari/537.36\"\n","level":"info"}
{"message":"::1 - - [31/Jan/2020:13:44:32 +0000] \"GET /api/userdetails/fetch HTTP/1.1\" 304 - \"http://localhost:3000/Home\" \"Mozilla/5.0 (Windows NT 10.0; Win64; x64) AppleWebKit/537.36 (KHTML, like Gecko) Chrome/79.0.3945.130 Safari/537.36\"\n","level":"info"}
{"message":"::1 - - [31/Jan/2020:13:44:44 +0000] \"OPTIONS /api/userdetails/fetch HTTP/1.1\" 204 0 \"http://localhost:3000/Home\" \"Mozilla/5.0 (Windows NT 10.0; Win64; x64) AppleWebKit/537.36 (KHTML, like Gecko) Chrome/79.0.3945.130 Safari/537.36\"\n","level":"info"}
{"message":"::1 - - [31/Jan/2020:13:44:45 +0000] \"GET /api/userdetails/fetch HTTP/1.1\" 304 - \"http://localhost:3000/Home\" \"Mozilla/5.0 (Windows NT 10.0; Win64; x64) AppleWebKit/537.36 (KHTML, like Gecko) Chrome/79.0.3945.130 Safari/537.36\"\n","level":"info"}
{"message":"::1 - - [31/Jan/2020:13:44:46 +0000] \"OPTIONS /logs/getUserActivity HTTP/1.1\" 204 0 \"http://localhost:3000/Home\" \"Mozilla/5.0 (Windows NT 10.0; Win64; x64) AppleWebKit/537.36 (KHTML, like Gecko) Chrome/79.0.3945.130 Safari/537.36\"\n","level":"info"}
{"message":"::1 - - [31/Jan/2020:13:44:46 +0000] \"GET /logs/getUserActivity HTTP/1.1\" 200 1274 \"http://localhost:3000/Home\" \"Mozilla/5.0 (Windows NT 10.0; Win64; x64) AppleWebKit/537.36 (KHTML, like Gecko) Chrome/79.0.3945.130 Safari/537.36\"\n","level":"info"}
{"message":"::1 - - [31/Jan/2020:13:44:49 +0000] \"GET /api/userdetails/fetch HTTP/1.1\" 304 - \"http://localhost:3000/Home\" \"Mozilla/5.0 (Windows NT 10.0; Win64; x64) AppleWebKit/537.36 (KHTML, like Gecko) Chrome/79.0.3945.130 Safari/537.36\"\n","level":"info"}
{"message":"::1 - - [31/Jan/2020:13:44:49 +0000] \"OPTIONS /api/v1/news/country/in/category/Business/page/1 HTTP/1.1\" 204 0 \"http://localhost:3000/Home\" \"Mozilla/5.0 (Windows NT 10.0; Win64; x64) AppleWebKit/537.36 (KHTML, like Gecko) Chrome/79.0.3945.130 Safari/537.36\"\n","level":"info"}
{"message":"::1 - - [31/Jan/2020:13:44:50 +0000] \"GET /api/v1/news/country/in/category/Business/page/1 HTTP/1.1\" 304 - \"http://localhost:3000/Home\" \"Mozilla/5.0 (Windows NT 10.0; Win64; x64) AppleWebKit/537.36 (KHTML, like Gecko) Chrome/79.0.3945.130 Safari/537.36\"\n","level":"info"}
{"message":"::1 - - [31/Jan/2020:13:44:50 +0000] \"OPTIONS /api/userdetails/fetch HTTP/1.1\" 204 0 \"http://localhost:3000/Home\" \"Mozilla/5.0 (Windows NT 10.0; Win64; x64) AppleWebKit/537.36 (KHTML, like Gecko) Chrome/79.0.3945.130 Safari/537.36\"\n","level":"info"}
{"message":"::1 - - [31/Jan/2020:13:44:50 +0000] \"GET /api/userdetails/fetch HTTP/1.1\" 304 - \"http://localhost:3000/Home\" \"Mozilla/5.0 (Windows NT 10.0; Win64; x64) AppleWebKit/537.36 (KHTML, like Gecko) Chrome/79.0.3945.130 Safari/537.36\"\n","level":"info"}
{"message":"::1 - - [31/Jan/2020:13:45:10 +0000] \"OPTIONS /api/user/logout HTTP/1.1\" 204 0 \"http://localhost:3000/Home\" \"Mozilla/5.0 (Windows NT 10.0; Win64; x64) AppleWebKit/537.36 (KHTML, like Gecko) Chrome/79.0.3945.130 Safari/537.36\"\n","level":"info"}
{"message":"::1 - - [31/Jan/2020:13:45:11 +0000] \"POST /api/user/logout HTTP/1.1\" 201 311 \"http://localhost:3000/Home\" \"Mozilla/5.0 (Windows NT 10.0; Win64; x64) AppleWebKit/537.36 (KHTML, like Gecko) Chrome/79.0.3945.130 Safari/537.36\"\n","level":"info"}
{"message":"::1 - - [31/Jan/2020:13:45:30 +0000] \"OPTIONS /api/user/login HTTP/1.1\" 204 0 \"http://localhost:3000/\" \"Mozilla/5.0 (Windows NT 10.0; Win64; x64) AppleWebKit/537.36 (KHTML, like Gecko) Chrome/79.0.3945.130 Safari/537.36\"\n","level":"info"}
{"message":"::1 - - [31/Jan/2020:13:45:31 +0000] \"POST /api/user/login HTTP/1.1\" 200 298 \"http://localhost:3000/\" \"Mozilla/5.0 (Windows NT 10.0; Win64; x64) AppleWebKit/537.36 (KHTML, like Gecko) Chrome/79.0.3945.130 Safari/537.36\"\n","level":"info"}
{"message":"::1 - - [31/Jan/2020:13:45:31 +0000] \"OPTIONS /api/v1/news/country/in/category/Business/page/1 HTTP/1.1\" 204 0 \"http://localhost:3000/Home\" \"Mozilla/5.0 (Windows NT 10.0; Win64; x64) AppleWebKit/537.36 (KHTML, like Gecko) Chrome/79.0.3945.130 Safari/537.36\"\n","level":"info"}
{"message":"::1 - - [31/Jan/2020:13:45:31 +0000] \"OPTIONS /api/v1/news/country/in/category/Business/page/1 HTTP/1.1\" 204 0 \"http://localhost:3000/Home\" \"Mozilla/5.0 (Windows NT 10.0; Win64; x64) AppleWebKit/537.36 (KHTML, like Gecko) Chrome/79.0.3945.130 Safari/537.36\"\n","level":"info"}
{"message":"::1 - - [31/Jan/2020:13:45:32 +0000] \"GET /api/v1/news/country/in/category/Business/page/1 HTTP/1.1\" 304 - \"http://localhost:3000/Home\" \"Mozilla/5.0 (Windows NT 10.0; Win64; x64) AppleWebKit/537.36 (KHTML, like Gecko) Chrome/79.0.3945.130 Safari/537.36\"\n","level":"info"}
{"message":"::1 - - [31/Jan/2020:13:45:32 +0000] \"OPTIONS /api/userdetails/fetch HTTP/1.1\" 204 0 \"http://localhost:3000/Home\" \"Mozilla/5.0 (Windows NT 10.0; Win64; x64) AppleWebKit/537.36 (KHTML, like Gecko) Chrome/79.0.3945.130 Safari/537.36\"\n","level":"info"}
{"message":"::1 - - [31/Jan/2020:13:45:32 +0000] \"GET /api/userdetails/fetch HTTP/1.1\" 200 10036218 \"http://localhost:3000/Home\" \"Mozilla/5.0 (Windows NT 10.0; Win64; x64) AppleWebKit/537.36 (KHTML, like Gecko) Chrome/79.0.3945.130 Safari/537.36\"\n","level":"info"}
{"message":"::1 - - [31/Jan/2020:13:45:33 +0000] \"GET /api/v1/news/country/in/category/Business/page/1 HTTP/1.1\" 304 - \"http://localhost:3000/Home\" \"Mozilla/5.0 (Windows NT 10.0; Win64; x64) AppleWebKit/537.36 (KHTML, like Gecko) Chrome/79.0.3945.130 Safari/537.36\"\n","level":"info"}
{"message":"::1 - - [31/Jan/2020:13:45:34 +0000] \"GET /api/userdetails/fetch HTTP/1.1\" 304 - \"http://localhost:3000/Home\" \"Mozilla/5.0 (Windows NT 10.0; Win64; x64) AppleWebKit/537.36 (KHTML, like Gecko) Chrome/79.0.3945.130 Safari/537.36\"\n","level":"info"}
{"message":"::1 - - [31/Jan/2020:13:45:38 +0000] \"OPTIONS /api/v1/news/country/in/category/Business/page/2 HTTP/1.1\" 204 0 \"http://localhost:3000/Home\" \"Mozilla/5.0 (Windows NT 10.0; Win64; x64) AppleWebKit/537.36 (KHTML, like Gecko) Chrome/79.0.3945.130 Safari/537.36\"\n","level":"info"}
{"message":"::1 - - [31/Jan/2020:13:45:39 +0000] \"GET /api/v1/news/country/in/category/Business/page/2 HTTP/1.1\" 200 5891 \"http://localhost:3000/Home\" \"Mozilla/5.0 (Windows NT 10.0; Win64; x64) AppleWebKit/537.36 (KHTML, like Gecko) Chrome/79.0.3945.130 Safari/537.36\"\n","level":"info"}
{"message":"::1 - - [31/Jan/2020:13:45:39 +0000] \"OPTIONS /api/userdetails/fetch HTTP/1.1\" 204 0 \"http://localhost:3000/Home\" \"Mozilla/5.0 (Windows NT 10.0; Win64; x64) AppleWebKit/537.36 (KHTML, like Gecko) Chrome/79.0.3945.130 Safari/537.36\"\n","level":"info"}
{"message":"::1 - - [31/Jan/2020:13:45:39 +0000] \"GET /api/userdetails/fetch HTTP/1.1\" 304 - \"http://localhost:3000/Home\" \"Mozilla/5.0 (Windows NT 10.0; Win64; x64) AppleWebKit/537.36 (KHTML, like Gecko) Chrome/79.0.3945.130 Safari/537.36\"\n","level":"info"}
{"message":"::1 - - [31/Jan/2020:13:45:40 +0000] \"OPTIONS /api/v1/news/country/in/category/Business/page/3 HTTP/1.1\" 204 0 \"http://localhost:3000/Home\" \"Mozilla/5.0 (Windows NT 10.0; Win64; x64) AppleWebKit/537.36 (KHTML, like Gecko) Chrome/79.0.3945.130 Safari/537.36\"\n","level":"info"}
{"message":"::1 - - [31/Jan/2020:13:45:41 +0000] \"GET /api/v1/news/country/in/category/Business/page/3 HTTP/1.1\" 200 6112 \"http://localhost:3000/Home\" \"Mozilla/5.0 (Windows NT 10.0; Win64; x64) AppleWebKit/537.36 (KHTML, like Gecko) Chrome/79.0.3945.130 Safari/537.36\"\n","level":"info"}
{"message":"::1 - - [31/Jan/2020:13:45:42 +0000] \"GET /api/userdetails/fetch HTTP/1.1\" 304 - \"http://localhost:3000/Home\" \"Mozilla/5.0 (Windows NT 10.0; Win64; x64) AppleWebKit/537.36 (KHTML, like Gecko) Chrome/79.0.3945.130 Safari/537.36\"\n","level":"info"}
{"message":"::1 - - [31/Jan/2020:13:45:45 +0000] \"OPTIONS /api/v1/news/country/in/category/general/page/3 HTTP/1.1\" 204 0 \"http://localhost:3000/Home\" \"Mozilla/5.0 (Windows NT 10.0; Win64; x64) AppleWebKit/537.36 (KHTML, like Gecko) Chrome/79.0.3945.130 Safari/537.36\"\n","level":"info"}
{"message":"::1 - - [31/Jan/2020:13:45:46 +0000] \"GET /api/v1/news/country/in/category/general/page/3 HTTP/1.1\" 200 5925 \"http://localhost:3000/Home\" \"Mozilla/5.0 (Windows NT 10.0; Win64; x64) AppleWebKit/537.36 (KHTML, like Gecko) Chrome/79.0.3945.130 Safari/537.36\"\n","level":"info"}
{"message":"::1 - - [31/Jan/2020:13:45:46 +0000] \"OPTIONS /api/userdetails/fetch HTTP/1.1\" 204 0 \"http://localhost:3000/Home\" \"Mozilla/5.0 (Windows NT 10.0; Win64; x64) AppleWebKit/537.36 (KHTML, like Gecko) Chrome/79.0.3945.130 Safari/537.36\"\n","level":"info"}
{"message":"::1 - - [31/Jan/2020:13:45:47 +0000] \"GET /api/userdetails/fetch HTTP/1.1\" 304 - \"http://localhost:3000/Home\" \"Mozilla/5.0 (Windows NT 10.0; Win64; x64) AppleWebKit/537.36 (KHTML, like Gecko) Chrome/79.0.3945.130 Safari/537.36\"\n","level":"info"}
{"message":"::1 - - [31/Jan/2020:13:45:48 +0000] \"OPTIONS /api/v1/news/country/ca/category/general/page/3 HTTP/1.1\" 204 0 \"http://localhost:3000/Home\" \"Mozilla/5.0 (Windows NT 10.0; Win64; x64) AppleWebKit/537.36 (KHTML, like Gecko) Chrome/79.0.3945.130 Safari/537.36\"\n","level":"info"}
{"message":"::1 - - [31/Jan/2020:13:45:49 +0000] \"GET /api/v1/news/country/ca/category/general/page/3 HTTP/1.1\" 200 6185 \"http://localhost:3000/Home\" \"Mozilla/5.0 (Windows NT 10.0; Win64; x64) AppleWebKit/537.36 (KHTML, like Gecko) Chrome/79.0.3945.130 Safari/537.36\"\n","level":"info"}
{"message":"::1 - - [31/Jan/2020:13:45:50 +0000] \"GET /api/userdetails/fetch HTTP/1.1\" 304 - \"http://localhost:3000/Home\" \"Mozilla/5.0 (Windows NT 10.0; Win64; x64) AppleWebKit/537.36 (KHTML, like Gecko) Chrome/79.0.3945.130 Safari/537.36\"\n","level":"info"}
{"message":"::1 - - [31/Jan/2020:13:45:51 +0000] \"OPTIONS /pgcollection/v1/news/fetchNews HTTP/1.1\" 204 0 \"http://localhost:3000/Home\" \"Mozilla/5.0 (Windows NT 10.0; Win64; x64) AppleWebKit/537.36 (KHTML, like Gecko) Chrome/79.0.3945.130 Safari/537.36\"\n","level":"info"}
{"message":"::1 - - [31/Jan/2020:13:45:51 +0000] \"GET /pgcollection/v1/news/fetchNews HTTP/1.1\" 304 - \"http://localhost:3000/Home\" \"Mozilla/5.0 (Windows NT 10.0; Win64; x64) AppleWebKit/537.36 (KHTML, like Gecko) Chrome/79.0.3945.130 Safari/537.36\"\n","level":"info"}
{"message":"::1 - - [31/Jan/2020:13:45:59 +0000] \"OPTIONS /api/v1/news/country/ca/category/general/page/3 HTTP/1.1\" 204 0 \"http://localhost:3000/Home\" \"Mozilla/5.0 (Windows NT 10.0; Win64; x64) AppleWebKit/537.36 (KHTML, like Gecko) Chrome/79.0.3945.130 Safari/537.36\"\n","level":"info"}
{"message":"::1 - - [31/Jan/2020:13:46:00 +0000] \"GET /api/v1/news/country/ca/category/general/page/3 HTTP/1.1\" 304 - \"http://localhost:3000/Home\" \"Mozilla/5.0 (Windows NT 10.0; Win64; x64) AppleWebKit/537.36 (KHTML, like Gecko) Chrome/79.0.3945.130 Safari/537.36\"\n","level":"info"}
{"message":"::1 - - [31/Jan/2020:13:46:00 +0000] \"OPTIONS /api/userdetails/fetch HTTP/1.1\" 204 0 \"http://localhost:3000/Home\" \"Mozilla/5.0 (Windows NT 10.0; Win64; x64) AppleWebKit/537.36 (KHTML, like Gecko) Chrome/79.0.3945.130 Safari/537.36\"\n","level":"info"}
{"message":"::1 - - [31/Jan/2020:13:46:01 +0000] \"GET /api/userdetails/fetch HTTP/1.1\" 304 - \"http://localhost:3000/Home\" \"Mozilla/5.0 (Windows NT 10.0; Win64; x64) AppleWebKit/537.36 (KHTML, like Gecko) Chrome/79.0.3945.130 Safari/537.36\"\n","level":"info"}
{"message":"::1 - - [31/Jan/2020:13:46:02 +0000] \"OPTIONS /pgcollection/v1/news/postNews HTTP/1.1\" 204 0 \"http://localhost:3000/Home\" \"Mozilla/5.0 (Windows NT 10.0; Win64; x64) AppleWebKit/537.36 (KHTML, like Gecko) Chrome/79.0.3945.130 Safari/537.36\"\n","level":"info"}
{"message":"::1 - - [31/Jan/2020:13:46:02 +0000] \"POST /pgcollection/v1/news/postNews HTTP/1.1\" 200 16 \"http://localhost:3000/Home\" \"Mozilla/5.0 (Windows NT 10.0; Win64; x64) AppleWebKit/537.36 (KHTML, like Gecko) Chrome/79.0.3945.130 Safari/537.36\"\n","level":"info"}
{"message":"::1 - - [31/Jan/2020:13:46:04 +0000] \"OPTIONS /pgcollection/v1/news/fetchNews HTTP/1.1\" 204 0 \"http://localhost:3000/Home\" \"Mozilla/5.0 (Windows NT 10.0; Win64; x64) AppleWebKit/537.36 (KHTML, like Gecko) Chrome/79.0.3945.130 Safari/537.36\"\n","level":"info"}
{"message":"::1 - - [31/Jan/2020:13:46:04 +0000] \"GET /pgcollection/v1/news/fetchNews HTTP/1.1\" 200 674 \"http://localhost:3000/Home\" \"Mozilla/5.0 (Windows NT 10.0; Win64; x64) AppleWebKit/537.36 (KHTML, like Gecko) Chrome/79.0.3945.130 Safari/537.36\"\n","level":"info"}
{"message":"::1 - - [31/Jan/2020:13:46:13 +0000] \"OPTIONS /pgcollection/v1/news/deleteNews HTTP/1.1\" 204 0 \"http://localhost:3000/Home\" \"Mozilla/5.0 (Windows NT 10.0; Win64; x64) AppleWebKit/537.36 (KHTML, like Gecko) Chrome/79.0.3945.130 Safari/537.36\"\n","level":"info"}
{"message":"::1 - - [31/Jan/2020:13:46:13 +0000] \"DELETE /pgcollection/v1/news/deleteNews HTTP/1.1\" 200 16 \"http://localhost:3000/Home\" \"Mozilla/5.0 (Windows NT 10.0; Win64; x64) AppleWebKit/537.36 (KHTML, like Gecko) Chrome/79.0.3945.130 Safari/537.36\"\n","level":"info"}
{"message":"::1 - - [31/Jan/2020:13:46:13 +0000] \"OPTIONS /pgcollection/v1/news/fetchNews HTTP/1.1\" 204 0 \"http://localhost:3000/Home\" \"Mozilla/5.0 (Windows NT 10.0; Win64; x64) AppleWebKit/537.36 (KHTML, like Gecko) Chrome/79.0.3945.130 Safari/537.36\"\n","level":"info"}
{"message":"::1 - - [31/Jan/2020:13:46:14 +0000] \"GET /pgcollection/v1/news/fetchNews HTTP/1.1\" 200 26 \"http://localhost:3000/Home\" \"Mozilla/5.0 (Windows NT 10.0; Win64; x64) AppleWebKit/537.36 (KHTML, like Gecko) Chrome/79.0.3945.130 Safari/537.36\"\n","level":"info"}
{"message":"::1 - - [31/Jan/2020:13:46:16 +0000] \"OPTIONS /api/userdetails/fetch HTTP/1.1\" 204 0 \"http://localhost:3000/Home\" \"Mozilla/5.0 (Windows NT 10.0; Win64; x64) AppleWebKit/537.36 (KHTML, like Gecko) Chrome/79.0.3945.130 Safari/537.36\"\n","level":"info"}
{"message":"::1 - - [31/Jan/2020:13:46:17 +0000] \"GET /api/userdetails/fetch HTTP/1.1\" 304 - \"http://localhost:3000/Home\" \"Mozilla/5.0 (Windows NT 10.0; Win64; x64) AppleWebKit/537.36 (KHTML, like Gecko) Chrome/79.0.3945.130 Safari/537.36\"\n","level":"info"}
{"message":"::1 - - [31/Jan/2020:13:46:27 +0000] \"OPTIONS /api/userdetails/setProfilePicture HTTP/1.1\" 204 0 \"http://localhost:3000/Home\" \"Mozilla/5.0 (Windows NT 10.0; Win64; x64) AppleWebKit/537.36 (KHTML, like Gecko) Chrome/79.0.3945.130 Safari/537.36\"\n","level":"info"}
{"message":"::1 - - [31/Jan/2020:13:46:27 +0000] \"POST /api/userdetails/setProfilePicture HTTP/1.1\" 200 426506 \"http://localhost:3000/Home\" \"Mozilla/5.0 (Windows NT 10.0; Win64; x64) AppleWebKit/537.36 (KHTML, like Gecko) Chrome/79.0.3945.130 Safari/537.36\"\n","level":"info"}
{"message":"::1 - - [31/Jan/2020:13:46:27 +0000] \"OPTIONS /api/userdetails/fetch HTTP/1.1\" 204 0 \"http://localhost:3000/Home\" \"Mozilla/5.0 (Windows NT 10.0; Win64; x64) AppleWebKit/537.36 (KHTML, like Gecko) Chrome/79.0.3945.130 Safari/537.36\"\n","level":"info"}
{"message":"::1 - - [31/Jan/2020:13:46:28 +0000] \"GET /api/userdetails/fetch HTTP/1.1\" 200 1135296 \"http://localhost:3000/Home\" \"Mozilla/5.0 (Windows NT 10.0; Win64; x64) AppleWebKit/537.36 (KHTML, like Gecko) Chrome/79.0.3945.130 Safari/537.36\"\n","level":"info"}
{"message":"::1 - - [31/Jan/2020:13:46:30 +0000] \"OPTIONS /logs/getUserActivity HTTP/1.1\" 204 0 \"http://localhost:3000/Home\" \"Mozilla/5.0 (Windows NT 10.0; Win64; x64) AppleWebKit/537.36 (KHTML, like Gecko) Chrome/79.0.3945.130 Safari/537.36\"\n","level":"info"}
{"message":"::1 - - [31/Jan/2020:13:46:30 +0000] \"GET /logs/getUserActivity HTTP/1.1\" 200 1526 \"http://localhost:3000/Home\" \"Mozilla/5.0 (Windows NT 10.0; Win64; x64) AppleWebKit/537.36 (KHTML, like Gecko) Chrome/79.0.3945.130 Safari/537.36\"\n","level":"info"}
{"message":"::1 - - [31/Jan/2020:13:46:57 +0000] \"OPTIONS /api/v1/news/country/in/category/Business/page/1 HTTP/1.1\" 204 0 \"http://localhost:3000/Home\" \"Mozilla/5.0 (Windows NT 10.0; Win64; x64) AppleWebKit/537.36 (KHTML, like Gecko) Chrome/79.0.3945.130 Safari/537.36\"\n","level":"info"}
{"message":"::1 - - [31/Jan/2020:13:46:57 +0000] \"OPTIONS /api/v1/news/country/in/category/Business/page/1 HTTP/1.1\" 204 0 \"http://localhost:3000/Home\" \"Mozilla/5.0 (Windows NT 10.0; Win64; x64) AppleWebKit/537.36 (KHTML, like Gecko) Chrome/79.0.3945.130 Safari/537.36\"\n","level":"info"}
{"message":"::1 - - [31/Jan/2020:13:46:58 +0000] \"GET /api/v1/news/country/in/category/Business/page/1 HTTP/1.1\" 304 - \"http://localhost:3000/Home\" \"Mozilla/5.0 (Windows NT 10.0; Win64; x64) AppleWebKit/537.36 (KHTML, like Gecko) Chrome/79.0.3945.130 Safari/537.36\"\n","level":"info"}
{"message":"::1 - - [31/Jan/2020:13:46:58 +0000] \"OPTIONS /api/userdetails/fetch HTTP/1.1\" 204 0 \"http://localhost:3000/Home\" \"Mozilla/5.0 (Windows NT 10.0; Win64; x64) AppleWebKit/537.36 (KHTML, like Gecko) Chrome/79.0.3945.130 Safari/537.36\"\n","level":"info"}
{"message":"::1 - - [31/Jan/2020:13:46:58 +0000] \"GET /api/userdetails/fetch HTTP/1.1\" 304 - \"http://localhost:3000/Home\" \"Mozilla/5.0 (Windows NT 10.0; Win64; x64) AppleWebKit/537.36 (KHTML, like Gecko) Chrome/79.0.3945.130 Safari/537.36\"\n","level":"info"}
{"message":"::1 - - [31/Jan/2020:13:46:59 +0000] \"GET /api/v1/news/country/in/category/Business/page/1 HTTP/1.1\" 304 - \"http://localhost:3000/Home\" \"Mozilla/5.0 (Windows NT 10.0; Win64; x64) AppleWebKit/537.36 (KHTML, like Gecko) Chrome/79.0.3945.130 Safari/537.36\"\n","level":"info"}
{"message":"::1 - - [31/Jan/2020:13:46:59 +0000] \"GET /api/userdetails/fetch HTTP/1.1\" 304 - \"http://localhost:3000/Home\" \"Mozilla/5.0 (Windows NT 10.0; Win64; x64) AppleWebKit/537.36 (KHTML, like Gecko) Chrome/79.0.3945.130 Safari/537.36\"\n","level":"info"}
{"message":"::1 - - [31/Jan/2020:13:48:00 +0000] \"OPTIONS /pgcollection/v1/news/fetchNews HTTP/1.1\" 204 0 \"http://localhost:3000/Home\" \"Mozilla/5.0 (Windows NT 10.0; Win64; x64) AppleWebKit/537.36 (KHTML, like Gecko) Chrome/79.0.3945.130 Safari/537.36\"\n","level":"info"}
{"message":"::1 - - [31/Jan/2020:13:48:00 +0000] \"GET /pgcollection/v1/news/fetchNews HTTP/1.1\" 304 - \"http://localhost:3000/Home\" \"Mozilla/5.0 (Windows NT 10.0; Win64; x64) AppleWebKit/537.36 (KHTML, like Gecko) Chrome/79.0.3945.130 Safari/537.36\"\n","level":"info"}
{"message":"::1 - - [31/Jan/2020:13:49:57 +0000] \"OPTIONS /api/user/logout HTTP/1.1\" 204 0 \"http://localhost:3000/Home\" \"Mozilla/5.0 (Windows NT 10.0; Win64; x64) AppleWebKit/537.36 (KHTML, like Gecko) Chrome/79.0.3945.130 Safari/537.36\"\n","level":"info"}
{"message":"::1 - - [31/Jan/2020:13:49:57 +0000] \"POST /api/user/logout HTTP/1.1\" 201 311 \"http://localhost:3000/Home\" \"Mozilla/5.0 (Windows NT 10.0; Win64; x64) AppleWebKit/537.36 (KHTML, like Gecko) Chrome/79.0.3945.130 Safari/537.36\"\n","level":"info"}
{"message":"::1 - - [31/Jan/2020:13:50:10 +0000] \"OPTIONS /api/user/login HTTP/1.1\" 204 0 \"http://localhost:3000/\" \"Mozilla/5.0 (Windows NT 10.0; Win64; x64) AppleWebKit/537.36 (KHTML, like Gecko) Chrome/79.0.3945.130 Safari/537.36\"\n","level":"info"}
{"message":"::1 - - [31/Jan/2020:13:50:11 +0000] \"POST /api/user/login HTTP/1.1\" 200 298 \"http://localhost:3000/\" \"Mozilla/5.0 (Windows NT 10.0; Win64; x64) AppleWebKit/537.36 (KHTML, like Gecko) Chrome/79.0.3945.130 Safari/537.36\"\n","level":"info"}
{"message":"::1 - - [31/Jan/2020:13:50:11 +0000] \"OPTIONS /api/v1/news/country/in/category/Business/page/1 HTTP/1.1\" 204 0 \"http://localhost:3000/Home\" \"Mozilla/5.0 (Windows NT 10.0; Win64; x64) AppleWebKit/537.36 (KHTML, like Gecko) Chrome/79.0.3945.130 Safari/537.36\"\n","level":"info"}
{"message":"::1 - - [31/Jan/2020:13:50:11 +0000] \"OPTIONS /api/v1/news/country/in/category/Business/page/1 HTTP/1.1\" 204 0 \"http://localhost:3000/Home\" \"Mozilla/5.0 (Windows NT 10.0; Win64; x64) AppleWebKit/537.36 (KHTML, like Gecko) Chrome/79.0.3945.130 Safari/537.36\"\n","level":"info"}
{"message":"::1 - - [31/Jan/2020:13:50:12 +0000] \"GET /api/v1/news/country/in/category/Business/page/1 HTTP/1.1\" 304 - \"http://localhost:3000/Home\" \"Mozilla/5.0 (Windows NT 10.0; Win64; x64) AppleWebKit/537.36 (KHTML, like Gecko) Chrome/79.0.3945.130 Safari/537.36\"\n","level":"info"}
{"message":"::1 - - [31/Jan/2020:13:50:12 +0000] \"OPTIONS /api/userdetails/fetch HTTP/1.1\" 204 0 \"http://localhost:3000/Home\" \"Mozilla/5.0 (Windows NT 10.0; Win64; x64) AppleWebKit/537.36 (KHTML, like Gecko) Chrome/79.0.3945.130 Safari/537.36\"\n","level":"info"}
{"message":"::1 - - [31/Jan/2020:13:50:12 +0000] \"GET /api/userdetails/fetch HTTP/1.1\" 200 1135296 \"http://localhost:3000/Home\" \"Mozilla/5.0 (Windows NT 10.0; Win64; x64) AppleWebKit/537.36 (KHTML, like Gecko) Chrome/79.0.3945.130 Safari/537.36\"\n","level":"info"}
{"message":"::1 - - [31/Jan/2020:13:50:13 +0000] \"GET /api/v1/news/country/in/category/Business/page/1 HTTP/1.1\" 304 - \"http://localhost:3000/Home\" \"Mozilla/5.0 (Windows NT 10.0; Win64; x64) AppleWebKit/537.36 (KHTML, like Gecko) Chrome/79.0.3945.130 Safari/537.36\"\n","level":"info"}
{"message":"::1 - - [31/Jan/2020:13:50:13 +0000] \"GET /api/userdetails/fetch HTTP/1.1\" 304 - \"http://localhost:3000/Home\" \"Mozilla/5.0 (Windows NT 10.0; Win64; x64) AppleWebKit/537.36 (KHTML, like Gecko) Chrome/79.0.3945.130 Safari/537.36\"\n","level":"info"}
{"message":"::1 - - [31/Jan/2020:13:50:21 +0000] \"OPTIONS /pgcollection/v1/news/fetchNews HTTP/1.1\" 204 0 \"http://localhost:3000/Home\" \"Mozilla/5.0 (Windows NT 10.0; Win64; x64) AppleWebKit/537.36 (KHTML, like Gecko) Chrome/79.0.3945.130 Safari/537.36\"\n","level":"info"}
{"message":"::1 - - [31/Jan/2020:13:50:21 +0000] \"GET /pgcollection/v1/news/fetchNews HTTP/1.1\" 304 - \"http://localhost:3000/Home\" \"Mozilla/5.0 (Windows NT 10.0; Win64; x64) AppleWebKit/537.36 (KHTML, like Gecko) Chrome/79.0.3945.130 Safari/537.36\"\n","level":"info"}
{"message":"::1 - - [31/Jan/2020:13:50:24 +0000] \"OPTIONS /api/v1/news/country/in/category/Business/page/1 HTTP/1.1\" 204 0 \"http://localhost:3000/Home\" \"Mozilla/5.0 (Windows NT 10.0; Win64; x64) AppleWebKit/537.36 (KHTML, like Gecko) Chrome/79.0.3945.130 Safari/537.36\"\n","level":"info"}
{"message":"::1 - - [31/Jan/2020:13:50:25 +0000] \"GET /api/v1/news/country/in/category/Business/page/1 HTTP/1.1\" 304 - \"http://localhost:3000/Home\" \"Mozilla/5.0 (Windows NT 10.0; Win64; x64) AppleWebKit/537.36 (KHTML, like Gecko) Chrome/79.0.3945.130 Safari/537.36\"\n","level":"info"}
{"message":"::1 - - [31/Jan/2020:13:50:25 +0000] \"OPTIONS /api/userdetails/fetch HTTP/1.1\" 204 0 \"http://localhost:3000/Home\" \"Mozilla/5.0 (Windows NT 10.0; Win64; x64) AppleWebKit/537.36 (KHTML, like Gecko) Chrome/79.0.3945.130 Safari/537.36\"\n","level":"info"}
{"message":"::1 - - [31/Jan/2020:13:50:25 +0000] \"GET /api/userdetails/fetch HTTP/1.1\" 304 - \"http://localhost:3000/Home\" \"Mozilla/5.0 (Windows NT 10.0; Win64; x64) AppleWebKit/537.36 (KHTML, like Gecko) Chrome/79.0.3945.130 Safari/537.36\"\n","level":"info"}
{"message":"::1 - - [31/Jan/2020:13:50:26 +0000] \"OPTIONS /pgcollection/v1/news/postNews HTTP/1.1\" 204 0 \"http://localhost:3000/Home\" \"Mozilla/5.0 (Windows NT 10.0; Win64; x64) AppleWebKit/537.36 (KHTML, like Gecko) Chrome/79.0.3945.130 Safari/537.36\"\n","level":"info"}
{"message":"::1 - - [31/Jan/2020:13:50:26 +0000] \"POST /pgcollection/v1/news/postNews HTTP/1.1\" 200 16 \"http://localhost:3000/Home\" \"Mozilla/5.0 (Windows NT 10.0; Win64; x64) AppleWebKit/537.36 (KHTML, like Gecko) Chrome/79.0.3945.130 Safari/537.36\"\n","level":"info"}
{"message":"::1 - - [31/Jan/2020:13:50:28 +0000] \"OPTIONS /pgcollection/v1/news/fetchNews HTTP/1.1\" 204 0 \"http://localhost:3000/Home\" \"Mozilla/5.0 (Windows NT 10.0; Win64; x64) AppleWebKit/537.36 (KHTML, like Gecko) Chrome/79.0.3945.130 Safari/537.36\"\n","level":"info"}
{"message":"::1 - - [31/Jan/2020:13:50:28 +0000] \"GET /pgcollection/v1/news/fetchNews HTTP/1.1\" 200 598 \"http://localhost:3000/Home\" \"Mozilla/5.0 (Windows NT 10.0; Win64; x64) AppleWebKit/537.36 (KHTML, like Gecko) Chrome/79.0.3945.130 Safari/537.36\"\n","level":"info"}
{"message":"::1 - - [31/Jan/2020:13:50:33 +0000] \"OPTIONS /pgcollection/v1/news/deleteNews HTTP/1.1\" 204 0 \"http://localhost:3000/Home\" \"Mozilla/5.0 (Windows NT 10.0; Win64; x64) AppleWebKit/537.36 (KHTML, like Gecko) Chrome/79.0.3945.130 Safari/537.36\"\n","level":"info"}
{"message":"::1 - - [31/Jan/2020:13:50:33 +0000] \"DELETE /pgcollection/v1/news/deleteNews HTTP/1.1\" 200 16 \"http://localhost:3000/Home\" \"Mozilla/5.0 (Windows NT 10.0; Win64; x64) AppleWebKit/537.36 (KHTML, like Gecko) Chrome/79.0.3945.130 Safari/537.36\"\n","level":"info"}
{"message":"::1 - - [31/Jan/2020:13:50:33 +0000] \"OPTIONS /pgcollection/v1/news/fetchNews HTTP/1.1\" 204 0 \"http://localhost:3000/Home\" \"Mozilla/5.0 (Windows NT 10.0; Win64; x64) AppleWebKit/537.36 (KHTML, like Gecko) Chrome/79.0.3945.130 Safari/537.36\"\n","level":"info"}
{"message":"::1 - - [31/Jan/2020:13:50:33 +0000] \"GET /pgcollection/v1/news/fetchNews HTTP/1.1\" 200 26 \"http://localhost:3000/Home\" \"Mozilla/5.0 (Windows NT 10.0; Win64; x64) AppleWebKit/537.36 (KHTML, like Gecko) Chrome/79.0.3945.130 Safari/537.36\"\n","level":"info"}
{"message":"::1 - - [31/Jan/2020:13:50:36 +0000] \"OPTIONS /api/userdetails/fetch HTTP/1.1\" 204 0 \"http://localhost:3000/Home\" \"Mozilla/5.0 (Windows NT 10.0; Win64; x64) AppleWebKit/537.36 (KHTML, like Gecko) Chrome/79.0.3945.130 Safari/537.36\"\n","level":"info"}
{"message":"::1 - - [31/Jan/2020:13:50:36 +0000] \"GET /api/userdetails/fetch HTTP/1.1\" 304 - \"http://localhost:3000/Home\" \"Mozilla/5.0 (Windows NT 10.0; Win64; x64) AppleWebKit/537.36 (KHTML, like Gecko) Chrome/79.0.3945.130 Safari/537.36\"\n","level":"info"}
{"message":"::1 - - [31/Jan/2020:13:50:40 +0000] \"OPTIONS /logs/getUserActivity HTTP/1.1\" 204 0 \"http://localhost:3000/Home\" \"Mozilla/5.0 (Windows NT 10.0; Win64; x64) AppleWebKit/537.36 (KHTML, like Gecko) Chrome/79.0.3945.130 Safari/537.36\"\n","level":"info"}
{"message":"::1 - - [31/Jan/2020:13:50:40 +0000] \"GET /logs/getUserActivity HTTP/1.1\" 200 1778 \"http://localhost:3000/Home\" \"Mozilla/5.0 (Windows NT 10.0; Win64; x64) AppleWebKit/537.36 (KHTML, like Gecko) Chrome/79.0.3945.130 Safari/537.36\"\n","level":"info"}
{"message":"::1 - - [31/Jan/2020:13:56:29 +0000] \"OPTIONS /api/userdetails/fetch HTTP/1.1\" 204 0 \"http://localhost:3000/Home\" \"Mozilla/5.0 (Windows NT 10.0; Win64; x64) AppleWebKit/537.36 (KHTML, like Gecko) Chrome/79.0.3945.130 Safari/537.36\"\n","level":"info"}
{"message":"::1 - - [31/Jan/2020:13:56:29 +0000] \"GET /api/userdetails/fetch HTTP/1.1\" 304 - \"http://localhost:3000/Home\" \"Mozilla/5.0 (Windows NT 10.0; Win64; x64) AppleWebKit/537.36 (KHTML, like Gecko) Chrome/79.0.3945.130 Safari/537.36\"\n","level":"info"}
{"message":"::1 - - [31/Jan/2020:13:56:34 +0000] \"OPTIONS /api/userdetails/setProfilePicture HTTP/1.1\" 204 0 \"http://localhost:3000/Home\" \"Mozilla/5.0 (Windows NT 10.0; Win64; x64) AppleWebKit/537.36 (KHTML, like Gecko) Chrome/79.0.3945.130 Safari/537.36\"\n","level":"info"}
{"message":"::1 - - [31/Jan/2020:13:56:35 +0000] \"POST /api/userdetails/setProfilePicture HTTP/1.1\" 200 3815885 \"http://localhost:3000/Home\" \"Mozilla/5.0 (Windows NT 10.0; Win64; x64) AppleWebKit/537.36 (KHTML, like Gecko) Chrome/79.0.3945.130 Safari/537.36\"\n","level":"info"}
{"message":"::1 - - [31/Jan/2020:13:56:35 +0000] \"OPTIONS /api/userdetails/fetch HTTP/1.1\" 204 0 \"http://localhost:3000/Home\" \"Mozilla/5.0 (Windows NT 10.0; Win64; x64) AppleWebKit/537.36 (KHTML, like Gecko) Chrome/79.0.3945.130 Safari/537.36\"\n","level":"info"}
{"message":"::1 - - [31/Jan/2020:13:56:35 +0000] \"GET /api/userdetails/fetch HTTP/1.1\" 200 10036218 \"http://localhost:3000/Home\" \"Mozilla/5.0 (Windows NT 10.0; Win64; x64) AppleWebKit/537.36 (KHTML, like Gecko) Chrome/79.0.3945.130 Safari/537.36\"\n","level":"info"}
{"message":"::1 - - [31/Jan/2020:13:56:36 +0000] \"OPTIONS /logs/getUserActivity HTTP/1.1\" 204 0 \"http://localhost:3000/Home\" \"Mozilla/5.0 (Windows NT 10.0; Win64; x64) AppleWebKit/537.36 (KHTML, like Gecko) Chrome/79.0.3945.130 Safari/537.36\"\n","level":"info"}
{"message":"::1 - - [31/Jan/2020:13:56:37 +0000] \"GET /logs/getUserActivity HTTP/1.1\" 304 - \"http://localhost:3000/Home\" \"Mozilla/5.0 (Windows NT 10.0; Win64; x64) AppleWebKit/537.36 (KHTML, like Gecko) Chrome/79.0.3945.130 Safari/537.36\"\n","level":"info"}
{"message":"::1 - - [31/Jan/2020:13:56:47 +0000] \"OPTIONS /api/v1/news/country/in/category/Business/page/1 HTTP/1.1\" 204 0 \"http://localhost:3000/Home\" \"Mozilla/5.0 (Windows NT 10.0; Win64; x64) AppleWebKit/537.36 (KHTML, like Gecko) Chrome/79.0.3945.130 Safari/537.36\"\n","level":"info"}
{"message":"::1 - - [31/Jan/2020:13:56:48 +0000] \"GET /api/v1/news/country/in/category/Business/page/1 HTTP/1.1\" 304 - \"http://localhost:3000/Home\" \"Mozilla/5.0 (Windows NT 10.0; Win64; x64) AppleWebKit/537.36 (KHTML, like Gecko) Chrome/79.0.3945.130 Safari/537.36\"\n","level":"info"}
{"message":"::1 - - [31/Jan/2020:13:56:48 +0000] \"OPTIONS /api/userdetails/fetch HTTP/1.1\" 204 0 \"http://localhost:3000/Home\" \"Mozilla/5.0 (Windows NT 10.0; Win64; x64) AppleWebKit/537.36 (KHTML, like Gecko) Chrome/79.0.3945.130 Safari/537.36\"\n","level":"info"}
{"message":"::1 - - [31/Jan/2020:13:56:49 +0000] \"GET /api/userdetails/fetch HTTP/1.1\" 304 - \"http://localhost:3000/Home\" \"Mozilla/5.0 (Windows NT 10.0; Win64; x64) AppleWebKit/537.36 (KHTML, like Gecko) Chrome/79.0.3945.130 Safari/537.36\"\n","level":"info"}
{"message":"::1 - - [31/Jan/2020:13:56:50 +0000] \"OPTIONS /api/v1/news/country/in/category/business/page/1 HTTP/1.1\" 204 0 \"http://localhost:3000/Home\" \"Mozilla/5.0 (Windows NT 10.0; Win64; x64) AppleWebKit/537.36 (KHTML, like Gecko) Chrome/79.0.3945.130 Safari/537.36\"\n","level":"info"}
{"message":"::1 - - [31/Jan/2020:13:56:51 +0000] \"GET /api/v1/news/country/in/category/business/page/1 HTTP/1.1\" 200 5825 \"http://localhost:3000/Home\" \"Mozilla/5.0 (Windows NT 10.0; Win64; x64) AppleWebKit/537.36 (KHTML, like Gecko) Chrome/79.0.3945.130 Safari/537.36\"\n","level":"info"}
{"message":"::1 - - [31/Jan/2020:13:56:51 +0000] \"GET /api/userdetails/fetch HTTP/1.1\" 304 - \"http://localhost:3000/Home\" \"Mozilla/5.0 (Windows NT 10.0; Win64; x64) AppleWebKit/537.36 (KHTML, like Gecko) Chrome/79.0.3945.130 Safari/537.36\"\n","level":"info"}
{"message":"::1 - - [31/Jan/2020:13:56:52 +0000] \"OPTIONS /api/v1/news/country/ca/category/business/page/1 HTTP/1.1\" 204 0 \"http://localhost:3000/Home\" \"Mozilla/5.0 (Windows NT 10.0; Win64; x64) AppleWebKit/537.36 (KHTML, like Gecko) Chrome/79.0.3945.130 Safari/537.36\"\n","level":"info"}
{"message":"::1 - - [31/Jan/2020:13:56:53 +0000] \"GET /api/v1/news/country/ca/category/business/page/1 HTTP/1.1\" 200 5629 \"http://localhost:3000/Home\" \"Mozilla/5.0 (Windows NT 10.0; Win64; x64) AppleWebKit/537.36 (KHTML, like Gecko) Chrome/79.0.3945.130 Safari/537.36\"\n","level":"info"}
{"message":"::1 - - [31/Jan/2020:13:56:53 +0000] \"OPTIONS /api/userdetails/fetch HTTP/1.1\" 204 0 \"http://localhost:3000/Home\" \"Mozilla/5.0 (Windows NT 10.0; Win64; x64) AppleWebKit/537.36 (KHTML, like Gecko) Chrome/79.0.3945.130 Safari/537.36\"\n","level":"info"}
{"message":"::1 - - [31/Jan/2020:13:56:54 +0000] \"GET /api/userdetails/fetch HTTP/1.1\" 304 - \"http://localhost:3000/Home\" \"Mozilla/5.0 (Windows NT 10.0; Win64; x64) AppleWebKit/537.36 (KHTML, like Gecko) Chrome/79.0.3945.130 Safari/537.36\"\n","level":"info"}
{"message":"::1 - - [31/Jan/2020:13:57:08 +0000] \"OPTIONS /api/v1/news/country/in/category/Business/page/1 HTTP/1.1\" 204 0 \"http://localhost:3000/Home\" \"Mozilla/5.0 (Windows NT 10.0; Win64; x64) AppleWebKit/537.36 (KHTML, like Gecko) Chrome/79.0.3945.130 Safari/537.36\"\n","level":"info"}
{"message":"::1 - - [31/Jan/2020:13:57:08 +0000] \"OPTIONS /api/v1/news/country/in/category/Business/page/1 HTTP/1.1\" 204 0 \"http://localhost:3000/Home\" \"Mozilla/5.0 (Windows NT 10.0; Win64; x64) AppleWebKit/537.36 (KHTML, like Gecko) Chrome/79.0.3945.130 Safari/537.36\"\n","level":"info"}
{"message":"::1 - - [31/Jan/2020:13:57:09 +0000] \"GET /api/v1/news/country/in/category/Business/page/1 HTTP/1.1\" 304 - \"http://localhost:3000/Home\" \"Mozilla/5.0 (Windows NT 10.0; Win64; x64) AppleWebKit/537.36 (KHTML, like Gecko) Chrome/79.0.3945.130 Safari/537.36\"\n","level":"info"}
{"message":"::1 - - [31/Jan/2020:13:57:09 +0000] \"OPTIONS /api/userdetails/fetch HTTP/1.1\" 204 0 \"http://localhost:3000/Home\" \"Mozilla/5.0 (Windows NT 10.0; Win64; x64) AppleWebKit/537.36 (KHTML, like Gecko) Chrome/79.0.3945.130 Safari/537.36\"\n","level":"info"}
{"message":"::1 - - [31/Jan/2020:13:57:10 +0000] \"GET /api/userdetails/fetch HTTP/1.1\" 304 - \"http://localhost:3000/Home\" \"Mozilla/5.0 (Windows NT 10.0; Win64; x64) AppleWebKit/537.36 (KHTML, like Gecko) Chrome/79.0.3945.130 Safari/537.36\"\n","level":"info"}
{"message":"::1 - - [31/Jan/2020:13:57:10 +0000] \"GET /api/v1/news/country/in/category/Business/page/1 HTTP/1.1\" 304 - \"http://localhost:3000/Home\" \"Mozilla/5.0 (Windows NT 10.0; Win64; x64) AppleWebKit/537.36 (KHTML, like Gecko) Chrome/79.0.3945.130 Safari/537.36\"\n","level":"info"}
{"message":"::1 - - [31/Jan/2020:13:57:11 +0000] \"GET /api/userdetails/fetch HTTP/1.1\" 304 - \"http://localhost:3000/Home\" \"Mozilla/5.0 (Windows NT 10.0; Win64; x64) AppleWebKit/537.36 (KHTML, like Gecko) Chrome/79.0.3945.130 Safari/537.36\"\n","level":"info"}
{"message":"::1 - - [31/Jan/2020:13:57:30 +0000] \"OPTIONS /api/userdetails/fetch HTTP/1.1\" 204 0 \"http://localhost:3000/Home\" \"Mozilla/5.0 (Windows NT 10.0; Win64; x64) AppleWebKit/537.36 (KHTML, like Gecko) Chrome/79.0.3945.130 Safari/537.36\"\n","level":"info"}
{"message":"::1 - - [31/Jan/2020:13:57:31 +0000] \"GET /api/userdetails/fetch HTTP/1.1\" 304 - \"http://localhost:3000/Home\" \"Mozilla/5.0 (Windows NT 10.0; Win64; x64) AppleWebKit/537.36 (KHTML, like Gecko) Chrome/79.0.3945.130 Safari/537.36\"\n","level":"info"}
{"message":"::1 - - [31/Jan/2020:13:57:32 +0000] \"OPTIONS /logs/getUserActivity HTTP/1.1\" 204 0 \"http://localhost:3000/Home\" \"Mozilla/5.0 (Windows NT 10.0; Win64; x64) AppleWebKit/537.36 (KHTML, like Gecko) Chrome/79.0.3945.130 Safari/537.36\"\n","level":"info"}
{"message":"::1 - - [31/Jan/2020:13:57:32 +0000] \"GET /logs/getUserActivity HTTP/1.1\" 304 - \"http://localhost:3000/Home\" \"Mozilla/5.0 (Windows NT 10.0; Win64; x64) AppleWebKit/537.36 (KHTML, like Gecko) Chrome/79.0.3945.130 Safari/537.36\"\n","level":"info"}
{"message":"::1 - - [31/Jan/2020:13:59:48 +0000] \"OPTIONS /api/userdetails/fetch HTTP/1.1\" 204 0 \"http://localhost:3000/Home\" \"Mozilla/5.0 (Windows NT 10.0; Win64; x64) AppleWebKit/537.36 (KHTML, like Gecko) Chrome/79.0.3945.130 Safari/537.36\"\n","level":"info"}
{"message":"::1 - - [31/Jan/2020:13:59:49 +0000] \"GET /api/userdetails/fetch HTTP/1.1\" 304 - \"http://localhost:3000/Home\" \"Mozilla/5.0 (Windows NT 10.0; Win64; x64) AppleWebKit/537.36 (KHTML, like Gecko) Chrome/79.0.3945.130 Safari/537.36\"\n","level":"info"}
{"message":"::1 - - [31/Jan/2020:14:00:12 +0000] \"OPTIONS /pgcollection/v1/news/fetchNews HTTP/1.1\" 204 0 \"http://localhost:3000/Home\" \"Mozilla/5.0 (Windows NT 10.0; Win64; x64) AppleWebKit/537.36 (KHTML, like Gecko) Chrome/79.0.3945.130 Safari/537.36\"\n","level":"info"}
{"message":"::1 - - [31/Jan/2020:14:00:12 +0000] \"GET /pgcollection/v1/news/fetchNews HTTP/1.1\" 304 - \"http://localhost:3000/Home\" \"Mozilla/5.0 (Windows NT 10.0; Win64; x64) AppleWebKit/537.36 (KHTML, like Gecko) Chrome/79.0.3945.130 Safari/537.36\"\n","level":"info"}
{"message":"::1 - - [31/Jan/2020:14:00:15 +0000] \"OPTIONS /api/v1/news/country/in/category/Business/page/1 HTTP/1.1\" 204 0 \"http://localhost:3000/Home\" \"Mozilla/5.0 (Windows NT 10.0; Win64; x64) AppleWebKit/537.36 (KHTML, like Gecko) Chrome/79.0.3945.130 Safari/537.36\"\n","level":"info"}
{"message":"::1 - - [31/Jan/2020:14:00:16 +0000] \"GET /api/v1/news/country/in/category/Business/page/1 HTTP/1.1\" 304 - \"http://localhost:3000/Home\" \"Mozilla/5.0 (Windows NT 10.0; Win64; x64) AppleWebKit/537.36 (KHTML, like Gecko) Chrome/79.0.3945.130 Safari/537.36\"\n","level":"info"}
{"message":"::1 - - [31/Jan/2020:14:00:16 +0000] \"OPTIONS /api/userdetails/fetch HTTP/1.1\" 204 0 \"http://localhost:3000/Home\" \"Mozilla/5.0 (Windows NT 10.0; Win64; x64) AppleWebKit/537.36 (KHTML, like Gecko) Chrome/79.0.3945.130 Safari/537.36\"\n","level":"info"}
{"message":"::1 - - [31/Jan/2020:14:00:17 +0000] \"GET /api/userdetails/fetch HTTP/1.1\" 304 - \"http://localhost:3000/Home\" \"Mozilla/5.0 (Windows NT 10.0; Win64; x64) AppleWebKit/537.36 (KHTML, like Gecko) Chrome/79.0.3945.130 Safari/537.36\"\n","level":"info"}
{"message":"::1 - - [31/Jan/2020:14:00:19 +0000] \"GET /api/userdetails/fetch HTTP/1.1\" 304 - \"http://localhost:3000/Home\" \"Mozilla/5.0 (Windows NT 10.0; Win64; x64) AppleWebKit/537.36 (KHTML, like Gecko) Chrome/79.0.3945.130 Safari/537.36\"\n","level":"info"}
{"message":"::1 - - [31/Jan/2020:14:00:27 +0000] \"OPTIONS /logs/getUserActivity HTTP/1.1\" 204 0 \"http://localhost:3000/Home\" \"Mozilla/5.0 (Windows NT 10.0; Win64; x64) AppleWebKit/537.36 (KHTML, like Gecko) Chrome/79.0.3945.130 Safari/537.36\"\n","level":"info"}
{"message":"::1 - - [31/Jan/2020:14:00:27 +0000] \"GET /logs/getUserActivity HTTP/1.1\" 304 - \"http://localhost:3000/Home\" \"Mozilla/5.0 (Windows NT 10.0; Win64; x64) AppleWebKit/537.36 (KHTML, like Gecko) Chrome/79.0.3945.130 Safari/537.36\"\n","level":"info"}
{"message":"::1 - - [31/Jan/2020:14:00:54 +0000] \"OPTIONS /api/userdetails/fetch HTTP/1.1\" 204 0 \"http://localhost:3000/Home\" \"Mozilla/5.0 (Windows NT 10.0; Win64; x64) AppleWebKit/537.36 (KHTML, like Gecko) Chrome/79.0.3945.130 Safari/537.36\"\n","level":"info"}
{"message":"::1 - - [31/Jan/2020:14:00:55 +0000] \"GET /api/userdetails/fetch HTTP/1.1\" 304 - \"http://localhost:3000/Home\" \"Mozilla/5.0 (Windows NT 10.0; Win64; x64) AppleWebKit/537.36 (KHTML, like Gecko) Chrome/79.0.3945.130 Safari/537.36\"\n","level":"info"}
