{"message":"::1 - - [07/Feb/2020:07:22:24 +0000] \"GET /api/v1/news/country/in/category/Business/page/1 HTTP/1.1\" 304 - \"http://localhost:3000/Home\" \"Mozilla/5.0 (Windows NT 10.0; Win64; x64) AppleWebKit/537.36 (KHTML, like Gecko) Chrome/79.0.3945.130 Safari/537.36\"\n","level":"info"}
{"message":"::1 - - [07/Feb/2020:07:22:24 +0000] \"OPTIONS /api/userdetails/fetch HTTP/1.1\" 204 0 \"http://localhost:3000/Home\" \"Mozilla/5.0 (Windows NT 10.0; Win64; x64) AppleWebKit/537.36 (KHTML, like Gecko) Chrome/79.0.3945.130 Safari/537.36\"\n","level":"info"}
{"message":"::1 - - [07/Feb/2020:07:22:24 +0000] \"GET /api/userdetails/fetch HTTP/1.1\" 304 - \"http://localhost:3000/Home\" \"Mozilla/5.0 (Windows NT 10.0; Win64; x64) AppleWebKit/537.36 (KHTML, like Gecko) Chrome/79.0.3945.130 Safari/537.36\"\n","level":"info"}
{"message":"::1 - - [07/Feb/2020:07:22:25 +0000] \"GET /api/v1/news/country/in/category/Business/page/1 HTTP/1.1\" 304 - \"http://localhost:3000/Home\" \"Mozilla/5.0 (Windows NT 10.0; Win64; x64) AppleWebKit/537.36 (KHTML, like Gecko) Chrome/79.0.3945.130 Safari/537.36\"\n","level":"info"}
{"message":"::1 - - [07/Feb/2020:07:22:25 +0000] \"GET /api/userdetails/fetch HTTP/1.1\" 304 - \"http://localhost:3000/Home\" \"Mozilla/5.0 (Windows NT 10.0; Win64; x64) AppleWebKit/537.36 (KHTML, like Gecko) Chrome/79.0.3945.130 Safari/537.36\"\n","level":"info"}
{"message":"::1 - - [07/Feb/2020:07:22:45 +0000] \"OPTIONS /api/v1/news/country/in/category/Business/page/1 HTTP/1.1\" 204 0 \"http://localhost:3000/Home\" \"Mozilla/5.0 (Windows NT 10.0; Win64; x64) AppleWebKit/537.36 (KHTML, like Gecko) Chrome/79.0.3945.130 Safari/537.36\"\n","level":"info"}
{"message":"::1 - - [07/Feb/2020:07:22:45 +0000] \"OPTIONS /api/v1/news/country/in/category/Business/page/1 HTTP/1.1\" 204 0 \"http://localhost:3000/Home\" \"Mozilla/5.0 (Windows NT 10.0; Win64; x64) AppleWebKit/537.36 (KHTML, like Gecko) Chrome/79.0.3945.130 Safari/537.36\"\n","level":"info"}
{"message":"::1 - - [07/Feb/2020:07:22:46 +0000] \"GET /api/v1/news/country/in/category/Business/page/1 HTTP/1.1\" 304 - \"http://localhost:3000/Home\" \"Mozilla/5.0 (Windows NT 10.0; Win64; x64) AppleWebKit/537.36 (KHTML, like Gecko) Chrome/79.0.3945.130 Safari/537.36\"\n","level":"info"}
{"message":"::1 - - [07/Feb/2020:07:22:46 +0000] \"OPTIONS /api/userdetails/fetch HTTP/1.1\" 204 0 \"http://localhost:3000/Home\" \"Mozilla/5.0 (Windows NT 10.0; Win64; x64) AppleWebKit/537.36 (KHTML, like Gecko) Chrome/79.0.3945.130 Safari/537.36\"\n","level":"info"}
{"message":"::1 - - [07/Feb/2020:07:22:47 +0000] \"GET /api/userdetails/fetch HTTP/1.1\" 304 - \"http://localhost:3000/Home\" \"Mozilla/5.0 (Windows NT 10.0; Win64; x64) AppleWebKit/537.36 (KHTML, like Gecko) Chrome/79.0.3945.130 Safari/537.36\"\n","level":"info"}
{"message":"::1 - - [07/Feb/2020:07:22:47 +0000] \"GET /api/v1/news/country/in/category/Business/page/1 HTTP/1.1\" 304 - \"http://localhost:3000/Home\" \"Mozilla/5.0 (Windows NT 10.0; Win64; x64) AppleWebKit/537.36 (KHTML, like Gecko) Chrome/79.0.3945.130 Safari/537.36\"\n","level":"info"}
{"message":"::1 - - [07/Feb/2020:07:22:47 +0000] \"GET /api/userdetails/fetch HTTP/1.1\" 304 - \"http://localhost:3000/Home\" \"Mozilla/5.0 (Windows NT 10.0; Win64; x64) AppleWebKit/537.36 (KHTML, like Gecko) Chrome/79.0.3945.130 Safari/537.36\"\n","level":"info"}
{"message":"::1 - - [07/Feb/2020:07:23:19 +0000] \"OPTIONS /api/v1/news/country/in/category/Business/page/1 HTTP/1.1\" 204 0 \"http://localhost:3000/Home\" \"Mozilla/5.0 (Windows NT 10.0; Win64; x64) AppleWebKit/537.36 (KHTML, like Gecko) Chrome/79.0.3945.130 Safari/537.36\"\n","level":"info"}
{"message":"::1 - - [07/Feb/2020:07:23:19 +0000] \"OPTIONS /api/v1/news/country/in/category/Business/page/1 HTTP/1.1\" 204 0 \"http://localhost:3000/Home\" \"Mozilla/5.0 (Windows NT 10.0; Win64; x64) AppleWebKit/537.36 (KHTML, like Gecko) Chrome/79.0.3945.130 Safari/537.36\"\n","level":"info"}
{"message":"::1 - - [07/Feb/2020:07:23:20 +0000] \"GET /api/v1/news/country/in/category/Business/page/1 HTTP/1.1\" 304 - \"http://localhost:3000/Home\" \"Mozilla/5.0 (Windows NT 10.0; Win64; x64) AppleWebKit/537.36 (KHTML, like Gecko) Chrome/79.0.3945.130 Safari/537.36\"\n","level":"info"}
{"message":"::1 - - [07/Feb/2020:07:23:20 +0000] \"OPTIONS /api/userdetails/fetch HTTP/1.1\" 204 0 \"http://localhost:3000/Home\" \"Mozilla/5.0 (Windows NT 10.0; Win64; x64) AppleWebKit/537.36 (KHTML, like Gecko) Chrome/79.0.3945.130 Safari/537.36\"\n","level":"info"}
{"message":"::1 - - [07/Feb/2020:07:23:20 +0000] \"GET /api/userdetails/fetch HTTP/1.1\" 304 - \"http://localhost:3000/Home\" \"Mozilla/5.0 (Windows NT 10.0; Win64; x64) AppleWebKit/537.36 (KHTML, like Gecko) Chrome/79.0.3945.130 Safari/537.36\"\n","level":"info"}
{"message":"::1 - - [07/Feb/2020:07:23:21 +0000] \"GET /api/v1/news/country/in/category/Business/page/1 HTTP/1.1\" 304 - \"http://localhost:3000/Home\" \"Mozilla/5.0 (Windows NT 10.0; Win64; x64) AppleWebKit/537.36 (KHTML, like Gecko) Chrome/79.0.3945.130 Safari/537.36\"\n","level":"info"}
{"message":"::1 - - [07/Feb/2020:07:23:21 +0000] \"GET /api/userdetails/fetch HTTP/1.1\" 304 - \"http://localhost:3000/Home\" \"Mozilla/5.0 (Windows NT 10.0; Win64; x64) AppleWebKit/537.36 (KHTML, like Gecko) Chrome/79.0.3945.130 Safari/537.36\"\n","level":"info"}
{"message":"::1 - - [07/Feb/2020:07:23:31 +0000] \"OPTIONS /api/v1/news/country/in/category/Business/page/1 HTTP/1.1\" 204 0 \"http://localhost:3000/Home\" \"Mozilla/5.0 (Windows NT 10.0; Win64; x64) AppleWebKit/537.36 (KHTML, like Gecko) Chrome/79.0.3945.130 Safari/537.36\"\n","level":"info"}
{"message":"::1 - - [07/Feb/2020:07:23:31 +0000] \"OPTIONS /api/v1/news/country/in/category/Business/page/1 HTTP/1.1\" 204 0 \"http://localhost:3000/Home\" \"Mozilla/5.0 (Windows NT 10.0; Win64; x64) AppleWebKit/537.36 (KHTML, like Gecko) Chrome/79.0.3945.130 Safari/537.36\"\n","level":"info"}
{"message":"::1 - - [07/Feb/2020:07:23:32 +0000] \"GET /api/v1/news/country/in/category/Business/page/1 HTTP/1.1\" 304 - \"http://localhost:3000/Home\" \"Mozilla/5.0 (Windows NT 10.0; Win64; x64) AppleWebKit/537.36 (KHTML, like Gecko) Chrome/79.0.3945.130 Safari/537.36\"\n","level":"info"}
{"message":"::1 - - [07/Feb/2020:07:23:32 +0000] \"OPTIONS /api/userdetails/fetch HTTP/1.1\" 204 0 \"http://localhost:3000/Home\" \"Mozilla/5.0 (Windows NT 10.0; Win64; x64) AppleWebKit/537.36 (KHTML, like Gecko) Chrome/79.0.3945.130 Safari/537.36\"\n","level":"info"}
{"message":"::1 - - [07/Feb/2020:07:23:32 +0000] \"GET /api/userdetails/fetch HTTP/1.1\" 304 - \"http://localhost:3000/Home\" \"Mozilla/5.0 (Windows NT 10.0; Win64; x64) AppleWebKit/537.36 (KHTML, like Gecko) Chrome/79.0.3945.130 Safari/537.36\"\n","level":"info"}
{"message":"::1 - - [07/Feb/2020:07:23:33 +0000] \"GET /api/v1/news/country/in/category/Business/page/1 HTTP/1.1\" 304 - \"http://localhost:3000/Home\" \"Mozilla/5.0 (Windows NT 10.0; Win64; x64) AppleWebKit/537.36 (KHTML, like Gecko) Chrome/79.0.3945.130 Safari/537.36\"\n","level":"info"}
{"message":"::1 - - [07/Feb/2020:07:23:33 +0000] \"GET /api/userdetails/fetch HTTP/1.1\" 304 - \"http://localhost:3000/Home\" \"Mozilla/5.0 (Windows NT 10.0; Win64; x64) AppleWebKit/537.36 (KHTML, like Gecko) Chrome/79.0.3945.130 Safari/537.36\"\n","level":"info"}
{"message":"::1 - - [07/Feb/2020:07:24:04 +0000] \"OPTIONS /api/v1/news/country/in/category/Business/page/1 HTTP/1.1\" 204 0 \"http://localhost:3000/Home\" \"Mozilla/5.0 (Windows NT 10.0; Win64; x64) AppleWebKit/537.36 (KHTML, like Gecko) Chrome/79.0.3945.130 Safari/537.36\"\n","level":"info"}
{"message":"::1 - - [07/Feb/2020:07:24:04 +0000] \"OPTIONS /api/v1/news/country/in/category/Business/page/1 HTTP/1.1\" 204 0 \"http://localhost:3000/Home\" \"Mozilla/5.0 (Windows NT 10.0; Win64; x64) AppleWebKit/537.36 (KHTML, like Gecko) Chrome/79.0.3945.130 Safari/537.36\"\n","level":"info"}
{"message":"::1 - - [07/Feb/2020:07:24:05 +0000] \"GET /api/v1/news/country/in/category/Business/page/1 HTTP/1.1\" 304 - \"http://localhost:3000/Home\" \"Mozilla/5.0 (Windows NT 10.0; Win64; x64) AppleWebKit/537.36 (KHTML, like Gecko) Chrome/79.0.3945.130 Safari/537.36\"\n","level":"info"}
{"message":"::1 - - [07/Feb/2020:07:24:06 +0000] \"OPTIONS /api/userdetails/fetch HTTP/1.1\" 204 0 \"http://localhost:3000/Home\" \"Mozilla/5.0 (Windows NT 10.0; Win64; x64) AppleWebKit/537.36 (KHTML, like Gecko) Chrome/79.0.3945.130 Safari/537.36\"\n","level":"info"}
{"message":"::1 - - [07/Feb/2020:07:24:06 +0000] \"GET /api/userdetails/fetch HTTP/1.1\" 304 - \"http://localhost:3000/Home\" \"Mozilla/5.0 (Windows NT 10.0; Win64; x64) AppleWebKit/537.36 (KHTML, like Gecko) Chrome/79.0.3945.130 Safari/537.36\"\n","level":"info"}
{"message":"::1 - - [07/Feb/2020:07:24:06 +0000] \"GET /api/v1/news/country/in/category/Business/page/1 HTTP/1.1\" 304 - \"http://localhost:3000/Home\" \"Mozilla/5.0 (Windows NT 10.0; Win64; x64) AppleWebKit/537.36 (KHTML, like Gecko) Chrome/79.0.3945.130 Safari/537.36\"\n","level":"info"}
{"message":"::1 - - [07/Feb/2020:07:24:07 +0000] \"GET /api/userdetails/fetch HTTP/1.1\" 304 - \"http://localhost:3000/Home\" \"Mozilla/5.0 (Windows NT 10.0; Win64; x64) AppleWebKit/537.36 (KHTML, like Gecko) Chrome/79.0.3945.130 Safari/537.36\"\n","level":"info"}
{"message":"::1 - - [07/Feb/2020:07:24:15 +0000] \"OPTIONS /api/v1/news/country/in/category/Business/page/1 HTTP/1.1\" 204 0 \"http://localhost:3000/Home\" \"Mozilla/5.0 (Windows NT 10.0; Win64; x64) AppleWebKit/537.36 (KHTML, like Gecko) Chrome/79.0.3945.130 Safari/537.36\"\n","level":"info"}
{"message":"::1 - - [07/Feb/2020:07:24:15 +0000] \"OPTIONS /api/v1/news/country/in/category/Business/page/1 HTTP/1.1\" 204 0 \"http://localhost:3000/Home\" \"Mozilla/5.0 (Windows NT 10.0; Win64; x64) AppleWebKit/537.36 (KHTML, like Gecko) Chrome/79.0.3945.130 Safari/537.36\"\n","level":"info"}
{"message":"::1 - - [07/Feb/2020:07:24:16 +0000] \"GET /api/v1/news/country/in/category/Business/page/1 HTTP/1.1\" 304 - \"http://localhost:3000/Home\" \"Mozilla/5.0 (Windows NT 10.0; Win64; x64) AppleWebKit/537.36 (KHTML, like Gecko) Chrome/79.0.3945.130 Safari/537.36\"\n","level":"info"}
{"message":"::1 - - [07/Feb/2020:07:24:16 +0000] \"OPTIONS /api/userdetails/fetch HTTP/1.1\" 204 0 \"http://localhost:3000/Home\" \"Mozilla/5.0 (Windows NT 10.0; Win64; x64) AppleWebKit/537.36 (KHTML, like Gecko) Chrome/79.0.3945.130 Safari/537.36\"\n","level":"info"}
{"message":"::1 - - [07/Feb/2020:07:24:17 +0000] \"GET /api/userdetails/fetch HTTP/1.1\" 304 - \"http://localhost:3000/Home\" \"Mozilla/5.0 (Windows NT 10.0; Win64; x64) AppleWebKit/537.36 (KHTML, like Gecko) Chrome/79.0.3945.130 Safari/537.36\"\n","level":"info"}
{"message":"::1 - - [07/Feb/2020:07:24:17 +0000] \"GET /api/v1/news/country/in/category/Business/page/1 HTTP/1.1\" 304 - \"http://localhost:3000/Home\" \"Mozilla/5.0 (Windows NT 10.0; Win64; x64) AppleWebKit/537.36 (KHTML, like Gecko) Chrome/79.0.3945.130 Safari/537.36\"\n","level":"info"}
{"message":"::1 - - [07/Feb/2020:07:24:17 +0000] \"GET /api/userdetails/fetch HTTP/1.1\" 304 - \"http://localhost:3000/Home\" \"Mozilla/5.0 (Windows NT 10.0; Win64; x64) AppleWebKit/537.36 (KHTML, like Gecko) Chrome/79.0.3945.130 Safari/537.36\"\n","level":"info"}
{"message":"::1 - - [07/Feb/2020:07:24:22 +0000] \"OPTIONS /api/v1/news/country/in/category/Business/page/1 HTTP/1.1\" 204 0 \"http://localhost:3000/Home\" \"Mozilla/5.0 (Windows NT 10.0; Win64; x64) AppleWebKit/537.36 (KHTML, like Gecko) Chrome/79.0.3945.130 Safari/537.36\"\n","level":"info"}
{"message":"::1 - - [07/Feb/2020:07:24:22 +0000] \"OPTIONS /api/v1/news/country/in/category/Business/page/1 HTTP/1.1\" 204 0 \"http://localhost:3000/Home\" \"Mozilla/5.0 (Windows NT 10.0; Win64; x64) AppleWebKit/537.36 (KHTML, like Gecko) Chrome/79.0.3945.130 Safari/537.36\"\n","level":"info"}
{"message":"::1 - - [07/Feb/2020:07:24:23 +0000] \"GET /api/v1/news/country/in/category/Business/page/1 HTTP/1.1\" 304 - \"http://localhost:3000/Home\" \"Mozilla/5.0 (Windows NT 10.0; Win64; x64) AppleWebKit/537.36 (KHTML, like Gecko) Chrome/79.0.3945.130 Safari/537.36\"\n","level":"info"}
{"message":"::1 - - [07/Feb/2020:07:24:23 +0000] \"GET /api/v1/news/country/in/category/Business/page/1 HTTP/1.1\" - - \"http://localhost:3000/Home\" \"Mozilla/5.0 (Windows NT 10.0; Win64; x64) AppleWebKit/537.36 (KHTML, like Gecko) Chrome/79.0.3945.130 Safari/537.36\"\n","level":"info"}
{"message":"::1 - - [07/Feb/2020:07:24:24 +0000] \"GET /api/v1/news/country/in/category/Business/page/1 HTTP/1.1\" 200 6018 \"http://localhost:3000/Home\" \"Mozilla/5.0 (Windows NT 10.0; Win64; x64) AppleWebKit/537.36 (KHTML, like Gecko) Chrome/79.0.3945.130 Safari/537.36\"\n","level":"info"}
{"message":"::1 - - [07/Feb/2020:07:24:24 +0000] \"OPTIONS /api/userdetails/fetch HTTP/1.1\" 204 0 \"http://localhost:3000/Home\" \"Mozilla/5.0 (Windows NT 10.0; Win64; x64) AppleWebKit/537.36 (KHTML, like Gecko) Chrome/79.0.3945.130 Safari/537.36\"\n","level":"info"}
{"message":"::1 - - [07/Feb/2020:07:24:25 +0000] \"GET /api/userdetails/fetch HTTP/1.1\" 304 - \"http://localhost:3000/Home\" \"Mozilla/5.0 (Windows NT 10.0; Win64; x64) AppleWebKit/537.36 (KHTML, like Gecko) Chrome/79.0.3945.130 Safari/537.36\"\n","level":"info"}
{"message":"::1 - - [07/Feb/2020:07:24:25 +0000] \"GET /api/v1/news/country/in/category/Business/page/1 HTTP/1.1\" 304 - \"http://localhost:3000/Home\" \"Mozilla/5.0 (Windows NT 10.0; Win64; x64) AppleWebKit/537.36 (KHTML, like Gecko) Chrome/79.0.3945.130 Safari/537.36\"\n","level":"info"}
{"message":"::1 - - [07/Feb/2020:07:24:25 +0000] \"GET /api/userdetails/fetch HTTP/1.1\" 304 - \"http://localhost:3000/Home\" \"Mozilla/5.0 (Windows NT 10.0; Win64; x64) AppleWebKit/537.36 (KHTML, like Gecko) Chrome/79.0.3945.130 Safari/537.36\"\n","level":"info"}
{"message":"::1 - - [07/Feb/2020:07:24:37 +0000] \"OPTIONS /api/v1/news/country/in/category/Business/page/1 HTTP/1.1\" 204 0 \"http://localhost:3000/Home\" \"Mozilla/5.0 (Windows NT 10.0; Win64; x64) AppleWebKit/537.36 (KHTML, like Gecko) Chrome/79.0.3945.130 Safari/537.36\"\n","level":"info"}
{"message":"::1 - - [07/Feb/2020:07:24:37 +0000] \"OPTIONS /api/v1/news/country/in/category/Business/page/1 HTTP/1.1\" 204 0 \"http://localhost:3000/Home\" \"Mozilla/5.0 (Windows NT 10.0; Win64; x64) AppleWebKit/537.36 (KHTML, like Gecko) Chrome/79.0.3945.130 Safari/537.36\"\n","level":"info"}
{"message":"::1 - - [07/Feb/2020:07:24:38 +0000] \"GET /api/v1/news/country/in/category/Business/page/1 HTTP/1.1\" 304 - \"http://localhost:3000/Home\" \"Mozilla/5.0 (Windows NT 10.0; Win64; x64) AppleWebKit/537.36 (KHTML, like Gecko) Chrome/79.0.3945.130 Safari/537.36\"\n","level":"info"}
{"message":"::1 - - [07/Feb/2020:07:24:38 +0000] \"OPTIONS /api/userdetails/fetch HTTP/1.1\" 204 0 \"http://localhost:3000/Home\" \"Mozilla/5.0 (Windows NT 10.0; Win64; x64) AppleWebKit/537.36 (KHTML, like Gecko) Chrome/79.0.3945.130 Safari/537.36\"\n","level":"info"}
{"message":"::1 - - [07/Feb/2020:07:24:38 +0000] \"GET /api/userdetails/fetch HTTP/1.1\" 304 - \"http://localhost:3000/Home\" \"Mozilla/5.0 (Windows NT 10.0; Win64; x64) AppleWebKit/537.36 (KHTML, like Gecko) Chrome/79.0.3945.130 Safari/537.36\"\n","level":"info"}
{"message":"::1 - - [07/Feb/2020:07:24:39 +0000] \"GET /api/v1/news/country/in/category/Business/page/1 HTTP/1.1\" 304 - \"http://localhost:3000/Home\" \"Mozilla/5.0 (Windows NT 10.0; Win64; x64) AppleWebKit/537.36 (KHTML, like Gecko) Chrome/79.0.3945.130 Safari/537.36\"\n","level":"info"}
{"message":"::1 - - [07/Feb/2020:07:24:39 +0000] \"GET /api/userdetails/fetch HTTP/1.1\" 304 - \"http://localhost:3000/Home\" \"Mozilla/5.0 (Windows NT 10.0; Win64; x64) AppleWebKit/537.36 (KHTML, like Gecko) Chrome/79.0.3945.130 Safari/537.36\"\n","level":"info"}
{"message":"::1 - - [07/Feb/2020:07:24:43 +0000] \"OPTIONS /api/v1/news/country/in/category/Business/page/1 HTTP/1.1\" 204 0 \"http://localhost:3000/Home\" \"Mozilla/5.0 (Windows NT 10.0; Win64; x64) AppleWebKit/537.36 (KHTML, like Gecko) Chrome/79.0.3945.130 Safari/537.36\"\n","level":"info"}
{"message":"::1 - - [07/Feb/2020:07:24:43 +0000] \"OPTIONS /api/v1/news/country/in/category/Business/page/1 HTTP/1.1\" 204 0 \"http://localhost:3000/Home\" \"Mozilla/5.0 (Windows NT 10.0; Win64; x64) AppleWebKit/537.36 (KHTML, like Gecko) Chrome/79.0.3945.130 Safari/537.36\"\n","level":"info"}
{"message":"::1 - - [07/Feb/2020:07:24:44 +0000] \"GET /api/v1/news/country/in/category/Business/page/1 HTTP/1.1\" 304 - \"http://localhost:3000/Home\" \"Mozilla/5.0 (Windows NT 10.0; Win64; x64) AppleWebKit/537.36 (KHTML, like Gecko) Chrome/79.0.3945.130 Safari/537.36\"\n","level":"info"}
{"message":"::1 - - [07/Feb/2020:07:24:44 +0000] \"OPTIONS /api/userdetails/fetch HTTP/1.1\" 204 0 \"http://localhost:3000/Home\" \"Mozilla/5.0 (Windows NT 10.0; Win64; x64) AppleWebKit/537.36 (KHTML, like Gecko) Chrome/79.0.3945.130 Safari/537.36\"\n","level":"info"}
{"message":"::1 - - [07/Feb/2020:07:24:44 +0000] \"GET /api/userdetails/fetch HTTP/1.1\" 304 - \"http://localhost:3000/Home\" \"Mozilla/5.0 (Windows NT 10.0; Win64; x64) AppleWebKit/537.36 (KHTML, like Gecko) Chrome/79.0.3945.130 Safari/537.36\"\n","level":"info"}
{"message":"::1 - - [07/Feb/2020:07:24:45 +0000] \"GET /api/v1/news/country/in/category/Business/page/1 HTTP/1.1\" 304 - \"http://localhost:3000/Home\" \"Mozilla/5.0 (Windows NT 10.0; Win64; x64) AppleWebKit/537.36 (KHTML, like Gecko) Chrome/79.0.3945.130 Safari/537.36\"\n","level":"info"}
{"message":"::1 - - [07/Feb/2020:07:24:45 +0000] \"GET /api/userdetails/fetch HTTP/1.1\" 304 - \"http://localhost:3000/Home\" \"Mozilla/5.0 (Windows NT 10.0; Win64; x64) AppleWebKit/537.36 (KHTML, like Gecko) Chrome/79.0.3945.130 Safari/537.36\"\n","level":"info"}
{"message":"::1 - - [07/Feb/2020:07:24:48 +0000] \"GET /api/v1/news/country/in/category/Business/page/1 HTTP/1.1\" 304 - \"http://localhost:3000/Home\" \"Mozilla/5.0 (Windows NT 10.0; Win64; x64) AppleWebKit/537.36 (KHTML, like Gecko) Chrome/79.0.3945.130 Safari/537.36\"\n","level":"info"}
{"message":"::1 - - [07/Feb/2020:07:24:48 +0000] \"GET /api/userdetails/fetch HTTP/1.1\" 304 - \"http://localhost:3000/Home\" \"Mozilla/5.0 (Windows NT 10.0; Win64; x64) AppleWebKit/537.36 (KHTML, like Gecko) Chrome/79.0.3945.130 Safari/537.36\"\n","level":"info"}
{"message":"::1 - - [07/Feb/2020:07:24:49 +0000] \"GET /api/v1/news/country/in/category/Business/page/1 HTTP/1.1\" 304 - \"http://localhost:3000/Home\" \"Mozilla/5.0 (Windows NT 10.0; Win64; x64) AppleWebKit/537.36 (KHTML, like Gecko) Chrome/79.0.3945.130 Safari/537.36\"\n","level":"info"}
{"message":"::1 - - [07/Feb/2020:07:24:49 +0000] \"GET /api/userdetails/fetch HTTP/1.1\" 304 - \"http://localhost:3000/Home\" \"Mozilla/5.0 (Windows NT 10.0; Win64; x64) AppleWebKit/537.36 (KHTML, like Gecko) Chrome/79.0.3945.130 Safari/537.36\"\n","level":"info"}
{"message":"::1 - - [07/Feb/2020:07:24:51 +0000] \"OPTIONS /api/v1/news/country/in/category/Business/page/1 HTTP/1.1\" 204 0 \"http://localhost:3000/Home\" \"Mozilla/5.0 (Windows NT 10.0; Win64; x64) AppleWebKit/537.36 (KHTML, like Gecko) Chrome/79.0.3945.130 Safari/537.36\"\n","level":"info"}
{"message":"::1 - - [07/Feb/2020:07:24:51 +0000] \"OPTIONS /api/v1/news/country/in/category/Business/page/1 HTTP/1.1\" 204 0 \"http://localhost:3000/Home\" \"Mozilla/5.0 (Windows NT 10.0; Win64; x64) AppleWebKit/537.36 (KHTML, like Gecko) Chrome/79.0.3945.130 Safari/537.36\"\n","level":"info"}
{"message":"::1 - - [07/Feb/2020:07:24:52 +0000] \"GET /api/v1/news/country/in/category/Business/page/1 HTTP/1.1\" 304 - \"http://localhost:3000/Home\" \"Mozilla/5.0 (Windows NT 10.0; Win64; x64) AppleWebKit/537.36 (KHTML, like Gecko) Chrome/79.0.3945.130 Safari/537.36\"\n","level":"info"}
{"message":"::1 - - [07/Feb/2020:07:24:52 +0000] \"OPTIONS /api/userdetails/fetch HTTP/1.1\" 204 0 \"http://localhost:3000/Home\" \"Mozilla/5.0 (Windows NT 10.0; Win64; x64) AppleWebKit/537.36 (KHTML, like Gecko) Chrome/79.0.3945.130 Safari/537.36\"\n","level":"info"}
{"message":"::1 - - [07/Feb/2020:07:24:53 +0000] \"GET /api/userdetails/fetch HTTP/1.1\" 304 - \"http://localhost:3000/Home\" \"Mozilla/5.0 (Windows NT 10.0; Win64; x64) AppleWebKit/537.36 (KHTML, like Gecko) Chrome/79.0.3945.130 Safari/537.36\"\n","level":"info"}
{"message":"::1 - - [07/Feb/2020:07:24:53 +0000] \"GET /api/v1/news/country/in/category/Business/page/1 HTTP/1.1\" 304 - \"http://localhost:3000/Home\" \"Mozilla/5.0 (Windows NT 10.0; Win64; x64) AppleWebKit/537.36 (KHTML, like Gecko) Chrome/79.0.3945.130 Safari/537.36\"\n","level":"info"}
{"message":"::1 - - [07/Feb/2020:07:24:53 +0000] \"GET /api/userdetails/fetch HTTP/1.1\" 304 - \"http://localhost:3000/Home\" \"Mozilla/5.0 (Windows NT 10.0; Win64; x64) AppleWebKit/537.36 (KHTML, like Gecko) Chrome/79.0.3945.130 Safari/537.36\"\n","level":"info"}
{"message":"::1 - - [07/Feb/2020:07:25:03 +0000] \"OPTIONS /api/v1/news/country/in/category/Business/page/1 HTTP/1.1\" 204 0 \"http://localhost:3000/Home\" \"Mozilla/5.0 (Windows NT 10.0; Win64; x64) AppleWebKit/537.36 (KHTML, like Gecko) Chrome/79.0.3945.130 Safari/537.36\"\n","level":"info"}
{"message":"::1 - - [07/Feb/2020:07:25:03 +0000] \"OPTIONS /api/v1/news/country/in/category/Business/page/1 HTTP/1.1\" 204 0 \"http://localhost:3000/Home\" \"Mozilla/5.0 (Windows NT 10.0; Win64; x64) AppleWebKit/537.36 (KHTML, like Gecko) Chrome/79.0.3945.130 Safari/537.36\"\n","level":"info"}
{"message":"::1 - - [07/Feb/2020:07:25:04 +0000] \"GET /api/v1/news/country/in/category/Business/page/1 HTTP/1.1\" 304 - \"http://localhost:3000/Home\" \"Mozilla/5.0 (Windows NT 10.0; Win64; x64) AppleWebKit/537.36 (KHTML, like Gecko) Chrome/79.0.3945.130 Safari/537.36\"\n","level":"info"}
{"message":"::1 - - [07/Feb/2020:07:25:04 +0000] \"OPTIONS /api/userdetails/fetch HTTP/1.1\" 204 0 \"http://localhost:3000/Home\" \"Mozilla/5.0 (Windows NT 10.0; Win64; x64) AppleWebKit/537.36 (KHTML, like Gecko) Chrome/79.0.3945.130 Safari/537.36\"\n","level":"info"}
{"message":"::1 - - [07/Feb/2020:07:25:04 +0000] \"GET /api/userdetails/fetch HTTP/1.1\" 304 - \"http://localhost:3000/Home\" \"Mozilla/5.0 (Windows NT 10.0; Win64; x64) AppleWebKit/537.36 (KHTML, like Gecko) Chrome/79.0.3945.130 Safari/537.36\"\n","level":"info"}
{"message":"::1 - - [07/Feb/2020:07:25:05 +0000] \"GET /api/v1/news/country/in/category/Business/page/1 HTTP/1.1\" 304 - \"http://localhost:3000/Home\" \"Mozilla/5.0 (Windows NT 10.0; Win64; x64) AppleWebKit/537.36 (KHTML, like Gecko) Chrome/79.0.3945.130 Safari/537.36\"\n","level":"info"}
{"message":"::1 - - [07/Feb/2020:07:25:05 +0000] \"GET /api/userdetails/fetch HTTP/1.1\" 304 - \"http://localhost:3000/Home\" \"Mozilla/5.0 (Windows NT 10.0; Win64; x64) AppleWebKit/537.36 (KHTML, like Gecko) Chrome/79.0.3945.130 Safari/537.36\"\n","level":"info"}
{"message":"::1 - - [07/Feb/2020:07:25:12 +0000] \"OPTIONS /api/v1/news/country/in/category/Business/page/1 HTTP/1.1\" 204 0 \"http://localhost:3000/Home\" \"Mozilla/5.0 (Windows NT 10.0; Win64; x64) AppleWebKit/537.36 (KHTML, like Gecko) Chrome/79.0.3945.130 Safari/537.36\"\n","level":"info"}
{"message":"::1 - - [07/Feb/2020:07:25:12 +0000] \"OPTIONS /api/v1/news/country/in/category/Business/page/1 HTTP/1.1\" 204 0 \"http://localhost:3000/Home\" \"Mozilla/5.0 (Windows NT 10.0; Win64; x64) AppleWebKit/537.36 (KHTML, like Gecko) Chrome/79.0.3945.130 Safari/537.36\"\n","level":"info"}
{"message":"::1 - - [07/Feb/2020:07:25:13 +0000] \"GET /api/v1/news/country/in/category/Business/page/1 HTTP/1.1\" 304 - \"http://localhost:3000/Home\" \"Mozilla/5.0 (Windows NT 10.0; Win64; x64) AppleWebKit/537.36 (KHTML, like Gecko) Chrome/79.0.3945.130 Safari/537.36\"\n","level":"info"}
{"message":"::1 - - [07/Feb/2020:07:25:14 +0000] \"OPTIONS /api/userdetails/fetch HTTP/1.1\" 204 0 \"http://localhost:3000/Home\" \"Mozilla/5.0 (Windows NT 10.0; Win64; x64) AppleWebKit/537.36 (KHTML, like Gecko) Chrome/79.0.3945.130 Safari/537.36\"\n","level":"info"}
{"message":"::1 - - [07/Feb/2020:07:25:14 +0000] \"GET /api/userdetails/fetch HTTP/1.1\" 304 - \"http://localhost:3000/Home\" \"Mozilla/5.0 (Windows NT 10.0; Win64; x64) AppleWebKit/537.36 (KHTML, like Gecko) Chrome/79.0.3945.130 Safari/537.36\"\n","level":"info"}
{"message":"::1 - - [07/Feb/2020:07:25:14 +0000] \"GET /api/v1/news/country/in/category/Business/page/1 HTTP/1.1\" 304 - \"http://localhost:3000/Home\" \"Mozilla/5.0 (Windows NT 10.0; Win64; x64) AppleWebKit/537.36 (KHTML, like Gecko) Chrome/79.0.3945.130 Safari/537.36\"\n","level":"info"}
{"message":"::1 - - [07/Feb/2020:07:25:15 +0000] \"GET /api/userdetails/fetch HTTP/1.1\" 304 - \"http://localhost:3000/Home\" \"Mozilla/5.0 (Windows NT 10.0; Win64; x64) AppleWebKit/537.36 (KHTML, like Gecko) Chrome/79.0.3945.130 Safari/537.36\"\n","level":"info"}
{"message":"::1 - - [07/Feb/2020:07:35:54 +0000] \"OPTIONS /api/v1/news/country/in/category/Business/page/1 HTTP/1.1\" 204 0 \"http://localhost:3000/Home\" \"Mozilla/5.0 (Windows NT 10.0; Win64; x64) AppleWebKit/537.36 (KHTML, like Gecko) Chrome/79.0.3945.130 Safari/537.36\"\n","level":"info"}
{"message":"::1 - - [07/Feb/2020:07:35:54 +0000] \"OPTIONS /api/v1/news/country/in/category/Business/page/1 HTTP/1.1\" 204 0 \"http://localhost:3000/Home\" \"Mozilla/5.0 (Windows NT 10.0; Win64; x64) AppleWebKit/537.36 (KHTML, like Gecko) Chrome/79.0.3945.130 Safari/537.36\"\n","level":"info"}
{"message":"::1 - - [07/Feb/2020:07:35:55 +0000] \"GET /api/v1/news/country/in/category/Business/page/1 HTTP/1.1\" 200 6018 \"http://localhost:3000/Home\" \"Mozilla/5.0 (iPhone; CPU iPhone OS 11_0 like Mac OS X) AppleWebKit/604.1.38 (KHTML, like Gecko) Version/11.0 Mobile/15A372 Safari/604.1\"\n","level":"info"}
{"message":"::1 - - [07/Feb/2020:07:35:55 +0000] \"GET /api/v1/news/country/in/category/Business/page/1 HTTP/1.1\" 200 6018 \"http://localhost:3000/Home\" \"Mozilla/5.0 (iPhone; CPU iPhone OS 11_0 like Mac OS X) AppleWebKit/604.1.38 (KHTML, like Gecko) Version/11.0 Mobile/15A372 Safari/604.1\"\n","level":"info"}
{"message":"::1 - - [07/Feb/2020:07:35:55 +0000] \"OPTIONS /api/userdetails/fetch HTTP/1.1\" 204 0 \"http://localhost:3000/Home\" \"Mozilla/5.0 (Windows NT 10.0; Win64; x64) AppleWebKit/537.36 (KHTML, like Gecko) Chrome/79.0.3945.130 Safari/537.36\"\n","level":"info"}
{"message":"::1 - - [07/Feb/2020:07:35:55 +0000] \"OPTIONS /api/userdetails/fetch HTTP/1.1\" 204 0 \"http://localhost:3000/Home\" \"Mozilla/5.0 (Windows NT 10.0; Win64; x64) AppleWebKit/537.36 (KHTML, like Gecko) Chrome/79.0.3945.130 Safari/537.36\"\n","level":"info"}
{"message":"::1 - - [07/Feb/2020:07:35:55 +0000] \"GET /api/userdetails/fetch HTTP/1.1\" 200 1135296 \"http://localhost:3000/Home\" \"Mozilla/5.0 (iPhone; CPU iPhone OS 11_0 like Mac OS X) AppleWebKit/604.1.38 (KHTML, like Gecko) Version/11.0 Mobile/15A372 Safari/604.1\"\n","level":"info"}
{"message":"::1 - - [07/Feb/2020:07:35:56 +0000] \"GET /api/userdetails/fetch HTTP/1.1\" 200 1135296 \"http://localhost:3000/Home\" \"Mozilla/5.0 (iPhone; CPU iPhone OS 11_0 like Mac OS X) AppleWebKit/604.1.38 (KHTML, like Gecko) Version/11.0 Mobile/15A372 Safari/604.1\"\n","level":"info"}
{"message":"::1 - - [07/Feb/2020:07:36:00 +0000] \"OPTIONS /api/v1/news/country/in/category/Business/page/1 HTTP/1.1\" 204 0 \"http://localhost:3000/Home\" \"Mozilla/5.0 (Windows NT 10.0; Win64; x64) AppleWebKit/537.36 (KHTML, like Gecko) Chrome/79.0.3945.130 Safari/537.36\"\n","level":"info"}
{"message":"::1 - - [07/Feb/2020:07:36:00 +0000] \"OPTIONS /api/v1/news/country/in/category/Business/page/1 HTTP/1.1\" 204 0 \"http://localhost:3000/Home\" \"Mozilla/5.0 (Windows NT 10.0; Win64; x64) AppleWebKit/537.36 (KHTML, like Gecko) Chrome/79.0.3945.130 Safari/537.36\"\n","level":"info"}
{"message":"::1 - - [07/Feb/2020:07:36:01 +0000] \"GET /api/v1/news/country/in/category/Business/page/1 HTTP/1.1\" 200 6018 \"http://localhost:3000/Home\" \"Mozilla/5.0 (iPhone; CPU iPhone OS 11_0 like Mac OS X) AppleWebKit/604.1.38 (KHTML, like Gecko) Version/11.0 Mobile/15A372 Safari/604.1\"\n","level":"info"}
{"message":"::1 - - [07/Feb/2020:07:36:01 +0000] \"OPTIONS /api/userdetails/fetch HTTP/1.1\" 204 0 \"http://localhost:3000/Home\" \"Mozilla/5.0 (Windows NT 10.0; Win64; x64) AppleWebKit/537.36 (KHTML, like Gecko) Chrome/79.0.3945.130 Safari/537.36\"\n","level":"info"}
{"message":"::1 - - [07/Feb/2020:07:36:01 +0000] \"GET /api/userdetails/fetch HTTP/1.1\" 200 1135296 \"http://localhost:3000/Home\" \"Mozilla/5.0 (iPhone; CPU iPhone OS 11_0 like Mac OS X) AppleWebKit/604.1.38 (KHTML, like Gecko) Version/11.0 Mobile/15A372 Safari/604.1\"\n","level":"info"}
{"message":"::1 - - [07/Feb/2020:07:36:01 +0000] \"GET /api/v1/news/country/in/category/Business/page/1 HTTP/1.1\" 200 6018 \"http://localhost:3000/Home\" \"Mozilla/5.0 (iPhone; CPU iPhone OS 11_0 like Mac OS X) AppleWebKit/604.1.38 (KHTML, like Gecko) Version/11.0 Mobile/15A372 Safari/604.1\"\n","level":"info"}
{"message":"::1 - - [07/Feb/2020:07:36:02 +0000] \"OPTIONS /api/userdetails/fetch HTTP/1.1\" 204 0 \"http://localhost:3000/Home\" \"Mozilla/5.0 (Windows NT 10.0; Win64; x64) AppleWebKit/537.36 (KHTML, like Gecko) Chrome/79.0.3945.130 Safari/537.36\"\n","level":"info"}
{"message":"::1 - - [07/Feb/2020:07:36:02 +0000] \"GET /api/userdetails/fetch HTTP/1.1\" 200 1135296 \"http://localhost:3000/Home\" \"Mozilla/5.0 (iPhone; CPU iPhone OS 11_0 like Mac OS X) AppleWebKit/604.1.38 (KHTML, like Gecko) Version/11.0 Mobile/15A372 Safari/604.1\"\n","level":"info"}
{"message":"::1 - - [07/Feb/2020:07:36:50 +0000] \"OPTIONS /pgcollection/v1/news/fetchNews HTTP/1.1\" 204 0 \"http://localhost:3000/Home\" \"Mozilla/5.0 (Windows NT 10.0; Win64; x64) AppleWebKit/537.36 (KHTML, like Gecko) Chrome/79.0.3945.130 Safari/537.36\"\n","level":"info"}
{"message":"::1 - - [07/Feb/2020:07:36:50 +0000] \"GET /pgcollection/v1/news/fetchNews HTTP/1.1\" 304 - \"http://localhost:3000/Home\" \"Mozilla/5.0 (Windows NT 10.0; Win64; x64) AppleWebKit/537.36 (KHTML, like Gecko) Chrome/79.0.3945.130 Safari/537.36\"\n","level":"info"}
{"message":"::1 - - [07/Feb/2020:07:42:06 +0000] \"OPTIONS /api/v1/news/country/in/category/Business/page/1 HTTP/1.1\" 204 0 \"http://localhost:3000/Home\" \"Mozilla/5.0 (Windows NT 10.0; Win64; x64) AppleWebKit/537.36 (KHTML, like Gecko) Chrome/79.0.3945.130 Safari/537.36\"\n","level":"info"}
{"message":"::1 - - [07/Feb/2020:07:42:06 +0000] \"OPTIONS /api/v1/news/country/in/category/Business/page/1 HTTP/1.1\" 204 0 \"http://localhost:3000/Home\" \"Mozilla/5.0 (Windows NT 10.0; Win64; x64) AppleWebKit/537.36 (KHTML, like Gecko) Chrome/79.0.3945.130 Safari/537.36\"\n","level":"info"}
{"message":"::1 - - [07/Feb/2020:07:42:07 +0000] \"GET /api/v1/news/country/in/category/Business/page/1 HTTP/1.1\" 304 - \"http://localhost:3000/Home\" \"Mozilla/5.0 (Windows NT 10.0; Win64; x64) AppleWebKit/537.36 (KHTML, like Gecko) Chrome/79.0.3945.130 Safari/537.36\"\n","level":"info"}
{"message":"::1 - - [07/Feb/2020:07:42:07 +0000] \"OPTIONS /api/userdetails/fetch HTTP/1.1\" 204 0 \"http://localhost:3000/Home\" \"Mozilla/5.0 (Windows NT 10.0; Win64; x64) AppleWebKit/537.36 (KHTML, like Gecko) Chrome/79.0.3945.130 Safari/537.36\"\n","level":"info"}
{"message":"::1 - - [07/Feb/2020:07:42:07 +0000] \"GET /api/v1/news/country/in/category/Business/page/1 HTTP/1.1\" - - \"http://localhost:3000/Home\" \"Mozilla/5.0 (Windows NT 10.0; Win64; x64) AppleWebKit/537.36 (KHTML, like Gecko) Chrome/79.0.3945.130 Safari/537.36\"\n","level":"info"}
{"message":"::1 - - [07/Feb/2020:07:42:07 +0000] \"GET /api/userdetails/fetch HTTP/1.1\" - - \"http://localhost:3000/Home\" \"Mozilla/5.0 (Windows NT 10.0; Win64; x64) AppleWebKit/537.36 (KHTML, like Gecko) Chrome/79.0.3945.130 Safari/537.36\"\n","level":"info"}
{"message":"::1 - - [07/Feb/2020:07:42:09 +0000] \"GET /api/v1/news/country/in/category/Business/page/1 HTTP/1.1\" 200 6018 \"http://localhost:3000/Home\" \"Mozilla/5.0 (Windows NT 10.0; Win64; x64) AppleWebKit/537.36 (KHTML, like Gecko) Chrome/79.0.3945.130 Safari/537.36\"\n","level":"info"}
{"message":"::1 - - [07/Feb/2020:07:42:09 +0000] \"GET /api/userdetails/fetch HTTP/1.1\" 200 1135296 \"http://localhost:3000/Home\" \"Mozilla/5.0 (Windows NT 10.0; Win64; x64) AppleWebKit/537.36 (KHTML, like Gecko) Chrome/79.0.3945.130 Safari/537.36\"\n","level":"info"}
{"message":"::1 - - [07/Feb/2020:07:42:10 +0000] \"GET /api/v1/news/country/in/category/Business/page/1 HTTP/1.1\" 304 - \"http://localhost:3000/Home\" \"Mozilla/5.0 (Windows NT 10.0; Win64; x64) AppleWebKit/537.36 (KHTML, like Gecko) Chrome/79.0.3945.130 Safari/537.36\"\n","level":"info"}
{"message":"::1 - - [07/Feb/2020:07:42:10 +0000] \"GET /api/userdetails/fetch HTTP/1.1\" 304 - \"http://localhost:3000/Home\" \"Mozilla/5.0 (Windows NT 10.0; Win64; x64) AppleWebKit/537.36 (KHTML, like Gecko) Chrome/79.0.3945.130 Safari/537.36\"\n","level":"info"}
{"message":"::1 - - [07/Feb/2020:07:42:12 +0000] \"OPTIONS /api/v1/news/country/in/category/Business/page/1 HTTP/1.1\" 204 0 \"http://localhost:3000/Home\" \"Mozilla/5.0 (Windows NT 10.0; Win64; x64) AppleWebKit/537.36 (KHTML, like Gecko) Chrome/79.0.3945.130 Safari/537.36\"\n","level":"info"}
{"message":"::1 - - [07/Feb/2020:07:42:12 +0000] \"OPTIONS /api/v1/news/country/in/category/Business/page/1 HTTP/1.1\" 204 0 \"http://localhost:3000/Home\" \"Mozilla/5.0 (Windows NT 10.0; Win64; x64) AppleWebKit/537.36 (KHTML, like Gecko) Chrome/79.0.3945.130 Safari/537.36\"\n","level":"info"}
{"message":"::1 - - [07/Feb/2020:07:42:13 +0000] \"GET /api/v1/news/country/in/category/Business/page/1 HTTP/1.1\" 304 - \"http://localhost:3000/Home\" \"Mozilla/5.0 (Windows NT 10.0; Win64; x64) AppleWebKit/537.36 (KHTML, like Gecko) Chrome/79.0.3945.130 Safari/537.36\"\n","level":"info"}
{"message":"::1 - - [07/Feb/2020:07:42:13 +0000] \"OPTIONS /api/userdetails/fetch HTTP/1.1\" 204 0 \"http://localhost:3000/Home\" \"Mozilla/5.0 (Windows NT 10.0; Win64; x64) AppleWebKit/537.36 (KHTML, like Gecko) Chrome/79.0.3945.130 Safari/537.36\"\n","level":"info"}
{"message":"::1 - - [07/Feb/2020:07:42:13 +0000] \"GET /api/userdetails/fetch HTTP/1.1\" 304 - \"http://localhost:3000/Home\" \"Mozilla/5.0 (Windows NT 10.0; Win64; x64) AppleWebKit/537.36 (KHTML, like Gecko) Chrome/79.0.3945.130 Safari/537.36\"\n","level":"info"}
{"message":"::1 - - [07/Feb/2020:07:42:14 +0000] \"GET /api/v1/news/country/in/category/Business/page/1 HTTP/1.1\" 304 - \"http://localhost:3000/Home\" \"Mozilla/5.0 (Windows NT 10.0; Win64; x64) AppleWebKit/537.36 (KHTML, like Gecko) Chrome/79.0.3945.130 Safari/537.36\"\n","level":"info"}
{"message":"::1 - - [07/Feb/2020:07:42:14 +0000] \"GET /api/userdetails/fetch HTTP/1.1\" 304 - \"http://localhost:3000/Home\" \"Mozilla/5.0 (Windows NT 10.0; Win64; x64) AppleWebKit/537.36 (KHTML, like Gecko) Chrome/79.0.3945.130 Safari/537.36\"\n","level":"info"}
{"message":"::1 - - [07/Feb/2020:07:42:16 +0000] \"GET /api/v1/news/country/in/category/Business/page/1 HTTP/1.1\" 304 - \"http://localhost:3000/Home\" \"Mozilla/5.0 (Windows NT 10.0; Win64; x64) AppleWebKit/537.36 (KHTML, like Gecko) Chrome/79.0.3945.130 Safari/537.36\"\n","level":"info"}
{"message":"::1 - - [07/Feb/2020:07:42:16 +0000] \"GET /api/userdetails/fetch HTTP/1.1\" 304 - \"http://localhost:3000/Home\" \"Mozilla/5.0 (Windows NT 10.0; Win64; x64) AppleWebKit/537.36 (KHTML, like Gecko) Chrome/79.0.3945.130 Safari/537.36\"\n","level":"info"}
{"message":"::1 - - [07/Feb/2020:07:42:17 +0000] \"GET /api/v1/news/country/in/category/Business/page/1 HTTP/1.1\" 304 - \"http://localhost:3000/Home\" \"Mozilla/5.0 (Windows NT 10.0; Win64; x64) AppleWebKit/537.36 (KHTML, like Gecko) Chrome/79.0.3945.130 Safari/537.36\"\n","level":"info"}
{"message":"::1 - - [07/Feb/2020:07:42:17 +0000] \"GET /api/userdetails/fetch HTTP/1.1\" 304 - \"http://localhost:3000/Home\" \"Mozilla/5.0 (Windows NT 10.0; Win64; x64) AppleWebKit/537.36 (KHTML, like Gecko) Chrome/79.0.3945.130 Safari/537.36\"\n","level":"info"}
{"message":"::1 - - [07/Feb/2020:07:42:56 +0000] \"OPTIONS /api/v1/news/country/in/category/Business/page/1 HTTP/1.1\" 204 0 \"http://localhost:3000/Home\" \"Mozilla/5.0 (Windows NT 10.0; Win64; x64) AppleWebKit/537.36 (KHTML, like Gecko) Chrome/79.0.3945.130 Safari/537.36\"\n","level":"info"}
{"message":"::1 - - [07/Feb/2020:07:42:56 +0000] \"OPTIONS /api/v1/news/country/in/category/Business/page/1 HTTP/1.1\" 204 0 \"http://localhost:3000/Home\" \"Mozilla/5.0 (Windows NT 10.0; Win64; x64) AppleWebKit/537.36 (KHTML, like Gecko) Chrome/79.0.3945.130 Safari/537.36\"\n","level":"info"}
{"message":"::1 - - [07/Feb/2020:07:42:57 +0000] \"GET /api/v1/news/country/in/category/Business/page/1 HTTP/1.1\" 304 - \"http://localhost:3000/Home\" \"Mozilla/5.0 (Windows NT 10.0; Win64; x64) AppleWebKit/537.36 (KHTML, like Gecko) Chrome/79.0.3945.130 Safari/537.36\"\n","level":"info"}
{"message":"::1 - - [07/Feb/2020:07:42:57 +0000] \"OPTIONS /api/userdetails/fetch HTTP/1.1\" 204 0 \"http://localhost:3000/Home\" \"Mozilla/5.0 (Windows NT 10.0; Win64; x64) AppleWebKit/537.36 (KHTML, like Gecko) Chrome/79.0.3945.130 Safari/537.36\"\n","level":"info"}
{"message":"::1 - - [07/Feb/2020:07:42:57 +0000] \"GET /api/userdetails/fetch HTTP/1.1\" 304 - \"http://localhost:3000/Home\" \"Mozilla/5.0 (Windows NT 10.0; Win64; x64) AppleWebKit/537.36 (KHTML, like Gecko) Chrome/79.0.3945.130 Safari/537.36\"\n","level":"info"}
{"message":"::1 - - [07/Feb/2020:07:42:58 +0000] \"GET /api/v1/news/country/in/category/Business/page/1 HTTP/1.1\" 304 - \"http://localhost:3000/Home\" \"Mozilla/5.0 (Windows NT 10.0; Win64; x64) AppleWebKit/537.36 (KHTML, like Gecko) Chrome/79.0.3945.130 Safari/537.36\"\n","level":"info"}
{"message":"::1 - - [07/Feb/2020:07:42:58 +0000] \"GET /api/userdetails/fetch HTTP/1.1\" 304 - \"http://localhost:3000/Home\" \"Mozilla/5.0 (Windows NT 10.0; Win64; x64) AppleWebKit/537.36 (KHTML, like Gecko) Chrome/79.0.3945.130 Safari/537.36\"\n","level":"info"}
{"message":"::1 - - [07/Feb/2020:07:43:35 +0000] \"OPTIONS /api/v1/news/country/in/category/Business/page/1 HTTP/1.1\" 204 0 \"http://localhost:3000/Home\" \"Mozilla/5.0 (Windows NT 10.0; Win64; x64) AppleWebKit/537.36 (KHTML, like Gecko) Chrome/79.0.3945.130 Safari/537.36\"\n","level":"info"}
{"message":"::1 - - [07/Feb/2020:07:43:35 +0000] \"OPTIONS /api/v1/news/country/in/category/Business/page/1 HTTP/1.1\" 204 0 \"http://localhost:3000/Home\" \"Mozilla/5.0 (Windows NT 10.0; Win64; x64) AppleWebKit/537.36 (KHTML, like Gecko) Chrome/79.0.3945.130 Safari/537.36\"\n","level":"info"}
{"message":"::1 - - [07/Feb/2020:07:43:36 +0000] \"GET /api/v1/news/country/in/category/Business/page/1 HTTP/1.1\" 304 - \"http://localhost:3000/Home\" \"Mozilla/5.0 (Windows NT 10.0; Win64; x64) AppleWebKit/537.36 (KHTML, like Gecko) Chrome/79.0.3945.130 Safari/537.36\"\n","level":"info"}
{"message":"::1 - - [07/Feb/2020:07:43:36 +0000] \"OPTIONS /api/userdetails/fetch HTTP/1.1\" 204 0 \"http://localhost:3000/Home\" \"Mozilla/5.0 (Windows NT 10.0; Win64; x64) AppleWebKit/537.36 (KHTML, like Gecko) Chrome/79.0.3945.130 Safari/537.36\"\n","level":"info"}
{"message":"::1 - - [07/Feb/2020:07:43:36 +0000] \"GET /api/userdetails/fetch HTTP/1.1\" 304 - \"http://localhost:3000/Home\" \"Mozilla/5.0 (Windows NT 10.0; Win64; x64) AppleWebKit/537.36 (KHTML, like Gecko) Chrome/79.0.3945.130 Safari/537.36\"\n","level":"info"}
{"message":"::1 - - [07/Feb/2020:07:43:37 +0000] \"GET /api/v1/news/country/in/category/Business/page/1 HTTP/1.1\" 304 - \"http://localhost:3000/Home\" \"Mozilla/5.0 (Windows NT 10.0; Win64; x64) AppleWebKit/537.36 (KHTML, like Gecko) Chrome/79.0.3945.130 Safari/537.36\"\n","level":"info"}
{"message":"::1 - - [07/Feb/2020:07:43:37 +0000] \"GET /api/userdetails/fetch HTTP/1.1\" 304 - \"http://localhost:3000/Home\" \"Mozilla/5.0 (Windows NT 10.0; Win64; x64) AppleWebKit/537.36 (KHTML, like Gecko) Chrome/79.0.3945.130 Safari/537.36\"\n","level":"info"}
{"message":"::1 - - [07/Feb/2020:07:44:13 +0000] \"OPTIONS /pgcollection/v1/news/fetchNews HTTP/1.1\" 204 0 \"http://localhost:3000/Home\" \"Mozilla/5.0 (Windows NT 10.0; Win64; x64) AppleWebKit/537.36 (KHTML, like Gecko) Chrome/79.0.3945.130 Safari/537.36\"\n","level":"info"}
{"message":"::1 - - [07/Feb/2020:07:44:13 +0000] \"GET /pgcollection/v1/news/fetchNews HTTP/1.1\" 304 - \"http://localhost:3000/Home\" \"Mozilla/5.0 (Windows NT 10.0; Win64; x64) AppleWebKit/537.36 (KHTML, like Gecko) Chrome/79.0.3945.130 Safari/537.36\"\n","level":"info"}
{"message":"::1 - - [07/Feb/2020:07:44:55 +0000] \"OPTIONS /api/v1/news/country/in/category/Business/page/1 HTTP/1.1\" 204 0 \"http://localhost:3000/Home\" \"Mozilla/5.0 (Windows NT 10.0; Win64; x64) AppleWebKit/537.36 (KHTML, like Gecko) Chrome/79.0.3945.130 Safari/537.36\"\n","level":"info"}
{"message":"::1 - - [07/Feb/2020:07:44:55 +0000] \"OPTIONS /api/v1/news/country/in/category/Business/page/1 HTTP/1.1\" 204 0 \"http://localhost:3000/Home\" \"Mozilla/5.0 (Windows NT 10.0; Win64; x64) AppleWebKit/537.36 (KHTML, like Gecko) Chrome/79.0.3945.130 Safari/537.36\"\n","level":"info"}
{"message":"::1 - - [07/Feb/2020:07:44:56 +0000] \"GET /api/v1/news/country/in/category/Business/page/1 HTTP/1.1\" 304 - \"http://localhost:3000/Home\" \"Mozilla/5.0 (Windows NT 10.0; Win64; x64) AppleWebKit/537.36 (KHTML, like Gecko) Chrome/79.0.3945.130 Safari/537.36\"\n","level":"info"}
{"message":"::1 - - [07/Feb/2020:07:44:56 +0000] \"OPTIONS /api/userdetails/fetch HTTP/1.1\" 204 0 \"http://localhost:3000/Home\" \"Mozilla/5.0 (Windows NT 10.0; Win64; x64) AppleWebKit/537.36 (KHTML, like Gecko) Chrome/79.0.3945.130 Safari/537.36\"\n","level":"info"}
{"message":"::1 - - [07/Feb/2020:07:44:56 +0000] \"GET /api/userdetails/fetch HTTP/1.1\" 304 - \"http://localhost:3000/Home\" \"Mozilla/5.0 (Windows NT 10.0; Win64; x64) AppleWebKit/537.36 (KHTML, like Gecko) Chrome/79.0.3945.130 Safari/537.36\"\n","level":"info"}
{"message":"::1 - - [07/Feb/2020:07:44:57 +0000] \"GET /api/v1/news/country/in/category/Business/page/1 HTTP/1.1\" 304 - \"http://localhost:3000/Home\" \"Mozilla/5.0 (Windows NT 10.0; Win64; x64) AppleWebKit/537.36 (KHTML, like Gecko) Chrome/79.0.3945.130 Safari/537.36\"\n","level":"info"}
{"message":"::1 - - [07/Feb/2020:07:44:57 +0000] \"GET /api/userdetails/fetch HTTP/1.1\" 304 - \"http://localhost:3000/Home\" \"Mozilla/5.0 (Windows NT 10.0; Win64; x64) AppleWebKit/537.36 (KHTML, like Gecko) Chrome/79.0.3945.130 Safari/537.36\"\n","level":"info"}
{"message":"::1 - - [07/Feb/2020:07:44:57 +0000] \"OPTIONS /pgcollection/v1/news/fetchNews HTTP/1.1\" 204 0 \"http://localhost:3000/Home\" \"Mozilla/5.0 (Windows NT 10.0; Win64; x64) AppleWebKit/537.36 (KHTML, like Gecko) Chrome/79.0.3945.130 Safari/537.36\"\n","level":"info"}
{"message":"::1 - - [07/Feb/2020:07:44:57 +0000] \"GET /pgcollection/v1/news/fetchNews HTTP/1.1\" 304 - \"http://localhost:3000/Home\" \"Mozilla/5.0 (Windows NT 10.0; Win64; x64) AppleWebKit/537.36 (KHTML, like Gecko) Chrome/79.0.3945.130 Safari/537.36\"\n","level":"info"}
{"message":"::1 - - [07/Feb/2020:07:45:46 +0000] \"OPTIONS /api/v1/news/country/in/category/Business/page/1 HTTP/1.1\" 204 0 \"http://localhost:3000/Home\" \"Mozilla/5.0 (Windows NT 10.0; Win64; x64) AppleWebKit/537.36 (KHTML, like Gecko) Chrome/79.0.3945.130 Safari/537.36\"\n","level":"info"}
{"message":"::1 - - [07/Feb/2020:07:45:46 +0000] \"OPTIONS /api/v1/news/country/in/category/Business/page/1 HTTP/1.1\" 204 0 \"http://localhost:3000/Home\" \"Mozilla/5.0 (Windows NT 10.0; Win64; x64) AppleWebKit/537.36 (KHTML, like Gecko) Chrome/79.0.3945.130 Safari/537.36\"\n","level":"info"}
{"message":"::1 - - [07/Feb/2020:07:45:47 +0000] \"GET /api/v1/news/country/in/category/Business/page/1 HTTP/1.1\" 304 - \"http://localhost:3000/Home\" \"Mozilla/5.0 (Windows NT 10.0; Win64; x64) AppleWebKit/537.36 (KHTML, like Gecko) Chrome/79.0.3945.130 Safari/537.36\"\n","level":"info"}
{"message":"::1 - - [07/Feb/2020:07:45:47 +0000] \"OPTIONS /api/userdetails/fetch HTTP/1.1\" 204 0 \"http://localhost:3000/Home\" \"Mozilla/5.0 (Windows NT 10.0; Win64; x64) AppleWebKit/537.36 (KHTML, like Gecko) Chrome/79.0.3945.130 Safari/537.36\"\n","level":"info"}
{"message":"::1 - - [07/Feb/2020:07:45:48 +0000] \"GET /api/userdetails/fetch HTTP/1.1\" 304 - \"http://localhost:3000/Home\" \"Mozilla/5.0 (Windows NT 10.0; Win64; x64) AppleWebKit/537.36 (KHTML, like Gecko) Chrome/79.0.3945.130 Safari/537.36\"\n","level":"info"}
{"message":"::1 - - [07/Feb/2020:07:45:48 +0000] \"OPTIONS /pgcollection/v1/news/fetchNews HTTP/1.1\" 204 0 \"http://localhost:3000/Home\" \"Mozilla/5.0 (Windows NT 10.0; Win64; x64) AppleWebKit/537.36 (KHTML, like Gecko) Chrome/79.0.3945.130 Safari/537.36\"\n","level":"info"}
{"message":"::1 - - [07/Feb/2020:07:45:48 +0000] \"GET /pgcollection/v1/news/fetchNews HTTP/1.1\" 304 - \"http://localhost:3000/Home\" \"Mozilla/5.0 (Windows NT 10.0; Win64; x64) AppleWebKit/537.36 (KHTML, like Gecko) Chrome/79.0.3945.130 Safari/537.36\"\n","level":"info"}
{"message":"::1 - - [07/Feb/2020:07:45:48 +0000] \"GET /api/v1/news/country/in/category/Business/page/1 HTTP/1.1\" 304 - \"http://localhost:3000/Home\" \"Mozilla/5.0 (Windows NT 10.0; Win64; x64) AppleWebKit/537.36 (KHTML, like Gecko) Chrome/79.0.3945.130 Safari/537.36\"\n","level":"info"}
{"message":"::1 - - [07/Feb/2020:07:45:48 +0000] \"GET /api/userdetails/fetch HTTP/1.1\" 304 - \"http://localhost:3000/Home\" \"Mozilla/5.0 (Windows NT 10.0; Win64; x64) AppleWebKit/537.36 (KHTML, like Gecko) Chrome/79.0.3945.130 Safari/537.36\"\n","level":"info"}
{"message":"::1 - - [07/Feb/2020:07:46:38 +0000] \"OPTIONS /api/v1/news/country/in/category/Business/page/1 HTTP/1.1\" 204 0 \"http://localhost:3000/Home\" \"Mozilla/5.0 (Windows NT 10.0; Win64; x64) AppleWebKit/537.36 (KHTML, like Gecko) Chrome/79.0.3945.130 Safari/537.36\"\n","level":"info"}
{"message":"::1 - - [07/Feb/2020:07:46:38 +0000] \"OPTIONS /api/v1/news/country/in/category/Business/page/1 HTTP/1.1\" 204 0 \"http://localhost:3000/Home\" \"Mozilla/5.0 (Windows NT 10.0; Win64; x64) AppleWebKit/537.36 (KHTML, like Gecko) Chrome/79.0.3945.130 Safari/537.36\"\n","level":"info"}
{"message":"::1 - - [07/Feb/2020:07:46:39 +0000] \"GET /api/v1/news/country/in/category/Business/page/1 HTTP/1.1\" 304 - \"http://localhost:3000/Home\" \"Mozilla/5.0 (Windows NT 10.0; Win64; x64) AppleWebKit/537.36 (KHTML, like Gecko) Chrome/79.0.3945.130 Safari/537.36\"\n","level":"info"}
{"message":"::1 - - [07/Feb/2020:07:46:39 +0000] \"OPTIONS /api/userdetails/fetch HTTP/1.1\" 204 0 \"http://localhost:3000/Home\" \"Mozilla/5.0 (Windows NT 10.0; Win64; x64) AppleWebKit/537.36 (KHTML, like Gecko) Chrome/79.0.3945.130 Safari/537.36\"\n","level":"info"}
{"message":"::1 - - [07/Feb/2020:07:46:39 +0000] \"GET /api/userdetails/fetch HTTP/1.1\" 304 - \"http://localhost:3000/Home\" \"Mozilla/5.0 (Windows NT 10.0; Win64; x64) AppleWebKit/537.36 (KHTML, like Gecko) Chrome/79.0.3945.130 Safari/537.36\"\n","level":"info"}
{"message":"::1 - - [07/Feb/2020:07:46:40 +0000] \"GET /api/v1/news/country/in/category/Business/page/1 HTTP/1.1\" - - \"http://localhost:3000/Home\" \"Mozilla/5.0 (Windows NT 10.0; Win64; x64) AppleWebKit/537.36 (KHTML, like Gecko) Chrome/79.0.3945.130 Safari/537.36\"\n","level":"info"}
{"message":"::1 - - [07/Feb/2020:07:46:41 +0000] \"GET /api/v1/news/country/in/category/Business/page/1 HTTP/1.1\" 200 6018 \"http://localhost:3000/Home\" \"Mozilla/5.0 (Windows NT 10.0; Win64; x64) AppleWebKit/537.36 (KHTML, like Gecko) Chrome/79.0.3945.130 Safari/537.36\"\n","level":"info"}
{"message":"::1 - - [07/Feb/2020:07:46:42 +0000] \"GET /api/userdetails/fetch HTTP/1.1\" 304 - \"http://localhost:3000/Home\" \"Mozilla/5.0 (Windows NT 10.0; Win64; x64) AppleWebKit/537.36 (KHTML, like Gecko) Chrome/79.0.3945.130 Safari/537.36\"\n","level":"info"}
{"message":"::1 - - [07/Feb/2020:07:46:42 +0000] \"GET /api/v1/news/country/in/category/Business/page/1 HTTP/1.1\" 304 - \"http://localhost:3000/Home\" \"Mozilla/5.0 (Windows NT 10.0; Win64; x64) AppleWebKit/537.36 (KHTML, like Gecko) Chrome/79.0.3945.130 Safari/537.36\"\n","level":"info"}
{"message":"::1 - - [07/Feb/2020:07:46:42 +0000] \"GET /api/userdetails/fetch HTTP/1.1\" 304 - \"http://localhost:3000/Home\" \"Mozilla/5.0 (Windows NT 10.0; Win64; x64) AppleWebKit/537.36 (KHTML, like Gecko) Chrome/79.0.3945.130 Safari/537.36\"\n","level":"info"}
{"message":"::1 - - [07/Feb/2020:07:46:46 +0000] \"OPTIONS /api/v1/news/country/in/category/Business/page/1 HTTP/1.1\" 204 0 \"http://localhost:3000/Home\" \"Mozilla/5.0 (Windows NT 10.0; Win64; x64) AppleWebKit/537.36 (KHTML, like Gecko) Chrome/79.0.3945.130 Safari/537.36\"\n","level":"info"}
{"message":"::1 - - [07/Feb/2020:07:46:46 +0000] \"OPTIONS /api/v1/news/country/in/category/Business/page/1 HTTP/1.1\" 204 0 \"http://localhost:3000/Home\" \"Mozilla/5.0 (Windows NT 10.0; Win64; x64) AppleWebKit/537.36 (KHTML, like Gecko) Chrome/79.0.3945.130 Safari/537.36\"\n","level":"info"}
{"message":"::1 - - [07/Feb/2020:07:46:47 +0000] \"GET /api/v1/news/country/in/category/Business/page/1 HTTP/1.1\" 304 - \"http://localhost:3000/Home\" \"Mozilla/5.0 (Windows NT 10.0; Win64; x64) AppleWebKit/537.36 (KHTML, like Gecko) Chrome/79.0.3945.130 Safari/537.36\"\n","level":"info"}
{"message":"::1 - - [07/Feb/2020:07:46:47 +0000] \"OPTIONS /api/userdetails/fetch HTTP/1.1\" 204 0 \"http://localhost:3000/Home\" \"Mozilla/5.0 (Windows NT 10.0; Win64; x64) AppleWebKit/537.36 (KHTML, like Gecko) Chrome/79.0.3945.130 Safari/537.36\"\n","level":"info"}
{"message":"::1 - - [07/Feb/2020:07:46:47 +0000] \"GET /api/userdetails/fetch HTTP/1.1\" 304 - \"http://localhost:3000/Home\" \"Mozilla/5.0 (Windows NT 10.0; Win64; x64) AppleWebKit/537.36 (KHTML, like Gecko) Chrome/79.0.3945.130 Safari/537.36\"\n","level":"info"}
{"message":"::1 - - [07/Feb/2020:07:46:48 +0000] \"GET /api/v1/news/country/in/category/Business/page/1 HTTP/1.1\" 304 - \"http://localhost:3000/Home\" \"Mozilla/5.0 (Windows NT 10.0; Win64; x64) AppleWebKit/537.36 (KHTML, like Gecko) Chrome/79.0.3945.130 Safari/537.36\"\n","level":"info"}
{"message":"::1 - - [07/Feb/2020:07:46:48 +0000] \"GET /api/userdetails/fetch HTTP/1.1\" 304 - \"http://localhost:3000/Home\" \"Mozilla/5.0 (Windows NT 10.0; Win64; x64) AppleWebKit/537.36 (KHTML, like Gecko) Chrome/79.0.3945.130 Safari/537.36\"\n","level":"info"}
{"message":"::1 - - [07/Feb/2020:07:46:50 +0000] \"GET /api/v1/news/country/in/category/Business/page/1 HTTP/1.1\" 304 - \"http://localhost:3000/Home\" \"Mozilla/5.0 (Windows NT 10.0; Win64; x64) AppleWebKit/537.36 (KHTML, like Gecko) Chrome/79.0.3945.130 Safari/537.36\"\n","level":"info"}
{"message":"::1 - - [07/Feb/2020:07:46:50 +0000] \"GET /api/userdetails/fetch HTTP/1.1\" 304 - \"http://localhost:3000/Home\" \"Mozilla/5.0 (Windows NT 10.0; Win64; x64) AppleWebKit/537.36 (KHTML, like Gecko) Chrome/79.0.3945.130 Safari/537.36\"\n","level":"info"}
{"message":"::1 - - [07/Feb/2020:07:46:51 +0000] \"GET /api/v1/news/country/in/category/Business/page/1 HTTP/1.1\" 304 - \"http://localhost:3000/Home\" \"Mozilla/5.0 (Windows NT 10.0; Win64; x64) AppleWebKit/537.36 (KHTML, like Gecko) Chrome/79.0.3945.130 Safari/537.36\"\n","level":"info"}
{"message":"::1 - - [07/Feb/2020:07:46:51 +0000] \"GET /api/userdetails/fetch HTTP/1.1\" 304 - \"http://localhost:3000/Home\" \"Mozilla/5.0 (Windows NT 10.0; Win64; x64) AppleWebKit/537.36 (KHTML, like Gecko) Chrome/79.0.3945.130 Safari/537.36\"\n","level":"info"}
{"message":"::1 - - [07/Feb/2020:07:46:55 +0000] \"OPTIONS /api/v1/news/country/in/category/Business/page/1 HTTP/1.1\" 204 0 \"http://localhost:3000/Home\" \"Mozilla/5.0 (Windows NT 10.0; Win64; x64) AppleWebKit/537.36 (KHTML, like Gecko) Chrome/79.0.3945.130 Safari/537.36\"\n","level":"info"}
{"message":"::1 - - [07/Feb/2020:07:46:55 +0000] \"OPTIONS /api/v1/news/country/in/category/Business/page/1 HTTP/1.1\" 204 0 \"http://localhost:3000/Home\" \"Mozilla/5.0 (Windows NT 10.0; Win64; x64) AppleWebKit/537.36 (KHTML, like Gecko) Chrome/79.0.3945.130 Safari/537.36\"\n","level":"info"}
{"message":"::1 - - [07/Feb/2020:07:46:56 +0000] \"GET /api/v1/news/country/in/category/Business/page/1 HTTP/1.1\" 304 - \"http://localhost:3000/Home\" \"Mozilla/5.0 (Windows NT 10.0; Win64; x64) AppleWebKit/537.36 (KHTML, like Gecko) Chrome/79.0.3945.130 Safari/537.36\"\n","level":"info"}
{"message":"::1 - - [07/Feb/2020:07:46:56 +0000] \"OPTIONS /api/userdetails/fetch HTTP/1.1\" 204 0 \"http://localhost:3000/Home\" \"Mozilla/5.0 (Windows NT 10.0; Win64; x64) AppleWebKit/537.36 (KHTML, like Gecko) Chrome/79.0.3945.130 Safari/537.36\"\n","level":"info"}
{"message":"::1 - - [07/Feb/2020:07:46:56 +0000] \"GET /api/userdetails/fetch HTTP/1.1\" - - \"http://localhost:3000/Home\" \"Mozilla/5.0 (Windows NT 10.0; Win64; x64) AppleWebKit/537.36 (KHTML, like Gecko) Chrome/79.0.3945.130 Safari/537.36\"\n","level":"info"}
{"message":"::1 - - [07/Feb/2020:07:46:56 +0000] \"GET /api/v1/news/country/in/category/Business/page/1 HTTP/1.1\" - - \"http://localhost:3000/Home\" \"Mozilla/5.0 (Windows NT 10.0; Win64; x64) AppleWebKit/537.36 (KHTML, like Gecko) Chrome/79.0.3945.130 Safari/537.36\"\n","level":"info"}
{"message":"::1 - - [07/Feb/2020:07:46:58 +0000] \"GET /api/v1/news/country/in/category/Business/page/1 HTTP/1.1\" 200 6018 \"http://localhost:3000/Home\" \"Mozilla/5.0 (Windows NT 10.0; Win64; x64) AppleWebKit/537.36 (KHTML, like Gecko) Chrome/79.0.3945.130 Safari/537.36\"\n","level":"info"}
{"message":"::1 - - [07/Feb/2020:07:46:58 +0000] \"GET /api/userdetails/fetch HTTP/1.1\" 200 1135296 \"http://localhost:3000/Home\" \"Mozilla/5.0 (Windows NT 10.0; Win64; x64) AppleWebKit/537.36 (KHTML, like Gecko) Chrome/79.0.3945.130 Safari/537.36\"\n","level":"info"}
{"message":"::1 - - [07/Feb/2020:07:46:58 +0000] \"GET /api/v1/news/country/in/category/Business/page/1 HTTP/1.1\" - - \"http://localhost:3000/Home\" \"Mozilla/5.0 (Windows NT 10.0; Win64; x64) AppleWebKit/537.36 (KHTML, like Gecko) Chrome/79.0.3945.130 Safari/537.36\"\n","level":"info"}
{"message":"::1 - - [07/Feb/2020:07:47:00 +0000] \"GET /api/v1/news/country/in/category/Business/page/1 HTTP/1.1\" 200 6018 \"http://localhost:3000/Home\" \"Mozilla/5.0 (Windows NT 10.0; Win64; x64) AppleWebKit/537.36 (KHTML, like Gecko) Chrome/79.0.3945.130 Safari/537.36\"\n","level":"info"}
{"message":"::1 - - [07/Feb/2020:07:47:00 +0000] \"GET /api/userdetails/fetch HTTP/1.1\" 304 - \"http://localhost:3000/Home\" \"Mozilla/5.0 (Windows NT 10.0; Win64; x64) AppleWebKit/537.36 (KHTML, like Gecko) Chrome/79.0.3945.130 Safari/537.36\"\n","level":"info"}
{"message":"::1 - - [07/Feb/2020:07:47:01 +0000] \"GET /api/v1/news/country/in/category/Business/page/1 HTTP/1.1\" 304 - \"http://localhost:3000/Home\" \"Mozilla/5.0 (Windows NT 10.0; Win64; x64) AppleWebKit/537.36 (KHTML, like Gecko) Chrome/79.0.3945.130 Safari/537.36\"\n","level":"info"}
{"message":"::1 - - [07/Feb/2020:07:47:01 +0000] \"OPTIONS /pgcollection/v1/news/fetchNews HTTP/1.1\" 204 0 \"http://localhost:3000/Home\" \"Mozilla/5.0 (Windows NT 10.0; Win64; x64) AppleWebKit/537.36 (KHTML, like Gecko) Chrome/79.0.3945.130 Safari/537.36\"\n","level":"info"}
{"message":"::1 - - [07/Feb/2020:07:47:01 +0000] \"GET /pgcollection/v1/news/fetchNews HTTP/1.1\" 304 - \"http://localhost:3000/Home\" \"Mozilla/5.0 (Windows NT 10.0; Win64; x64) AppleWebKit/537.36 (KHTML, like Gecko) Chrome/79.0.3945.130 Safari/537.36\"\n","level":"info"}
{"message":"::1 - - [07/Feb/2020:07:47:01 +0000] \"GET /api/userdetails/fetch HTTP/1.1\" 304 - \"http://localhost:3000/Home\" \"Mozilla/5.0 (Windows NT 10.0; Win64; x64) AppleWebKit/537.36 (KHTML, like Gecko) Chrome/79.0.3945.130 Safari/537.36\"\n","level":"info"}
{"message":"::1 - - [07/Feb/2020:07:47:22 +0000] \"OPTIONS /api/v1/news/country/in/category/Business/page/1 HTTP/1.1\" 204 0 \"http://localhost:3000/Home\" \"Mozilla/5.0 (Windows NT 10.0; Win64; x64) AppleWebKit/537.36 (KHTML, like Gecko) Chrome/79.0.3945.130 Safari/537.36\"\n","level":"info"}
{"message":"::1 - - [07/Feb/2020:07:47:22 +0000] \"OPTIONS /api/v1/news/country/in/category/Business/page/1 HTTP/1.1\" 204 0 \"http://localhost:3000/Home\" \"Mozilla/5.0 (Windows NT 10.0; Win64; x64) AppleWebKit/537.36 (KHTML, like Gecko) Chrome/79.0.3945.130 Safari/537.36\"\n","level":"info"}
{"message":"::1 - - [07/Feb/2020:07:47:24 +0000] \"GET /api/v1/news/country/in/category/Business/page/1 HTTP/1.1\" 304 - \"http://localhost:3000/Home\" \"Mozilla/5.0 (Windows NT 10.0; Win64; x64) AppleWebKit/537.36 (KHTML, like Gecko) Chrome/79.0.3945.130 Safari/537.36\"\n","level":"info"}
{"message":"::1 - - [07/Feb/2020:07:47:24 +0000] \"OPTIONS /api/userdetails/fetch HTTP/1.1\" 204 0 \"http://localhost:3000/Home\" \"Mozilla/5.0 (Windows NT 10.0; Win64; x64) AppleWebKit/537.36 (KHTML, like Gecko) Chrome/79.0.3945.130 Safari/537.36\"\n","level":"info"}
{"message":"::1 - - [07/Feb/2020:07:47:24 +0000] \"GET /api/userdetails/fetch HTTP/1.1\" 304 - \"http://localhost:3000/Home\" \"Mozilla/5.0 (Windows NT 10.0; Win64; x64) AppleWebKit/537.36 (KHTML, like Gecko) Chrome/79.0.3945.130 Safari/537.36\"\n","level":"info"}
{"message":"::1 - - [07/Feb/2020:07:47:24 +0000] \"OPTIONS /pgcollection/v1/news/fetchNews HTTP/1.1\" 204 0 \"http://localhost:3000/Home\" \"Mozilla/5.0 (Windows NT 10.0; Win64; x64) AppleWebKit/537.36 (KHTML, like Gecko) Chrome/79.0.3945.130 Safari/537.36\"\n","level":"info"}
{"message":"::1 - - [07/Feb/2020:07:47:24 +0000] \"GET /pgcollection/v1/news/fetchNews HTTP/1.1\" 304 - \"http://localhost:3000/Home\" \"Mozilla/5.0 (Windows NT 10.0; Win64; x64) AppleWebKit/537.36 (KHTML, like Gecko) Chrome/79.0.3945.130 Safari/537.36\"\n","level":"info"}
{"message":"::1 - - [07/Feb/2020:07:47:24 +0000] \"GET /api/v1/news/country/in/category/Business/page/1 HTTP/1.1\" 304 - \"http://localhost:3000/Home\" \"Mozilla/5.0 (Windows NT 10.0; Win64; x64) AppleWebKit/537.36 (KHTML, like Gecko) Chrome/79.0.3945.130 Safari/537.36\"\n","level":"info"}
{"message":"::1 - - [07/Feb/2020:07:47:25 +0000] \"GET /api/userdetails/fetch HTTP/1.1\" 304 - \"http://localhost:3000/Home\" \"Mozilla/5.0 (Windows NT 10.0; Win64; x64) AppleWebKit/537.36 (KHTML, like Gecko) Chrome/79.0.3945.130 Safari/537.36\"\n","level":"info"}
{"message":"::1 - - [07/Feb/2020:07:47:47 +0000] \"OPTIONS /api/v1/news/country/in/category/Business/page/1 HTTP/1.1\" 204 0 \"http://localhost:3000/Home\" \"Mozilla/5.0 (Windows NT 10.0; Win64; x64) AppleWebKit/537.36 (KHTML, like Gecko) Chrome/79.0.3945.130 Safari/537.36\"\n","level":"info"}
{"message":"::1 - - [07/Feb/2020:07:47:47 +0000] \"OPTIONS /api/v1/news/country/in/category/Business/page/1 HTTP/1.1\" 204 0 \"http://localhost:3000/Home\" \"Mozilla/5.0 (Windows NT 10.0; Win64; x64) AppleWebKit/537.36 (KHTML, like Gecko) Chrome/79.0.3945.130 Safari/537.36\"\n","level":"info"}
{"message":"::1 - - [07/Feb/2020:07:47:47 +0000] \"GET /api/v1/news/country/in/category/Business/page/1 HTTP/1.1\" 304 - \"http://localhost:3000/Home\" \"Mozilla/5.0 (Windows NT 10.0; Win64; x64) AppleWebKit/537.36 (KHTML, like Gecko) Chrome/79.0.3945.130 Safari/537.36\"\n","level":"info"}
{"message":"::1 - - [07/Feb/2020:07:47:48 +0000] \"OPTIONS /api/userdetails/fetch HTTP/1.1\" 204 0 \"http://localhost:3000/Home\" \"Mozilla/5.0 (Windows NT 10.0; Win64; x64) AppleWebKit/537.36 (KHTML, like Gecko) Chrome/79.0.3945.130 Safari/537.36\"\n","level":"info"}
{"message":"::1 - - [07/Feb/2020:07:47:48 +0000] \"GET /api/userdetails/fetch HTTP/1.1\" 304 - \"http://localhost:3000/Home\" \"Mozilla/5.0 (Windows NT 10.0; Win64; x64) AppleWebKit/537.36 (KHTML, like Gecko) Chrome/79.0.3945.130 Safari/537.36\"\n","level":"info"}
{"message":"::1 - - [07/Feb/2020:07:47:48 +0000] \"OPTIONS /pgcollection/v1/news/fetchNews HTTP/1.1\" 204 0 \"http://localhost:3000/Home\" \"Mozilla/5.0 (Windows NT 10.0; Win64; x64) AppleWebKit/537.36 (KHTML, like Gecko) Chrome/79.0.3945.130 Safari/537.36\"\n","level":"info"}
{"message":"::1 - - [07/Feb/2020:07:47:48 +0000] \"GET /pgcollection/v1/news/fetchNews HTTP/1.1\" 304 - \"http://localhost:3000/Home\" \"Mozilla/5.0 (Windows NT 10.0; Win64; x64) AppleWebKit/537.36 (KHTML, like Gecko) Chrome/79.0.3945.130 Safari/537.36\"\n","level":"info"}
{"message":"::1 - - [07/Feb/2020:07:47:48 +0000] \"GET /api/v1/news/country/in/category/Business/page/1 HTTP/1.1\" 304 - \"http://localhost:3000/Home\" \"Mozilla/5.0 (Windows NT 10.0; Win64; x64) AppleWebKit/537.36 (KHTML, like Gecko) Chrome/79.0.3945.130 Safari/537.36\"\n","level":"info"}
{"message":"::1 - - [07/Feb/2020:07:47:49 +0000] \"GET /api/userdetails/fetch HTTP/1.1\" 304 - \"http://localhost:3000/Home\" \"Mozilla/5.0 (Windows NT 10.0; Win64; x64) AppleWebKit/537.36 (KHTML, like Gecko) Chrome/79.0.3945.130 Safari/537.36\"\n","level":"info"}
{"message":"::1 - - [07/Feb/2020:07:48:01 +0000] \"OPTIONS /api/v1/news/country/in/category/Business/page/1 HTTP/1.1\" 204 0 \"http://localhost:3000/Home\" \"Mozilla/5.0 (Windows NT 10.0; Win64; x64) AppleWebKit/537.36 (KHTML, like Gecko) Chrome/79.0.3945.130 Safari/537.36\"\n","level":"info"}
{"message":"::1 - - [07/Feb/2020:07:48:01 +0000] \"OPTIONS /api/v1/news/country/in/category/Business/page/1 HTTP/1.1\" 204 0 \"http://localhost:3000/Home\" \"Mozilla/5.0 (Windows NT 10.0; Win64; x64) AppleWebKit/537.36 (KHTML, like Gecko) Chrome/79.0.3945.130 Safari/537.36\"\n","level":"info"}
{"message":"::1 - - [07/Feb/2020:07:48:02 +0000] \"GET /api/v1/news/country/in/category/Business/page/1 HTTP/1.1\" 304 - \"http://localhost:3000/Home\" \"Mozilla/5.0 (Windows NT 10.0; Win64; x64) AppleWebKit/537.36 (KHTML, like Gecko) Chrome/79.0.3945.130 Safari/537.36\"\n","level":"info"}
{"message":"::1 - - [07/Feb/2020:07:48:02 +0000] \"OPTIONS /api/userdetails/fetch HTTP/1.1\" 204 0 \"http://localhost:3000/Home\" \"Mozilla/5.0 (Windows NT 10.0; Win64; x64) AppleWebKit/537.36 (KHTML, like Gecko) Chrome/79.0.3945.130 Safari/537.36\"\n","level":"info"}
{"message":"::1 - - [07/Feb/2020:07:48:03 +0000] \"GET /api/userdetails/fetch HTTP/1.1\" 304 - \"http://localhost:3000/Home\" \"Mozilla/5.0 (Windows NT 10.0; Win64; x64) AppleWebKit/537.36 (KHTML, like Gecko) Chrome/79.0.3945.130 Safari/537.36\"\n","level":"info"}
{"message":"::1 - - [07/Feb/2020:07:48:03 +0000] \"GET /api/v1/news/country/in/category/Business/page/1 HTTP/1.1\" 304 - \"http://localhost:3000/Home\" \"Mozilla/5.0 (Windows NT 10.0; Win64; x64) AppleWebKit/537.36 (KHTML, like Gecko) Chrome/79.0.3945.130 Safari/537.36\"\n","level":"info"}
{"message":"::1 - - [07/Feb/2020:07:48:04 +0000] \"GET /api/userdetails/fetch HTTP/1.1\" 304 - \"http://localhost:3000/Home\" \"Mozilla/5.0 (Windows NT 10.0; Win64; x64) AppleWebKit/537.36 (KHTML, like Gecko) Chrome/79.0.3945.130 Safari/537.36\"\n","level":"info"}
{"message":"::1 - - [07/Feb/2020:07:48:59 +0000] \"OPTIONS /api/v1/news/country/in/category/Business/page/1 HTTP/1.1\" 204 0 \"http://localhost:3000/Home\" \"Mozilla/5.0 (Windows NT 10.0; Win64; x64) AppleWebKit/537.36 (KHTML, like Gecko) Chrome/79.0.3945.130 Safari/537.36\"\n","level":"info"}
{"message":"::1 - - [07/Feb/2020:07:48:59 +0000] \"OPTIONS /api/v1/news/country/in/category/Business/page/1 HTTP/1.1\" 204 0 \"http://localhost:3000/Home\" \"Mozilla/5.0 (Windows NT 10.0; Win64; x64) AppleWebKit/537.36 (KHTML, like Gecko) Chrome/79.0.3945.130 Safari/537.36\"\n","level":"info"}
{"message":"::1 - - [07/Feb/2020:07:49:00 +0000] \"OPTIONS /pgcollection/v1/news/fetchNews HTTP/1.1\" 204 0 \"http://localhost:3000/Home\" \"Mozilla/5.0 (Windows NT 10.0; Win64; x64) AppleWebKit/537.36 (KHTML, like Gecko) Chrome/79.0.3945.130 Safari/537.36\"\n","level":"info"}
{"message":"::1 - - [07/Feb/2020:07:49:00 +0000] \"GET /pgcollection/v1/news/fetchNews HTTP/1.1\" 304 - \"http://localhost:3000/Home\" \"Mozilla/5.0 (Windows NT 10.0; Win64; x64) AppleWebKit/537.36 (KHTML, like Gecko) Chrome/79.0.3945.130 Safari/537.36\"\n","level":"info"}
{"message":"::1 - - [07/Feb/2020:07:49:00 +0000] \"GET /api/v1/news/country/in/category/Business/page/1 HTTP/1.1\" 304 - \"http://localhost:3000/Home\" \"Mozilla/5.0 (Windows NT 10.0; Win64; x64) AppleWebKit/537.36 (KHTML, like Gecko) Chrome/79.0.3945.130 Safari/537.36\"\n","level":"info"}
{"message":"::1 - - [07/Feb/2020:07:49:00 +0000] \"OPTIONS /api/userdetails/fetch HTTP/1.1\" 204 0 \"http://localhost:3000/Home\" \"Mozilla/5.0 (Windows NT 10.0; Win64; x64) AppleWebKit/537.36 (KHTML, like Gecko) Chrome/79.0.3945.130 Safari/537.36\"\n","level":"info"}
{"message":"::1 - - [07/Feb/2020:07:49:01 +0000] \"GET /api/userdetails/fetch HTTP/1.1\" 304 - \"http://localhost:3000/Home\" \"Mozilla/5.0 (Windows NT 10.0; Win64; x64) AppleWebKit/537.36 (KHTML, like Gecko) Chrome/79.0.3945.130 Safari/537.36\"\n","level":"info"}
{"message":"::1 - - [07/Feb/2020:07:49:01 +0000] \"GET /api/v1/news/country/in/category/Business/page/1 HTTP/1.1\" 304 - \"http://localhost:3000/Home\" \"Mozilla/5.0 (Windows NT 10.0; Win64; x64) AppleWebKit/537.36 (KHTML, like Gecko) Chrome/79.0.3945.130 Safari/537.36\"\n","level":"info"}
{"message":"::1 - - [07/Feb/2020:07:49:01 +0000] \"GET /api/userdetails/fetch HTTP/1.1\" 304 - \"http://localhost:3000/Home\" \"Mozilla/5.0 (Windows NT 10.0; Win64; x64) AppleWebKit/537.36 (KHTML, like Gecko) Chrome/79.0.3945.130 Safari/537.36\"\n","level":"info"}
{"message":"::1 - - [07/Feb/2020:07:52:05 +0000] \"OPTIONS /api/v1/news/country/in/category/Business/page/1 HTTP/1.1\" 204 0 \"http://localhost:3000/Home\" \"Mozilla/5.0 (Windows NT 10.0; Win64; x64) AppleWebKit/537.36 (KHTML, like Gecko) Chrome/79.0.3945.130 Safari/537.36\"\n","level":"info"}
{"message":"::1 - - [07/Feb/2020:07:52:05 +0000] \"OPTIONS /api/v1/news/country/in/category/Business/page/1 HTTP/1.1\" 204 0 \"http://localhost:3000/Home\" \"Mozilla/5.0 (Windows NT 10.0; Win64; x64) AppleWebKit/537.36 (KHTML, like Gecko) Chrome/79.0.3945.130 Safari/537.36\"\n","level":"info"}
{"message":"::1 - - [07/Feb/2020:07:52:06 +0000] \"GET /api/v1/news/country/in/category/Business/page/1 HTTP/1.1\" 304 - \"http://localhost:3000/Home\" \"Mozilla/5.0 (Windows NT 10.0; Win64; x64) AppleWebKit/537.36 (KHTML, like Gecko) Chrome/79.0.3945.130 Safari/537.36\"\n","level":"info"}
{"message":"::1 - - [07/Feb/2020:07:52:06 +0000] \"OPTIONS /api/userdetails/fetch HTTP/1.1\" 204 0 \"http://localhost:3000/Home\" \"Mozilla/5.0 (Windows NT 10.0; Win64; x64) AppleWebKit/537.36 (KHTML, like Gecko) Chrome/79.0.3945.130 Safari/537.36\"\n","level":"info"}
{"message":"::1 - - [07/Feb/2020:07:52:07 +0000] \"GET /api/userdetails/fetch HTTP/1.1\" 304 - \"http://localhost:3000/Home\" \"Mozilla/5.0 (Windows NT 10.0; Win64; x64) AppleWebKit/537.36 (KHTML, like Gecko) Chrome/79.0.3945.130 Safari/537.36\"\n","level":"info"}
{"message":"::1 - - [07/Feb/2020:07:52:07 +0000] \"GET /api/v1/news/country/in/category/Business/page/1 HTTP/1.1\" 304 - \"http://localhost:3000/Home\" \"Mozilla/5.0 (Windows NT 10.0; Win64; x64) AppleWebKit/537.36 (KHTML, like Gecko) Chrome/79.0.3945.130 Safari/537.36\"\n","level":"info"}
{"message":"::1 - - [07/Feb/2020:07:52:07 +0000] \"OPTIONS /pgcollection/v1/news/fetchNews HTTP/1.1\" 204 0 \"http://localhost:3000/Home\" \"Mozilla/5.0 (Windows NT 10.0; Win64; x64) AppleWebKit/537.36 (KHTML, like Gecko) Chrome/79.0.3945.130 Safari/537.36\"\n","level":"info"}
{"message":"::1 - - [07/Feb/2020:07:52:07 +0000] \"GET /pgcollection/v1/news/fetchNews HTTP/1.1\" 304 - \"http://localhost:3000/Home\" \"Mozilla/5.0 (Windows NT 10.0; Win64; x64) AppleWebKit/537.36 (KHTML, like Gecko) Chrome/79.0.3945.130 Safari/537.36\"\n","level":"info"}
{"message":"::1 - - [07/Feb/2020:07:52:07 +0000] \"GET /api/userdetails/fetch HTTP/1.1\" 304 - \"http://localhost:3000/Home\" \"Mozilla/5.0 (Windows NT 10.0; Win64; x64) AppleWebKit/537.36 (KHTML, like Gecko) Chrome/79.0.3945.130 Safari/537.36\"\n","level":"info"}
{"message":"::1 - - [07/Feb/2020:07:52:41 +0000] \"OPTIONS /api/v1/news/country/in/category/Business/page/1 HTTP/1.1\" 204 0 \"http://localhost:3000/Home\" \"Mozilla/5.0 (Windows NT 10.0; Win64; x64) AppleWebKit/537.36 (KHTML, like Gecko) Chrome/79.0.3945.130 Safari/537.36\"\n","level":"info"}
{"message":"::1 - - [07/Feb/2020:07:52:42 +0000] \"GET /api/v1/news/country/in/category/Business/page/1 HTTP/1.1\" 304 - \"http://localhost:3000/Home\" \"Mozilla/5.0 (Windows NT 10.0; Win64; x64) AppleWebKit/537.36 (KHTML, like Gecko) Chrome/79.0.3945.130 Safari/537.36\"\n","level":"info"}
{"message":"::1 - - [07/Feb/2020:07:52:42 +0000] \"OPTIONS /api/userdetails/fetch HTTP/1.1\" 204 0 \"http://localhost:3000/Home\" \"Mozilla/5.0 (Windows NT 10.0; Win64; x64) AppleWebKit/537.36 (KHTML, like Gecko) Chrome/79.0.3945.130 Safari/537.36\"\n","level":"info"}
{"message":"::1 - - [07/Feb/2020:07:52:42 +0000] \"GET /api/userdetails/fetch HTTP/1.1\" 304 - \"http://localhost:3000/Home\" \"Mozilla/5.0 (Windows NT 10.0; Win64; x64) AppleWebKit/537.36 (KHTML, like Gecko) Chrome/79.0.3945.130 Safari/537.36\"\n","level":"info"}
{"message":"::1 - - [07/Feb/2020:07:52:50 +0000] \"OPTIONS /pgcollection/v1/news/fetchNews HTTP/1.1\" 204 0 \"http://localhost:3000/Home\" \"Mozilla/5.0 (Windows NT 10.0; Win64; x64) AppleWebKit/537.36 (KHTML, like Gecko) Chrome/79.0.3945.130 Safari/537.36\"\n","level":"info"}
{"message":"::1 - - [07/Feb/2020:07:52:50 +0000] \"GET /pgcollection/v1/news/fetchNews HTTP/1.1\" 304 - \"http://localhost:3000/Home\" \"Mozilla/5.0 (Windows NT 10.0; Win64; x64) AppleWebKit/537.36 (KHTML, like Gecko) Chrome/79.0.3945.130 Safari/537.36\"\n","level":"info"}
{"message":"::1 - - [07/Feb/2020:07:53:33 +0000] \"OPTIONS /api/v1/news/country/in/category/Business/page/1 HTTP/1.1\" 204 0 \"http://localhost:3000/Home\" \"Mozilla/5.0 (Windows NT 10.0; Win64; x64) AppleWebKit/537.36 (KHTML, like Gecko) Chrome/79.0.3945.130 Safari/537.36\"\n","level":"info"}
{"message":"::1 - - [07/Feb/2020:07:53:33 +0000] \"OPTIONS /api/v1/news/country/in/category/Business/page/1 HTTP/1.1\" 204 0 \"http://localhost:3000/Home\" \"Mozilla/5.0 (Windows NT 10.0; Win64; x64) AppleWebKit/537.36 (KHTML, like Gecko) Chrome/79.0.3945.130 Safari/537.36\"\n","level":"info"}
{"message":"::1 - - [07/Feb/2020:07:53:34 +0000] \"GET /api/v1/news/country/in/category/Business/page/1 HTTP/1.1\" 304 - \"http://localhost:3000/Home\" \"Mozilla/5.0 (Windows NT 10.0; Win64; x64) AppleWebKit/537.36 (KHTML, like Gecko) Chrome/79.0.3945.130 Safari/537.36\"\n","level":"info"}
{"message":"::1 - - [07/Feb/2020:07:53:34 +0000] \"OPTIONS /api/userdetails/fetch HTTP/1.1\" 204 0 \"http://localhost:3000/Home\" \"Mozilla/5.0 (Windows NT 10.0; Win64; x64) AppleWebKit/537.36 (KHTML, like Gecko) Chrome/79.0.3945.130 Safari/537.36\"\n","level":"info"}
{"message":"::1 - - [07/Feb/2020:07:53:34 +0000] \"GET /api/userdetails/fetch HTTP/1.1\" 304 - \"http://localhost:3000/Home\" \"Mozilla/5.0 (Windows NT 10.0; Win64; x64) AppleWebKit/537.36 (KHTML, like Gecko) Chrome/79.0.3945.130 Safari/537.36\"\n","level":"info"}
{"message":"::1 - - [07/Feb/2020:07:53:35 +0000] \"GET /api/v1/news/country/in/category/Business/page/1 HTTP/1.1\" 304 - \"http://localhost:3000/Home\" \"Mozilla/5.0 (Windows NT 10.0; Win64; x64) AppleWebKit/537.36 (KHTML, like Gecko) Chrome/79.0.3945.130 Safari/537.36\"\n","level":"info"}
{"message":"::1 - - [07/Feb/2020:07:53:35 +0000] \"GET /api/userdetails/fetch HTTP/1.1\" 304 - \"http://localhost:3000/Home\" \"Mozilla/5.0 (Windows NT 10.0; Win64; x64) AppleWebKit/537.36 (KHTML, like Gecko) Chrome/79.0.3945.130 Safari/537.36\"\n","level":"info"}
{"message":"::1 - - [07/Feb/2020:07:54:35 +0000] \"OPTIONS /api/v1/news/country/in/category/Business/page/1 HTTP/1.1\" 204 0 \"http://localhost:3000/Home\" \"Mozilla/5.0 (Windows NT 10.0; Win64; x64) AppleWebKit/537.36 (KHTML, like Gecko) Chrome/79.0.3945.130 Safari/537.36\"\n","level":"info"}
{"message":"::1 - - [07/Feb/2020:07:54:35 +0000] \"OPTIONS /api/v1/news/country/in/category/Business/page/1 HTTP/1.1\" 204 0 \"http://localhost:3000/Home\" \"Mozilla/5.0 (Windows NT 10.0; Win64; x64) AppleWebKit/537.36 (KHTML, like Gecko) Chrome/79.0.3945.130 Safari/537.36\"\n","level":"info"}
{"message":"::1 - - [07/Feb/2020:07:54:36 +0000] \"GET /api/v1/news/country/in/category/Business/page/1 HTTP/1.1\" 304 - \"http://localhost:3000/Home\" \"Mozilla/5.0 (Windows NT 10.0; Win64; x64) AppleWebKit/537.36 (KHTML, like Gecko) Chrome/79.0.3945.130 Safari/537.36\"\n","level":"info"}
{"message":"::1 - - [07/Feb/2020:07:54:36 +0000] \"OPTIONS /api/userdetails/fetch HTTP/1.1\" 204 0 \"http://localhost:3000/Home\" \"Mozilla/5.0 (Windows NT 10.0; Win64; x64) AppleWebKit/537.36 (KHTML, like Gecko) Chrome/79.0.3945.130 Safari/537.36\"\n","level":"info"}
{"message":"::1 - - [07/Feb/2020:07:54:36 +0000] \"GET /api/userdetails/fetch HTTP/1.1\" 304 - \"http://localhost:3000/Home\" \"Mozilla/5.0 (Windows NT 10.0; Win64; x64) AppleWebKit/537.36 (KHTML, like Gecko) Chrome/79.0.3945.130 Safari/537.36\"\n","level":"info"}
{"message":"::1 - - [07/Feb/2020:07:54:37 +0000] \"GET /api/v1/news/country/in/category/Business/page/1 HTTP/1.1\" 304 - \"http://localhost:3000/Home\" \"Mozilla/5.0 (Windows NT 10.0; Win64; x64) AppleWebKit/537.36 (KHTML, like Gecko) Chrome/79.0.3945.130 Safari/537.36\"\n","level":"info"}
{"message":"::1 - - [07/Feb/2020:07:54:37 +0000] \"GET /api/userdetails/fetch HTTP/1.1\" 304 - \"http://localhost:3000/Home\" \"Mozilla/5.0 (Windows NT 10.0; Win64; x64) AppleWebKit/537.36 (KHTML, like Gecko) Chrome/79.0.3945.130 Safari/537.36\"\n","level":"info"}
{"message":"::1 - - [07/Feb/2020:07:54:39 +0000] \"GET /api/v1/news/country/in/category/Business/page/1 HTTP/1.1\" - - \"http://localhost:3000/Home\" \"Mozilla/5.0 (Windows NT 10.0; Win64; x64) AppleWebKit/537.36 (KHTML, like Gecko) Chrome/79.0.3945.130 Safari/537.36\"\n","level":"info"}
{"message":"::1 - - [07/Feb/2020:07:54:40 +0000] \"GET /api/v1/news/country/in/category/Business/page/1 HTTP/1.1\" 200 6018 \"http://localhost:3000/Home\" \"Mozilla/5.0 (Windows NT 10.0; Win64; x64) AppleWebKit/537.36 (KHTML, like Gecko) Chrome/79.0.3945.130 Safari/537.36\"\n","level":"info"}
{"message":"::1 - - [07/Feb/2020:07:54:41 +0000] \"GET /api/userdetails/fetch HTTP/1.1\" 304 - \"http://localhost:3000/Home\" \"Mozilla/5.0 (Windows NT 10.0; Win64; x64) AppleWebKit/537.36 (KHTML, like Gecko) Chrome/79.0.3945.130 Safari/537.36\"\n","level":"info"}
{"message":"::1 - - [07/Feb/2020:07:54:41 +0000] \"GET /api/v1/news/country/in/category/Business/page/1 HTTP/1.1\" 304 - \"http://localhost:3000/Home\" \"Mozilla/5.0 (Windows NT 10.0; Win64; x64) AppleWebKit/537.36 (KHTML, like Gecko) Chrome/79.0.3945.130 Safari/537.36\"\n","level":"info"}
{"message":"::1 - - [07/Feb/2020:07:54:41 +0000] \"OPTIONS /api/userdetails/fetch HTTP/1.1\" 204 0 \"http://localhost:3000/Home\" \"Mozilla/5.0 (Windows NT 10.0; Win64; x64) AppleWebKit/537.36 (KHTML, like Gecko) Chrome/79.0.3945.130 Safari/537.36\"\n","level":"info"}
{"message":"::1 - - [07/Feb/2020:07:54:42 +0000] \"GET /api/userdetails/fetch HTTP/1.1\" 304 - \"http://localhost:3000/Home\" \"Mozilla/5.0 (Windows NT 10.0; Win64; x64) AppleWebKit/537.36 (KHTML, like Gecko) Chrome/79.0.3945.130 Safari/537.36\"\n","level":"info"}
{"message":"::1 - - [07/Feb/2020:07:55:07 +0000] \"OPTIONS /api/v1/news/country/in/category/Business/page/1 HTTP/1.1\" 204 0 \"http://localhost:3000/Home\" \"Mozilla/5.0 (Windows NT 10.0; Win64; x64) AppleWebKit/537.36 (KHTML, like Gecko) Chrome/79.0.3945.130 Safari/537.36\"\n","level":"info"}
{"message":"::1 - - [07/Feb/2020:07:55:07 +0000] \"OPTIONS /api/v1/news/country/in/category/Business/page/1 HTTP/1.1\" 204 0 \"http://localhost:3000/Home\" \"Mozilla/5.0 (Windows NT 10.0; Win64; x64) AppleWebKit/537.36 (KHTML, like Gecko) Chrome/79.0.3945.130 Safari/537.36\"\n","level":"info"}
{"message":"::1 - - [07/Feb/2020:07:55:08 +0000] \"GET /api/v1/news/country/in/category/Business/page/1 HTTP/1.1\" 304 - \"http://localhost:3000/Home\" \"Mozilla/5.0 (Windows NT 10.0; Win64; x64) AppleWebKit/537.36 (KHTML, like Gecko) Chrome/79.0.3945.130 Safari/537.36\"\n","level":"info"}
{"message":"::1 - - [07/Feb/2020:07:55:08 +0000] \"OPTIONS /api/userdetails/fetch HTTP/1.1\" 204 0 \"http://localhost:3000/Home\" \"Mozilla/5.0 (Windows NT 10.0; Win64; x64) AppleWebKit/537.36 (KHTML, like Gecko) Chrome/79.0.3945.130 Safari/537.36\"\n","level":"info"}
{"message":"::1 - - [07/Feb/2020:07:55:08 +0000] \"GET /api/userdetails/fetch HTTP/1.1\" 304 - \"http://localhost:3000/Home\" \"Mozilla/5.0 (Windows NT 10.0; Win64; x64) AppleWebKit/537.36 (KHTML, like Gecko) Chrome/79.0.3945.130 Safari/537.36\"\n","level":"info"}
{"message":"::1 - - [07/Feb/2020:07:55:09 +0000] \"GET /api/v1/news/country/in/category/Business/page/1 HTTP/1.1\" 304 - \"http://localhost:3000/Home\" \"Mozilla/5.0 (Windows NT 10.0; Win64; x64) AppleWebKit/537.36 (KHTML, like Gecko) Chrome/79.0.3945.130 Safari/537.36\"\n","level":"info"}
{"message":"::1 - - [07/Feb/2020:07:55:09 +0000] \"GET /api/userdetails/fetch HTTP/1.1\" 304 - \"http://localhost:3000/Home\" \"Mozilla/5.0 (Windows NT 10.0; Win64; x64) AppleWebKit/537.36 (KHTML, like Gecko) Chrome/79.0.3945.130 Safari/537.36\"\n","level":"info"}
{"message":"::1 - - [07/Feb/2020:07:55:23 +0000] \"OPTIONS /api/v1/news/country/in/category/Business/page/1 HTTP/1.1\" 204 0 \"http://localhost:3000/Home\" \"Mozilla/5.0 (Windows NT 10.0; Win64; x64) AppleWebKit/537.36 (KHTML, like Gecko) Chrome/79.0.3945.130 Safari/537.36\"\n","level":"info"}
{"message":"::1 - - [07/Feb/2020:07:55:23 +0000] \"OPTIONS /api/v1/news/country/in/category/Business/page/1 HTTP/1.1\" 204 0 \"http://localhost:3000/Home\" \"Mozilla/5.0 (Windows NT 10.0; Win64; x64) AppleWebKit/537.36 (KHTML, like Gecko) Chrome/79.0.3945.130 Safari/537.36\"\n","level":"info"}
{"message":"::1 - - [07/Feb/2020:07:55:23 +0000] \"GET /api/v1/news/country/in/category/Business/page/1 HTTP/1.1\" 304 - \"http://localhost:3000/Home\" \"Mozilla/5.0 (Windows NT 10.0; Win64; x64) AppleWebKit/537.36 (KHTML, like Gecko) Chrome/79.0.3945.130 Safari/537.36\"\n","level":"info"}
{"message":"::1 - - [07/Feb/2020:07:55:24 +0000] \"OPTIONS /api/userdetails/fetch HTTP/1.1\" 204 0 \"http://localhost:3000/Home\" \"Mozilla/5.0 (Windows NT 10.0; Win64; x64) AppleWebKit/537.36 (KHTML, like Gecko) Chrome/79.0.3945.130 Safari/537.36\"\n","level":"info"}
{"message":"::1 - - [07/Feb/2020:07:55:24 +0000] \"GET /api/userdetails/fetch HTTP/1.1\" 304 - \"http://localhost:3000/Home\" \"Mozilla/5.0 (Windows NT 10.0; Win64; x64) AppleWebKit/537.36 (KHTML, like Gecko) Chrome/79.0.3945.130 Safari/537.36\"\n","level":"info"}
{"message":"::1 - - [07/Feb/2020:07:55:24 +0000] \"GET /api/v1/news/country/in/category/Business/page/1 HTTP/1.1\" 304 - \"http://localhost:3000/Home\" \"Mozilla/5.0 (Windows NT 10.0; Win64; x64) AppleWebKit/537.36 (KHTML, like Gecko) Chrome/79.0.3945.130 Safari/537.36\"\n","level":"info"}
{"message":"::1 - - [07/Feb/2020:07:55:25 +0000] \"GET /api/userdetails/fetch HTTP/1.1\" 304 - \"http://localhost:3000/Home\" \"Mozilla/5.0 (Windows NT 10.0; Win64; x64) AppleWebKit/537.36 (KHTML, like Gecko) Chrome/79.0.3945.130 Safari/537.36\"\n","level":"info"}
{"message":"::1 - - [07/Feb/2020:07:55:36 +0000] \"OPTIONS /api/v1/news/country/in/category/Business/page/1 HTTP/1.1\" 204 0 \"http://localhost:3000/Home\" \"Mozilla/5.0 (Windows NT 10.0; Win64; x64) AppleWebKit/537.36 (KHTML, like Gecko) Chrome/79.0.3945.130 Safari/537.36\"\n","level":"info"}
{"message":"::1 - - [07/Feb/2020:07:55:36 +0000] \"OPTIONS /api/v1/news/country/in/category/Business/page/1 HTTP/1.1\" 204 0 \"http://localhost:3000/Home\" \"Mozilla/5.0 (Windows NT 10.0; Win64; x64) AppleWebKit/537.36 (KHTML, like Gecko) Chrome/79.0.3945.130 Safari/537.36\"\n","level":"info"}
{"message":"::1 - - [07/Feb/2020:07:55:37 +0000] \"GET /api/v1/news/country/in/category/Business/page/1 HTTP/1.1\" 304 - \"http://localhost:3000/Home\" \"Mozilla/5.0 (Windows NT 10.0; Win64; x64) AppleWebKit/537.36 (KHTML, like Gecko) Chrome/79.0.3945.130 Safari/537.36\"\n","level":"info"}
{"message":"::1 - - [07/Feb/2020:07:55:37 +0000] \"OPTIONS /api/userdetails/fetch HTTP/1.1\" 204 0 \"http://localhost:3000/Home\" \"Mozilla/5.0 (Windows NT 10.0; Win64; x64) AppleWebKit/537.36 (KHTML, like Gecko) Chrome/79.0.3945.130 Safari/537.36\"\n","level":"info"}
{"message":"::1 - - [07/Feb/2020:07:55:37 +0000] \"GET /api/userdetails/fetch HTTP/1.1\" 304 - \"http://localhost:3000/Home\" \"Mozilla/5.0 (Windows NT 10.0; Win64; x64) AppleWebKit/537.36 (KHTML, like Gecko) Chrome/79.0.3945.130 Safari/537.36\"\n","level":"info"}
{"message":"::1 - - [07/Feb/2020:07:55:38 +0000] \"GET /api/v1/news/country/in/category/Business/page/1 HTTP/1.1\" 304 - \"http://localhost:3000/Home\" \"Mozilla/5.0 (Windows NT 10.0; Win64; x64) AppleWebKit/537.36 (KHTML, like Gecko) Chrome/79.0.3945.130 Safari/537.36\"\n","level":"info"}
{"message":"::1 - - [07/Feb/2020:07:55:38 +0000] \"GET /api/userdetails/fetch HTTP/1.1\" 304 - \"http://localhost:3000/Home\" \"Mozilla/5.0 (Windows NT 10.0; Win64; x64) AppleWebKit/537.36 (KHTML, like Gecko) Chrome/79.0.3945.130 Safari/537.36\"\n","level":"info"}
{"message":"::1 - - [07/Feb/2020:07:56:48 +0000] \"OPTIONS /pgcollection/v1/news/fetchNews HTTP/1.1\" 204 0 \"http://localhost:3000/Home\" \"Mozilla/5.0 (Windows NT 10.0; Win64; x64) AppleWebKit/537.36 (KHTML, like Gecko) Chrome/79.0.3945.130 Safari/537.36\"\n","level":"info"}
{"message":"::1 - - [07/Feb/2020:07:56:48 +0000] \"GET /pgcollection/v1/news/fetchNews HTTP/1.1\" 304 - \"http://localhost:3000/Home\" \"Mozilla/5.0 (Windows NT 10.0; Win64; x64) AppleWebKit/537.36 (KHTML, like Gecko) Chrome/79.0.3945.130 Safari/537.36\"\n","level":"info"}
{"message":"::1 - - [07/Feb/2020:07:56:53 +0000] \"OPTIONS /api/v1/news/country/in/category/Business/page/1 HTTP/1.1\" 204 0 \"http://localhost:3000/Home\" \"Mozilla/5.0 (Windows NT 10.0; Win64; x64) AppleWebKit/537.36 (KHTML, like Gecko) Chrome/79.0.3945.130 Safari/537.36\"\n","level":"info"}
{"message":"::1 - - [07/Feb/2020:07:56:54 +0000] \"GET /api/v1/news/country/in/category/Business/page/1 HTTP/1.1\" 304 - \"http://localhost:3000/Home\" \"Mozilla/5.0 (Windows NT 10.0; Win64; x64) AppleWebKit/537.36 (KHTML, like Gecko) Chrome/79.0.3945.130 Safari/537.36\"\n","level":"info"}
{"message":"::1 - - [07/Feb/2020:07:56:54 +0000] \"OPTIONS /api/userdetails/fetch HTTP/1.1\" 204 0 \"http://localhost:3000/Home\" \"Mozilla/5.0 (Windows NT 10.0; Win64; x64) AppleWebKit/537.36 (KHTML, like Gecko) Chrome/79.0.3945.130 Safari/537.36\"\n","level":"info"}
{"message":"::1 - - [07/Feb/2020:07:56:55 +0000] \"GET /api/userdetails/fetch HTTP/1.1\" 304 - \"http://localhost:3000/Home\" \"Mozilla/5.0 (Windows NT 10.0; Win64; x64) AppleWebKit/537.36 (KHTML, like Gecko) Chrome/79.0.3945.130 Safari/537.36\"\n","level":"info"}
